#
# There is insufficient memory for the Java Runtime Environment to continue.
# Native memory allocation (malloc) failed to allocate 2273760 bytes for Chunk::new
# Possible reasons:
#   The system is out of physical RAM or swap space
#   The process is running with CompressedOops enabled, and the Java Heap may be blocking the growth of the native heap
# Possible solutions:
#   Reduce memory load on the system
#   Increase physical memory or swap space
#   Check if swap backing store is full
#   Decrease Java heap size (-Xmx/-Xms)
#   Decrease number of Java threads
#   Decrease Java thread stack sizes (-Xss)
#   Set larger code cache with -XX:ReservedCodeCacheSize=
#   JVM is running with Zero Based Compressed Oops mode in which the Java heap is
#     placed in the first 32GB address space. The Java Heap base address is the
#     maximum limit for the native heap growth. Please use -XX:HeapBaseMinAddress
#     to set the Java Heap base and to place the Java Heap above 32GB virtual address.
# This output file may be truncated or incomplete.
#
#  Out of Memory Error (arena.cpp:168), pid=22116, tid=22720
#
# JRE version: OpenJDK Runtime Environment (21.0.2+13) (build 21.0.2+13-58)
# Java VM: OpenJDK 64-Bit Server VM (21.0.2+13-58, mixed mode, sharing, tiered, compressed oops, compressed class ptrs, g1 gc, windows-amd64)
# No core dump will be written. Minidumps are not enabled by default on client versions of Windows
#

---------------  S U M M A R Y ------------

Command Line: --enable-native-access=ALL-UNNAMED -Dclassworlds.conf=C:\Program Files\apache-maven-3.9.12\bin\m2.conf -Dmaven.home=C:\Program Files\apache-maven-3.9.12 -Dlibrary.jansi.path=C:\Program Files\apache-maven-3.9.12\lib\jansi-native -Dmaven.multiModuleProjectDirectory=D:\be_sme org.codehaus.plexus.classworlds.launcher.Launcher -q -DskipTests compile

Host: 11th Gen Intel(R) Core(TM) i7-11800H @ 2.30GHz, 16 cores, 15G,  Windows 11 , 64 bit Build 26100 (10.0.26100.7920)
Time: Fri Apr 10 17:28:47 2026 SE Asia Standard Time elapsed time: 13.996176 seconds (0d 0h 0m 13s)

---------------  T H R E A D  ---------------

Current thread (0x000001d9810a9c90):  JavaThread "C2 CompilerThread3" daemon [_thread_in_native, id=22720, stack(0x0000007e8e200000,0x0000007e8e300000) (1024K)]


Current CompileTask:
C2:  13996 10278       4       lombok.javac.apt.LombokProcessor::process (517 bytes)

Stack: [0x0000007e8e200000,0x0000007e8e300000]
Native frames: (J=compiled Java code, j=interpreted, Vv=VM code, C=native code)
V  [jvm.dll+0x6cade9]
V  [jvm.dll+0x8569c1]
V  [jvm.dll+0x858d2e]
V  [jvm.dll+0x859413]
V  [jvm.dll+0x280e56]
V  [jvm.dll+0xc3f3d]
V  [jvm.dll+0xc4473]
V  [jvm.dll+0x3b5c2c]
V  [jvm.dll+0x382855]
V  [jvm.dll+0x381cca]
V  [jvm.dll+0x249bd0]
V  [jvm.dll+0x2491b1]
V  [jvm.dll+0x1c9634]
V  [jvm.dll+0x258859]
V  [jvm.dll+0x256e3a]
V  [jvm.dll+0x3ef6c6]
V  [jvm.dll+0x7ff568]
V  [jvm.dll+0x6c953d]
C  [ucrtbase.dll+0x37b0]
C  [KERNEL32.DLL+0x2e8d7]
C  [ntdll.dll+0x8c48c]


---------------  P R O C E S S  ---------------

Threads class SMR info:
_java_thread_list=0x000001d9811a6670, length=21, elements={
0x000001d998121fd0, 0x000001d9b9e6a370, 0x000001d9b9e6ced0, 0x000001d9b9e73d50,
0x000001d9b9e77180, 0x000001d9b9e79b20, 0x000001d9b9e7f900, 0x000001d9b9e7ddb0,
0x000001d9b9e87a80, 0x000001d9b9e88ef0, 0x000001d9ff1adbf0, 0x000001d9ff1b0d40,
0x000001d9b9e88820, 0x000001d9b9e88150, 0x000001d9810ab100, 0x000001d9810ad310,
0x000001d9810a9c90, 0x000001d9810ac570, 0x000001d9810ad9e0, 0x000001d9810aa360,
0x000001d9810ae0b0
}

Java Threads: ( => current thread )
  0x000001d998121fd0 JavaThread "main"                              [_thread_blocked, id=25304, stack(0x0000007e8cb00000,0x0000007e8cc00000) (1024K)]
  0x000001d9b9e6a370 JavaThread "Reference Handler"          daemon [_thread_blocked, id=20588, stack(0x0000007e8d300000,0x0000007e8d400000) (1024K)]
  0x000001d9b9e6ced0 JavaThread "Finalizer"                  daemon [_thread_blocked, id=9992, stack(0x0000007e8d400000,0x0000007e8d500000) (1024K)]
  0x000001d9b9e73d50 JavaThread "Signal Dispatcher"          daemon [_thread_blocked, id=12804, stack(0x0000007e8d500000,0x0000007e8d600000) (1024K)]
  0x000001d9b9e77180 JavaThread "Attach Listener"            daemon [_thread_blocked, id=14592, stack(0x0000007e8d600000,0x0000007e8d700000) (1024K)]
  0x000001d9b9e79b20 JavaThread "Service Thread"             daemon [_thread_blocked, id=5908, stack(0x0000007e8d700000,0x0000007e8d800000) (1024K)]
  0x000001d9b9e7f900 JavaThread "Monitor Deflation Thread"   daemon [_thread_blocked, id=1584, stack(0x0000007e8d800000,0x0000007e8d900000) (1024K)]
  0x000001d9b9e7ddb0 JavaThread "C2 CompilerThread0"         daemon [_thread_blocked, id=3624, stack(0x0000007e8d900000,0x0000007e8da00000) (1024K)]
  0x000001d9b9e87a80 JavaThread "C1 CompilerThread0"         daemon [_thread_blocked, id=3460, stack(0x0000007e8da00000,0x0000007e8db00000) (1024K)]
  0x000001d9b9e88ef0 JavaThread "C1 CompilerThread1"         daemon [_thread_blocked, id=16720, stack(0x0000007e8db00000,0x0000007e8dc00000) (1024K)]
  0x000001d9ff1adbf0 JavaThread "Notification Thread"        daemon [_thread_blocked, id=26900, stack(0x0000007e8dc00000,0x0000007e8dd00000) (1024K)]
  0x000001d9ff1b0d40 JavaThread "Common-Cleaner"             daemon [_thread_blocked, id=14868, stack(0x0000007e8dd00000,0x0000007e8de00000) (1024K)]
  0x000001d9b9e88820 JavaThread "C1 CompilerThread2"         daemon [_thread_blocked, id=22888, stack(0x0000007e8de00000,0x0000007e8df00000) (1024K)]
  0x000001d9b9e88150 JavaThread "C1 CompilerThread3"         daemon [_thread_blocked, id=23592, stack(0x0000007e8df00000,0x0000007e8e000000) (1024K)]
  0x000001d9810ab100 JavaThread "C2 CompilerThread1"         daemon [_thread_in_native, id=27344, stack(0x0000007e8e000000,0x0000007e8e100000) (1024K)]
  0x000001d9810ad310 JavaThread "C2 CompilerThread2"         daemon [_thread_blocked, id=26380, stack(0x0000007e8e100000,0x0000007e8e200000) (1024K)]
=>0x000001d9810a9c90 JavaThread "C2 CompilerThread3"         daemon [_thread_in_native, id=22720, stack(0x0000007e8e200000,0x0000007e8e300000) (1024K)]
  0x000001d9810ac570 JavaThread "C2 CompilerThread4"         daemon [_thread_blocked, id=19476, stack(0x0000007e8e300000,0x0000007e8e400000) (1024K)]
  0x000001d9810ad9e0 JavaThread "C2 CompilerThread5"         daemon [_thread_blocked, id=19244, stack(0x0000007e8f200000,0x0000007e8f300000) (1024K)]
  0x000001d9810aa360 JavaThread "C2 CompilerThread6"         daemon [_thread_in_native, id=15804, stack(0x0000007e8f300000,0x0000007e8f400000) (1024K)]
  0x000001d9810ae0b0 JavaThread "C2 CompilerThread7"         daemon [_thread_blocked, id=22312, stack(0x0000007e8f400000,0x0000007e8f500000) (1024K)]
Total: 21

Other Threads:
  0x000001d9b9e46c90 VMThread "VM Thread"                           [id=21952, stack(0x0000007e8d200000,0x0000007e8d300000) (1024K)] _threads_hazard_ptr=0x000001d9811a6670
  0x000001d9b9e2e3d0 WatcherThread "VM Periodic Task Thread"        [id=6384, stack(0x0000007e8d100000,0x0000007e8d200000) (1024K)]
  0x000001d998582060 WorkerThread "GC Thread#0"                     [id=7784, stack(0x0000007e8cc00000,0x0000007e8cd00000) (1024K)]
  0x000001d98011d650 WorkerThread "GC Thread#1"                     [id=2380, stack(0x0000007e8e400000,0x0000007e8e500000) (1024K)]
  0x000001d9801e8c10 WorkerThread "GC Thread#2"                     [id=16788, stack(0x0000007e8e500000,0x0000007e8e600000) (1024K)]
  0x000001d9800e1e20 WorkerThread "GC Thread#3"                     [id=5052, stack(0x0000007e8e600000,0x0000007e8e700000) (1024K)]
  0x000001d9800e25d0 WorkerThread "GC Thread#4"                     [id=18636, stack(0x0000007e8e700000,0x0000007e8e800000) (1024K)]
  0x000001d98016b8d0 WorkerThread "GC Thread#5"                     [id=21688, stack(0x0000007e8e800000,0x0000007e8e900000) (1024K)]
  0x000001d9805d9000 WorkerThread "GC Thread#6"                     [id=22272, stack(0x0000007e8e900000,0x0000007e8ea00000) (1024K)]
  0x000001d9805d93a0 WorkerThread "GC Thread#7"                     [id=18196, stack(0x0000007e8ea00000,0x0000007e8eb00000) (1024K)]
  0x000001d9805ac670 WorkerThread "GC Thread#8"                     [id=20984, stack(0x0000007e8ec00000,0x0000007e8ed00000) (1024K)]
  0x000001d9805ab0b0 WorkerThread "GC Thread#9"                     [id=1436, stack(0x0000007e8ed00000,0x0000007e8ee00000) (1024K)]
  0x000001d9805ab450 WorkerThread "GC Thread#10"                    [id=14196, stack(0x0000007e8ee00000,0x0000007e8ef00000) (1024K)]
  0x000001d9801014e0 WorkerThread "GC Thread#11"                    [id=26784, stack(0x0000007e8ef00000,0x0000007e8f000000) (1024K)]
  0x000001d980103920 WorkerThread "GC Thread#12"                    [id=18484, stack(0x0000007e8f000000,0x0000007e8f100000) (1024K)]
  0x000001d998592c00 ConcurrentGCThread "G1 Main Marker"            [id=19392, stack(0x0000007e8cd00000,0x0000007e8ce00000) (1024K)]
  0x000001d998594580 WorkerThread "G1 Conc#0"                       [id=2764, stack(0x0000007e8ce00000,0x0000007e8cf00000) (1024K)]
  0x000001d980103580 WorkerThread "G1 Conc#1"                       [id=10920, stack(0x0000007e8eb00000,0x0000007e8ec00000) (1024K)]
  0x000001d9801031e0 WorkerThread "G1 Conc#2"                       [id=16084, stack(0x0000007e8f100000,0x0000007e8f200000) (1024K)]
  0x000001d9b9cfefc0 ConcurrentGCThread "G1 Refine#0"               [id=25484, stack(0x0000007e8cf00000,0x0000007e8d000000) (1024K)]
  0x000001d9b9d009e0 ConcurrentGCThread "G1 Service"                [id=14940, stack(0x0000007e8d000000,0x0000007e8d100000) (1024K)]
Total: 21

Threads with active compile tasks:
C2 CompilerThread0    14023 10387   !   4       com.sun.tools.javac.code.TypeAnnotations$TypeAnnotationPositions::visitMethodDef (392 bytes)
C2 CompilerThread1    14023 10089   !   4       com.sun.tools.javac.comp.MemberEnter::visitVarDef (594 bytes)
C2 CompilerThread2    14023 10252       4       java.util.stream.MatchOps$MatchOp::evaluateSequential (7 bytes)
C2 CompilerThread3    14023 10278       4       lombok.javac.apt.LombokProcessor::process (517 bytes)
C2 CompilerThread4    14023 10351       4       com.sun.tools.javac.comp.Attr$TypeAnnotationsValidator::visitVarDef (71 bytes)
C2 CompilerThread5    14023 10341       4       com.sun.tools.javac.code.TypeAnnotations$TypeAnnotationPositions::visitVarDef (465 bytes)
C2 CompilerThread6    14023 10243       4       com.sun.tools.javac.comp.Annotate::annotateNow (637 bytes)
C2 CompilerThread7    14023 10258       4       com.sun.tools.javac.comp.Check::validateAnnotation (835 bytes)
Total: 8

VM state: synchronizing (normal execution)

VM Mutex/Monitor currently owned by a thread:  ([mutex/lock_event])
[0x00007fff3ed2cd68] Threads_lock - owner thread: 0x000001d9b9e46c90

Heap address: 0x0000000704400000, size: 4028 MB, Compressed Oops mode: Zero based, Oop shift amount: 3

CDS archive(s) mapped at: [0x000001d9ba000000-0x000001d9bac90000-0x000001d9bac90000), size 13172736, SharedBaseAddress: 0x000001d9ba000000, ArchiveRelocationMode: 1.
Compressed class space mapped at: 0x000001d9bb000000-0x000001d9fb000000, reserved size: 1073741824
Narrow klass base: 0x000001d9ba000000, Narrow klass shift: 0, Narrow klass range: 0x100000000

GC Precious Log:
 CardTable entry size: 512
 Card Set container configuration: InlinePtr #cards 4 size 8 Array Of Cards #cards 16 size 48 Howl #buckets 8 coarsen threshold 3686 Howl Bitmap #cards 512 size 80 coarsen threshold 460 Card regions per heap region 1 cards per card region 4096
 CPUs: 16 total, 16 available
 Memory: 16107M
 Large Page Support: Disabled
 NUMA Support: Disabled
 Compressed Oops: Enabled (Zero based)
 Heap Region Size: 2M
 Heap Min Capacity: 8M
 Heap Initial Capacity: 252M
 Heap Max Capacity: 4028M
 Pre-touch: Disabled
 Parallel Workers: 13
 Concurrent Workers: 3
 Concurrent Refinement Workers: 13
 Periodic GC: Disabled

Heap:
 garbage-first heap   total 358400K, used 111804K [0x0000000704400000, 0x0000000800000000)
  region size 2048K, 12 young (24576K), 6 survivors (12288K)
 Metaspace       used 31339K, committed 31872K, reserved 1114112K
  class space    used 3407K, committed 3648K, reserved 1048576K

Heap Regions: E=young(eden), S=young(survivor), O=old, HS=humongous(starts), HC=humongous(continues), CS=collection set, F=free, TAMS=top-at-mark-start, PB=parsable bottom
|   0|0x0000000704400000, 0x0000000704600000, 0x0000000704600000|100%| O|  |TAMS 0x0000000704400000| PB 0x0000000704400000| Untracked 
|   1|0x0000000704600000, 0x0000000704800000, 0x0000000704800000|100%| O|  |TAMS 0x0000000704600000| PB 0x0000000704600000| Untracked 
|   2|0x0000000704800000, 0x0000000704a00000, 0x0000000704a00000|100%| O|  |TAMS 0x0000000704800000| PB 0x0000000704800000| Untracked 
|   3|0x0000000704a00000, 0x0000000704c00000, 0x0000000704c00000|100%| O|  |TAMS 0x0000000704a00000| PB 0x0000000704a00000| Untracked 
|   4|0x0000000704c00000, 0x0000000704e00000, 0x0000000704e00000|100%| O|  |TAMS 0x0000000704c00000| PB 0x0000000704c00000| Untracked 
|   5|0x0000000704e00000, 0x0000000705000000, 0x0000000705000000|100%| O|  |TAMS 0x0000000704e00000| PB 0x0000000704e00000| Untracked 
|   6|0x0000000705000000, 0x0000000705200000, 0x0000000705200000|100%| O|  |TAMS 0x0000000705000000| PB 0x0000000705000000| Untracked 
|   7|0x0000000705200000, 0x0000000705400000, 0x0000000705400000|100%| O|  |TAMS 0x0000000705200000| PB 0x0000000705200000| Untracked 
|   8|0x0000000705400000, 0x0000000705600000, 0x0000000705600000|100%| O|  |TAMS 0x0000000705400000| PB 0x0000000705400000| Untracked 
|   9|0x0000000705600000, 0x0000000705800000, 0x0000000705800000|100%| O|  |TAMS 0x0000000705600000| PB 0x0000000705600000| Untracked 
|  10|0x0000000705800000, 0x0000000705a00000, 0x0000000705a00000|100%| O|  |TAMS 0x0000000705800000| PB 0x0000000705800000| Untracked 
|  11|0x0000000705a00000, 0x0000000705c00000, 0x0000000705c00000|100%| O|  |TAMS 0x0000000705a00000| PB 0x0000000705a00000| Untracked 
|  12|0x0000000705c00000, 0x0000000705e00000, 0x0000000705e00000|100%| O|  |TAMS 0x0000000705c00000| PB 0x0000000705c00000| Untracked 
|  13|0x0000000705e00000, 0x0000000706000000, 0x0000000706000000|100%| O|  |TAMS 0x0000000705e00000| PB 0x0000000705e00000| Untracked 
|  14|0x0000000706000000, 0x0000000706200000, 0x0000000706200000|100%| O|  |TAMS 0x0000000706000000| PB 0x0000000706000000| Untracked 
|  15|0x0000000706200000, 0x0000000706400000, 0x0000000706400000|100%|HS|  |TAMS 0x0000000706200000| PB 0x0000000706200000| Complete 
|  16|0x0000000706400000, 0x0000000706600000, 0x0000000706600000|100%| O|  |TAMS 0x0000000706400000| PB 0x0000000706400000| Untracked 
|  17|0x0000000706600000, 0x0000000706800000, 0x0000000706800000|100%| O|  |TAMS 0x0000000706600000| PB 0x0000000706600000| Untracked 
|  18|0x0000000706800000, 0x0000000706a00000, 0x0000000706a00000|100%| O|  |TAMS 0x0000000706800000| PB 0x0000000706800000| Untracked 
|  19|0x0000000706a00000, 0x0000000706c00000, 0x0000000706c00000|100%| O|  |TAMS 0x0000000706a00000| PB 0x0000000706a00000| Untracked 
|  20|0x0000000706c00000, 0x0000000706e00000, 0x0000000706e00000|100%| O|  |TAMS 0x0000000706c00000| PB 0x0000000706c00000| Untracked 
|  21|0x0000000706e00000, 0x0000000707000000, 0x0000000707000000|100%| O|  |TAMS 0x0000000706e00000| PB 0x0000000706e00000| Untracked 
|  22|0x0000000707000000, 0x0000000707200000, 0x0000000707200000|100%| O|  |TAMS 0x0000000707000000| PB 0x0000000707000000| Untracked 
|  23|0x0000000707200000, 0x0000000707400000, 0x0000000707400000|100%| O|  |TAMS 0x0000000707200000| PB 0x0000000707200000| Untracked 
|  24|0x0000000707400000, 0x0000000707600000, 0x0000000707600000|100%| O|  |TAMS 0x0000000707400000| PB 0x0000000707400000| Untracked 
|  25|0x0000000707600000, 0x0000000707800000, 0x0000000707800000|100%| O|  |TAMS 0x0000000707600000| PB 0x0000000707600000| Untracked 
|  26|0x0000000707800000, 0x0000000707a00000, 0x0000000707a00000|100%|HS|  |TAMS 0x0000000707800000| PB 0x0000000707800000| Complete 
|  27|0x0000000707a00000, 0x0000000707c00000, 0x0000000707c00000|100%| O|  |TAMS 0x0000000707a00000| PB 0x0000000707a00000| Untracked 
|  28|0x0000000707c00000, 0x0000000707e00000, 0x0000000707e00000|100%| O|  |TAMS 0x0000000707c00000| PB 0x0000000707c00000| Untracked 
|  29|0x0000000707e00000, 0x0000000708000000, 0x0000000708000000|100%| O|  |TAMS 0x0000000707e00000| PB 0x0000000707e00000| Untracked 
|  30|0x0000000708000000, 0x0000000708200000, 0x0000000708200000|100%| O|  |TAMS 0x0000000708000000| PB 0x0000000708000000| Untracked 
|  31|0x0000000708200000, 0x0000000708400000, 0x0000000708400000|100%| O|  |TAMS 0x0000000708200000| PB 0x0000000708200000| Untracked 
|  32|0x0000000708400000, 0x0000000708481738, 0x0000000708600000| 25%| O|  |TAMS 0x0000000708400000| PB 0x0000000708400000| Untracked 
|  33|0x0000000708600000, 0x0000000708600000, 0x0000000708800000|  0%| F|  |TAMS 0x0000000708600000| PB 0x0000000708600000| Untracked 
|  34|0x0000000708800000, 0x0000000708800000, 0x0000000708a00000|  0%| F|  |TAMS 0x0000000708800000| PB 0x0000000708800000| Untracked 
|  35|0x0000000708a00000, 0x0000000708a00000, 0x0000000708c00000|  0%| F|  |TAMS 0x0000000708a00000| PB 0x0000000708a00000| Untracked 
|  36|0x0000000708c00000, 0x0000000708c00000, 0x0000000708e00000|  0%| F|  |TAMS 0x0000000708c00000| PB 0x0000000708c00000| Untracked 
|  37|0x0000000708e00000, 0x0000000708e00000, 0x0000000709000000|  0%| F|  |TAMS 0x0000000708e00000| PB 0x0000000708e00000| Untracked 
|  38|0x0000000709000000, 0x0000000709000000, 0x0000000709200000|  0%| F|  |TAMS 0x0000000709000000| PB 0x0000000709000000| Untracked 
|  39|0x0000000709200000, 0x0000000709200000, 0x0000000709400000|  0%| F|  |TAMS 0x0000000709200000| PB 0x0000000709200000| Untracked 
|  40|0x0000000709400000, 0x0000000709400000, 0x0000000709600000|  0%| F|  |TAMS 0x0000000709400000| PB 0x0000000709400000| Untracked 
|  41|0x0000000709600000, 0x0000000709600000, 0x0000000709800000|  0%| F|  |TAMS 0x0000000709600000| PB 0x0000000709600000| Untracked 
|  42|0x0000000709800000, 0x0000000709a00000, 0x0000000709a00000|100%| O|  |TAMS 0x0000000709800000| PB 0x0000000709800000| Untracked 
|  43|0x0000000709a00000, 0x0000000709a00000, 0x0000000709c00000|  0%| F|  |TAMS 0x0000000709a00000| PB 0x0000000709a00000| Untracked 
|  44|0x0000000709c00000, 0x0000000709c00000, 0x0000000709e00000|  0%| F|  |TAMS 0x0000000709c00000| PB 0x0000000709c00000| Untracked 
|  45|0x0000000709e00000, 0x0000000709e00000, 0x000000070a000000|  0%| F|  |TAMS 0x0000000709e00000| PB 0x0000000709e00000| Untracked 
|  46|0x000000070a000000, 0x000000070a000000, 0x000000070a200000|  0%| F|  |TAMS 0x000000070a000000| PB 0x000000070a000000| Untracked 
|  47|0x000000070a200000, 0x000000070a200000, 0x000000070a400000|  0%| F|  |TAMS 0x000000070a200000| PB 0x000000070a200000| Untracked 
|  48|0x000000070a400000, 0x000000070a400000, 0x000000070a600000|  0%| F|  |TAMS 0x000000070a400000| PB 0x000000070a400000| Untracked 
|  49|0x000000070a600000, 0x000000070a600000, 0x000000070a800000|  0%| F|  |TAMS 0x000000070a600000| PB 0x000000070a600000| Untracked 
|  50|0x000000070a800000, 0x000000070a800000, 0x000000070aa00000|  0%| F|  |TAMS 0x000000070a800000| PB 0x000000070a800000| Untracked 
|  51|0x000000070aa00000, 0x000000070aa00000, 0x000000070ac00000|  0%| F|  |TAMS 0x000000070aa00000| PB 0x000000070aa00000| Untracked 
|  52|0x000000070ac00000, 0x000000070ac00000, 0x000000070ae00000|  0%| F|  |TAMS 0x000000070ac00000| PB 0x000000070ac00000| Untracked 
|  53|0x000000070ae00000, 0x000000070aeadc88, 0x000000070b000000| 33%| S|CS|TAMS 0x000000070ae00000| PB 0x000000070ae00000| Complete 
|  54|0x000000070b000000, 0x000000070b000000, 0x000000070b200000|  0%| F|  |TAMS 0x000000070b000000| PB 0x000000070b000000| Untracked 
|  55|0x000000070b200000, 0x000000070b200000, 0x000000070b400000|  0%| F|  |TAMS 0x000000070b200000| PB 0x000000070b200000| Untracked 
|  56|0x000000070b400000, 0x000000070b400000, 0x000000070b600000|  0%| F|  |TAMS 0x000000070b400000| PB 0x000000070b400000| Untracked 
|  57|0x000000070b600000, 0x000000070b600000, 0x000000070b800000|  0%| F|  |TAMS 0x000000070b600000| PB 0x000000070b600000| Untracked 
|  58|0x000000070b800000, 0x000000070b800000, 0x000000070ba00000|  0%| F|  |TAMS 0x000000070b800000| PB 0x000000070b800000| Untracked 
|  59|0x000000070ba00000, 0x000000070bc00000, 0x000000070bc00000|100%| S|CS|TAMS 0x000000070ba00000| PB 0x000000070ba00000| Complete 
|  60|0x000000070bc00000, 0x000000070be00000, 0x000000070be00000|100%| S|CS|TAMS 0x000000070bc00000| PB 0x000000070bc00000| Complete 
|  61|0x000000070be00000, 0x000000070c000000, 0x000000070c000000|100%| S|CS|TAMS 0x000000070be00000| PB 0x000000070be00000| Complete 
|  62|0x000000070c000000, 0x000000070c200000, 0x000000070c200000|100%| S|CS|TAMS 0x000000070c000000| PB 0x000000070c000000| Complete 
|  63|0x000000070c200000, 0x000000070c400000, 0x000000070c400000|100%| O|  |TAMS 0x000000070c200000| PB 0x000000070c200000| Untracked 
|  64|0x000000070c400000, 0x000000070c600000, 0x000000070c600000|100%| O|  |TAMS 0x000000070c400000| PB 0x000000070c400000| Untracked 
|  65|0x000000070c600000, 0x000000070c800000, 0x000000070c800000|100%| O|  |TAMS 0x000000070c600000| PB 0x000000070c600000| Untracked 
|  66|0x000000070c800000, 0x000000070ca00000, 0x000000070ca00000|100%| O|  |TAMS 0x000000070c800000| PB 0x000000070c800000| Untracked 
|  67|0x000000070ca00000, 0x000000070cc00000, 0x000000070cc00000|100%| O|  |TAMS 0x000000070ca00000| PB 0x000000070ca00000| Untracked 
|  68|0x000000070cc00000, 0x000000070ce00000, 0x000000070ce00000|100%| S|CS|TAMS 0x000000070cc00000| PB 0x000000070cc00000| Complete 
|  69|0x000000070ce00000, 0x000000070ce00000, 0x000000070d000000|  0%| F|  |TAMS 0x000000070ce00000| PB 0x000000070ce00000| Untracked 
|  70|0x000000070d000000, 0x000000070d000000, 0x000000070d200000|  0%| F|  |TAMS 0x000000070d000000| PB 0x000000070d000000| Untracked 
|  71|0x000000070d200000, 0x000000070d200000, 0x000000070d400000|  0%| F|  |TAMS 0x000000070d200000| PB 0x000000070d200000| Untracked 
|  72|0x000000070d400000, 0x000000070d400000, 0x000000070d600000|  0%| F|  |TAMS 0x000000070d400000| PB 0x000000070d400000| Untracked 
|  73|0x000000070d600000, 0x000000070d600000, 0x000000070d800000|  0%| F|  |TAMS 0x000000070d600000| PB 0x000000070d600000| Untracked 
|  74|0x000000070d800000, 0x000000070d800000, 0x000000070da00000|  0%| F|  |TAMS 0x000000070d800000| PB 0x000000070d800000| Untracked 
|  75|0x000000070da00000, 0x000000070da00000, 0x000000070dc00000|  0%| F|  |TAMS 0x000000070da00000| PB 0x000000070da00000| Untracked 
|  76|0x000000070dc00000, 0x000000070dc00000, 0x000000070de00000|  0%| F|  |TAMS 0x000000070dc00000| PB 0x000000070dc00000| Untracked 
|  77|0x000000070de00000, 0x000000070de00000, 0x000000070e000000|  0%| F|  |TAMS 0x000000070de00000| PB 0x000000070de00000| Untracked 
|  78|0x000000070e000000, 0x000000070e000000, 0x000000070e200000|  0%| F|  |TAMS 0x000000070e000000| PB 0x000000070e000000| Untracked 
|  79|0x000000070e200000, 0x000000070e200000, 0x000000070e400000|  0%| F|  |TAMS 0x000000070e200000| PB 0x000000070e200000| Untracked 
|  80|0x000000070e400000, 0x000000070e400000, 0x000000070e600000|  0%| F|  |TAMS 0x000000070e400000| PB 0x000000070e400000| Untracked 
|  81|0x000000070e600000, 0x000000070e600000, 0x000000070e800000|  0%| F|  |TAMS 0x000000070e600000| PB 0x000000070e600000| Untracked 
|  82|0x000000070e800000, 0x000000070e800000, 0x000000070ea00000|  0%| F|  |TAMS 0x000000070e800000| PB 0x000000070e800000| Untracked 
|  83|0x000000070ea00000, 0x000000070ea00000, 0x000000070ec00000|  0%| F|  |TAMS 0x000000070ea00000| PB 0x000000070ea00000| Untracked 
|  84|0x000000070ec00000, 0x000000070ec00000, 0x000000070ee00000|  0%| F|  |TAMS 0x000000070ec00000| PB 0x000000070ec00000| Untracked 
|  85|0x000000070ee00000, 0x000000070ee00000, 0x000000070f000000|  0%| F|  |TAMS 0x000000070ee00000| PB 0x000000070ee00000| Untracked 
|  86|0x000000070f000000, 0x000000070f000000, 0x000000070f200000|  0%| F|  |TAMS 0x000000070f000000| PB 0x000000070f000000| Untracked 
|  87|0x000000070f200000, 0x000000070f200000, 0x000000070f400000|  0%| F|  |TAMS 0x000000070f200000| PB 0x000000070f200000| Untracked 
|  88|0x000000070f400000, 0x000000070f400000, 0x000000070f600000|  0%| F|  |TAMS 0x000000070f400000| PB 0x000000070f400000| Untracked 
|  89|0x000000070f600000, 0x000000070f600000, 0x000000070f800000|  0%| F|  |TAMS 0x000000070f600000| PB 0x000000070f600000| Untracked 
|  90|0x000000070f800000, 0x000000070f800000, 0x000000070fa00000|  0%| F|  |TAMS 0x000000070f800000| PB 0x000000070f800000| Untracked 
|  91|0x000000070fa00000, 0x000000070fa00000, 0x000000070fc00000|  0%| F|  |TAMS 0x000000070fa00000| PB 0x000000070fa00000| Untracked 
|  92|0x000000070fc00000, 0x000000070fc00000, 0x000000070fe00000|  0%| F|  |TAMS 0x000000070fc00000| PB 0x000000070fc00000| Untracked 
|  93|0x000000070fe00000, 0x000000070fe00000, 0x0000000710000000|  0%| F|  |TAMS 0x000000070fe00000| PB 0x000000070fe00000| Untracked 
|  94|0x0000000710000000, 0x0000000710000000, 0x0000000710200000|  0%| F|  |TAMS 0x0000000710000000| PB 0x0000000710000000| Untracked 
|  95|0x0000000710200000, 0x0000000710200000, 0x0000000710400000|  0%| F|  |TAMS 0x0000000710200000| PB 0x0000000710200000| Untracked 
|  96|0x0000000710400000, 0x0000000710400000, 0x0000000710600000|  0%| F|  |TAMS 0x0000000710400000| PB 0x0000000710400000| Untracked 
|  97|0x0000000710600000, 0x0000000710600000, 0x0000000710800000|  0%| F|  |TAMS 0x0000000710600000| PB 0x0000000710600000| Untracked 
|  98|0x0000000710800000, 0x0000000710800000, 0x0000000710a00000|  0%| F|  |TAMS 0x0000000710800000| PB 0x0000000710800000| Untracked 
|  99|0x0000000710a00000, 0x0000000710a00000, 0x0000000710c00000|  0%| F|  |TAMS 0x0000000710a00000| PB 0x0000000710a00000| Untracked 
| 100|0x0000000710c00000, 0x0000000710c00000, 0x0000000710e00000|  0%| F|  |TAMS 0x0000000710c00000| PB 0x0000000710c00000| Untracked 
| 101|0x0000000710e00000, 0x0000000710e00000, 0x0000000711000000|  0%| F|  |TAMS 0x0000000710e00000| PB 0x0000000710e00000| Untracked 
| 102|0x0000000711000000, 0x0000000711000000, 0x0000000711200000|  0%| F|  |TAMS 0x0000000711000000| PB 0x0000000711000000| Untracked 
| 103|0x0000000711200000, 0x0000000711200000, 0x0000000711400000|  0%| F|  |TAMS 0x0000000711200000| PB 0x0000000711200000| Untracked 
| 104|0x0000000711400000, 0x0000000711400000, 0x0000000711600000|  0%| F|  |TAMS 0x0000000711400000| PB 0x0000000711400000| Untracked 
| 105|0x0000000711600000, 0x0000000711600000, 0x0000000711800000|  0%| F|  |TAMS 0x0000000711600000| PB 0x0000000711600000| Untracked 
| 106|0x0000000711800000, 0x0000000711800000, 0x0000000711a00000|  0%| F|  |TAMS 0x0000000711800000| PB 0x0000000711800000| Untracked 
| 107|0x0000000711a00000, 0x0000000711a00000, 0x0000000711c00000|  0%| F|  |TAMS 0x0000000711a00000| PB 0x0000000711a00000| Untracked 
| 108|0x0000000711c00000, 0x0000000711c00000, 0x0000000711e00000|  0%| F|  |TAMS 0x0000000711c00000| PB 0x0000000711c00000| Untracked 
| 109|0x0000000711e00000, 0x0000000711e00000, 0x0000000712000000|  0%| F|  |TAMS 0x0000000711e00000| PB 0x0000000711e00000| Untracked 
| 110|0x0000000712000000, 0x0000000712000000, 0x0000000712200000|  0%| F|  |TAMS 0x0000000712000000| PB 0x0000000712000000| Untracked 
| 111|0x0000000712200000, 0x0000000712200000, 0x0000000712400000|  0%| F|  |TAMS 0x0000000712200000| PB 0x0000000712200000| Untracked 
| 112|0x0000000712400000, 0x0000000712400000, 0x0000000712600000|  0%| F|  |TAMS 0x0000000712400000| PB 0x0000000712400000| Untracked 
| 113|0x0000000712600000, 0x0000000712600000, 0x0000000712800000|  0%| F|  |TAMS 0x0000000712600000| PB 0x0000000712600000| Untracked 
| 114|0x0000000712800000, 0x0000000712800000, 0x0000000712a00000|  0%| F|  |TAMS 0x0000000712800000| PB 0x0000000712800000| Untracked 
| 115|0x0000000712a00000, 0x0000000712a00000, 0x0000000712c00000|  0%| F|  |TAMS 0x0000000712a00000| PB 0x0000000712a00000| Untracked 
| 116|0x0000000712c00000, 0x0000000712c00000, 0x0000000712e00000|  0%| F|  |TAMS 0x0000000712c00000| PB 0x0000000712c00000| Untracked 
| 117|0x0000000712e00000, 0x0000000712e00000, 0x0000000713000000|  0%| F|  |TAMS 0x0000000712e00000| PB 0x0000000712e00000| Untracked 
| 118|0x0000000713000000, 0x0000000713000000, 0x0000000713200000|  0%| F|  |TAMS 0x0000000713000000| PB 0x0000000713000000| Untracked 
| 119|0x0000000713200000, 0x0000000713200000, 0x0000000713400000|  0%| F|  |TAMS 0x0000000713200000| PB 0x0000000713200000| Untracked 
| 120|0x0000000713400000, 0x0000000713400000, 0x0000000713600000|  0%| F|  |TAMS 0x0000000713400000| PB 0x0000000713400000| Untracked 
| 121|0x0000000713600000, 0x0000000713600000, 0x0000000713800000|  0%| F|  |TAMS 0x0000000713600000| PB 0x0000000713600000| Untracked 
| 122|0x0000000713800000, 0x0000000713800000, 0x0000000713a00000|  0%| F|  |TAMS 0x0000000713800000| PB 0x0000000713800000| Untracked 
| 123|0x0000000713a00000, 0x0000000713a00000, 0x0000000713c00000|  0%| F|  |TAMS 0x0000000713a00000| PB 0x0000000713a00000| Untracked 
| 124|0x0000000713c00000, 0x0000000713c00000, 0x0000000713e00000|  0%| F|  |TAMS 0x0000000713c00000| PB 0x0000000713c00000| Untracked 
| 125|0x0000000713e00000, 0x0000000713e00000, 0x0000000714000000|  0%| F|  |TAMS 0x0000000713e00000| PB 0x0000000713e00000| Untracked 
| 126|0x0000000714000000, 0x0000000714000000, 0x0000000714200000|  0%| F|  |TAMS 0x0000000714000000| PB 0x0000000714000000| Untracked 
| 127|0x0000000714200000, 0x0000000714200000, 0x0000000714400000|  0%| F|  |TAMS 0x0000000714200000| PB 0x0000000714200000| Untracked 
| 128|0x0000000714400000, 0x0000000714400000, 0x0000000714600000|  0%| F|  |TAMS 0x0000000714400000| PB 0x0000000714400000| Untracked 
| 129|0x0000000714600000, 0x0000000714600000, 0x0000000714800000|  0%| F|  |TAMS 0x0000000714600000| PB 0x0000000714600000| Untracked 
| 130|0x0000000714800000, 0x0000000714800000, 0x0000000714a00000|  0%| F|  |TAMS 0x0000000714800000| PB 0x0000000714800000| Untracked 
| 131|0x0000000714a00000, 0x0000000714a00000, 0x0000000714c00000|  0%| F|  |TAMS 0x0000000714a00000| PB 0x0000000714a00000| Untracked 
| 132|0x0000000714c00000, 0x0000000714c00000, 0x0000000714e00000|  0%| F|  |TAMS 0x0000000714c00000| PB 0x0000000714c00000| Untracked 
| 133|0x0000000714e00000, 0x0000000714e00000, 0x0000000715000000|  0%| F|  |TAMS 0x0000000714e00000| PB 0x0000000714e00000| Untracked 
| 134|0x0000000715000000, 0x0000000715000000, 0x0000000715200000|  0%| F|  |TAMS 0x0000000715000000| PB 0x0000000715000000| Untracked 
| 135|0x0000000715200000, 0x0000000715200000, 0x0000000715400000|  0%| F|  |TAMS 0x0000000715200000| PB 0x0000000715200000| Untracked 
| 136|0x0000000715400000, 0x0000000715400000, 0x0000000715600000|  0%| F|  |TAMS 0x0000000715400000| PB 0x0000000715400000| Untracked 
| 137|0x0000000715600000, 0x0000000715600000, 0x0000000715800000|  0%| F|  |TAMS 0x0000000715600000| PB 0x0000000715600000| Untracked 
| 138|0x0000000715800000, 0x0000000715800000, 0x0000000715a00000|  0%| F|  |TAMS 0x0000000715800000| PB 0x0000000715800000| Untracked 
| 139|0x0000000715a00000, 0x0000000715a00000, 0x0000000715c00000|  0%| F|  |TAMS 0x0000000715a00000| PB 0x0000000715a00000| Untracked 
| 140|0x0000000715c00000, 0x0000000715c00000, 0x0000000715e00000|  0%| F|  |TAMS 0x0000000715c00000| PB 0x0000000715c00000| Untracked 
| 141|0x0000000715e00000, 0x0000000715e00000, 0x0000000716000000|  0%| F|  |TAMS 0x0000000715e00000| PB 0x0000000715e00000| Untracked 
| 142|0x0000000716000000, 0x0000000716000000, 0x0000000716200000|  0%| F|  |TAMS 0x0000000716000000| PB 0x0000000716000000| Untracked 
| 143|0x0000000716200000, 0x0000000716200000, 0x0000000716400000|  0%| F|  |TAMS 0x0000000716200000| PB 0x0000000716200000| Untracked 
| 144|0x0000000716400000, 0x0000000716400000, 0x0000000716600000|  0%| F|  |TAMS 0x0000000716400000| PB 0x0000000716400000| Untracked 
| 145|0x0000000716600000, 0x0000000716600000, 0x0000000716800000|  0%| F|  |TAMS 0x0000000716600000| PB 0x0000000716600000| Untracked 
| 146|0x0000000716800000, 0x0000000716800000, 0x0000000716a00000|  0%| F|  |TAMS 0x0000000716800000| PB 0x0000000716800000| Untracked 
| 147|0x0000000716a00000, 0x0000000716a00000, 0x0000000716c00000|  0%| F|  |TAMS 0x0000000716a00000| PB 0x0000000716a00000| Untracked 
| 148|0x0000000716c00000, 0x0000000716c00000, 0x0000000716e00000|  0%| F|  |TAMS 0x0000000716c00000| PB 0x0000000716c00000| Untracked 
| 149|0x0000000716e00000, 0x0000000716e00000, 0x0000000717000000|  0%| F|  |TAMS 0x0000000716e00000| PB 0x0000000716e00000| Untracked 
| 150|0x0000000717000000, 0x0000000717000000, 0x0000000717200000|  0%| F|  |TAMS 0x0000000717000000| PB 0x0000000717000000| Untracked 
| 151|0x0000000717200000, 0x0000000717200000, 0x0000000717400000|  0%| F|  |TAMS 0x0000000717200000| PB 0x0000000717200000| Untracked 
| 152|0x0000000717400000, 0x0000000717400000, 0x0000000717600000|  0%| F|  |TAMS 0x0000000717400000| PB 0x0000000717400000| Untracked 
| 153|0x0000000717600000, 0x0000000717600000, 0x0000000717800000|  0%| F|  |TAMS 0x0000000717600000| PB 0x0000000717600000| Untracked 
| 154|0x0000000717800000, 0x0000000717800000, 0x0000000717a00000|  0%| F|  |TAMS 0x0000000717800000| PB 0x0000000717800000| Untracked 
| 155|0x0000000717a00000, 0x0000000717a00000, 0x0000000717c00000|  0%| F|  |TAMS 0x0000000717a00000| PB 0x0000000717a00000| Untracked 
| 156|0x0000000717c00000, 0x0000000717c00000, 0x0000000717e00000|  0%| F|  |TAMS 0x0000000717c00000| PB 0x0000000717c00000| Untracked 
| 157|0x0000000717e00000, 0x0000000717e00000, 0x0000000718000000|  0%| F|  |TAMS 0x0000000717e00000| PB 0x0000000717e00000| Untracked 
| 158|0x0000000718000000, 0x0000000718000000, 0x0000000718200000|  0%| F|  |TAMS 0x0000000718000000| PB 0x0000000718000000| Untracked 
| 159|0x0000000718200000, 0x0000000718200000, 0x0000000718400000|  0%| F|  |TAMS 0x0000000718200000| PB 0x0000000718200000| Untracked 
| 160|0x0000000718400000, 0x0000000718400000, 0x0000000718600000|  0%| F|  |TAMS 0x0000000718400000| PB 0x0000000718400000| Untracked 
| 161|0x0000000718600000, 0x0000000718600000, 0x0000000718800000|  0%| F|  |TAMS 0x0000000718600000| PB 0x0000000718600000| Untracked 
| 162|0x0000000718800000, 0x0000000718800000, 0x0000000718a00000|  0%| F|  |TAMS 0x0000000718800000| PB 0x0000000718800000| Untracked 
| 163|0x0000000718a00000, 0x0000000718b00800, 0x0000000718c00000| 50%| E|  |TAMS 0x0000000718a00000| PB 0x0000000718a00000| Complete 
| 164|0x0000000718c00000, 0x0000000718e00000, 0x0000000718e00000|100%| E|CS|TAMS 0x0000000718c00000| PB 0x0000000718c00000| Complete 
| 165|0x0000000718e00000, 0x0000000719000000, 0x0000000719000000|100%| E|CS|TAMS 0x0000000718e00000| PB 0x0000000718e00000| Complete 
| 166|0x0000000719000000, 0x0000000719200000, 0x0000000719200000|100%| E|CS|TAMS 0x0000000719000000| PB 0x0000000719000000| Complete 
| 167|0x0000000719200000, 0x0000000719400000, 0x0000000719400000|100%| E|CS|TAMS 0x0000000719200000| PB 0x0000000719200000| Complete 
| 168|0x0000000719400000, 0x0000000719600000, 0x0000000719600000|100%| E|CS|TAMS 0x0000000719400000| PB 0x0000000719400000| Complete 
|2008|0x00000007ff400000, 0x00000007ff600000, 0x00000007ff600000|100%| O|  |TAMS 0x00000007ff400000| PB 0x00000007ff400000| Untracked 
|2009|0x00000007ff600000, 0x00000007ff800000, 0x00000007ff800000|100%| O|  |TAMS 0x00000007ff600000| PB 0x00000007ff600000| Untracked 
|2010|0x00000007ff800000, 0x00000007ffa00000, 0x00000007ffa00000|100%| O|  |TAMS 0x00000007ff800000| PB 0x00000007ff800000| Untracked 
|2011|0x00000007ffa00000, 0x00000007ffc00000, 0x00000007ffc00000|100%| O|  |TAMS 0x00000007ffa00000| PB 0x00000007ffa00000| Untracked 
|2012|0x00000007ffc00000, 0x00000007ffe00000, 0x00000007ffe00000|100%| O|  |TAMS 0x00000007ffc00000| PB 0x00000007ffc00000| Untracked 
|2013|0x00000007ffe00000, 0x0000000800000000, 0x0000000800000000|100%| O|  |TAMS 0x00000007ffe00000| PB 0x00000007ffe00000| Untracked 

Card table byte_map: [0x000001d9b2730000,0x000001d9b2f10000] _byte_map_base: 0x000001d9aef0e000

Marking Bits: (CMBitMap*) 0x000001d998582760
 Bits: [0x000001d9b2f10000, 0x000001d9b6e00000)

Polling page: 0x000001d998290000

Metaspace:

Usage:
  Non-class:     27.28 MB used.
      Class:      3.33 MB used.
       Both:     30.61 MB used.

Virtual space:
  Non-class space:       64.00 MB reserved,      27.56 MB ( 43%) committed,  1 nodes.
      Class space:        1.00 GB reserved,       3.56 MB ( <1%) committed,  1 nodes.
             Both:        1.06 GB reserved,      31.12 MB (  3%) committed. 

Chunk freelists:
   Non-Class:  3.61 MB
       Class:  12.38 MB
        Both:  15.99 MB

MaxMetaspaceSize: unlimited
CompressedClassSpaceSize: 1.00 GB
Initial GC threshold: 21.00 MB
Current GC threshold: 35.62 MB
CDS: on
 - commit_granule_bytes: 65536.
 - commit_granule_words: 8192.
 - virtual_space_node_default_size: 8388608.
 - enlarge_chunks_in_place: 1.
 - use_allocation_guard: 0.


Internal statistics:

num_allocs_failed_limit: 6.
num_arena_births: 546.
num_arena_deaths: 0.
num_vsnodes_births: 2.
num_vsnodes_deaths: 0.
num_space_committed: 498.
num_space_uncommitted: 0.
num_chunks_returned_to_freelist: 6.
num_chunks_taken_from_freelist: 1780.
num_chunk_merges: 6.
num_chunk_splits: 1230.
num_chunks_enlarged: 888.
num_inconsistent_stats: 0.

CodeHeap 'non-profiled nmethods': size=119168Kb used=7955Kb max_used=7955Kb free=111212Kb
 bounds [0x000001d9a9b40000, 0x000001d9aa310000, 0x000001d9b0fa0000]
CodeHeap 'profiled nmethods': size=119104Kb used=25066Kb max_used=25066Kb free=94037Kb
 bounds [0x000001d9a1fa0000, 0x000001d9a3820000, 0x000001d9a93f0000]
CodeHeap 'non-nmethods': size=7488Kb used=3301Kb max_used=3441Kb free=4186Kb
 bounds [0x000001d9a93f0000, 0x000001d9a9760000, 0x000001d9a9b40000]
 total_blobs=10840 nmethods=10299 adapters=442
 compilation: enabled
              stopped_count=0, restarted_count=0
 full_count=0

Compilation events (20 events):
Event: 12.823 Thread 0x000001d9b9e87a80 10378   !   3       com.sun.tools.javac.comp.Attr::attribBase (55 bytes)
Event: 12.824 Thread 0x000001d9810ad310 10241       4       com.sun.tools.javac.code.Types$ImplementationCache::get (159 bytes)
Event: 12.824 Thread 0x000001d9b9e87a80 nmethod 10378 0x000001d9a3815890 code [0x000001d9a3815a80, 0x000001d9a3815e58]
Event: 12.911 Thread 0x000001d9b9e87a80 10381       2       com.sun.tools.javac.code.Type$WildcardType::accept (9 bytes)
Event: 12.912 Thread 0x000001d9b9e87a80 nmethod 10381 0x000001d9a3816090 code [0x000001d9a3816240, 0x000001d9a3816380]
Event: 12.938 Thread 0x000001d9810ad9e0 nmethod 10144 0x000001d9aa2f0c90 code [0x000001d9aa2f1020, 0x000001d9aa2f2fe8]
Event: 12.950 Thread 0x000001d9b9e7ddb0 nmethod 10239 0x000001d9aa2f4390 code [0x000001d9aa2f4720, 0x000001d9aa2f6b60]
Event: 12.950 Thread 0x000001d9810ad9e0 10330       4       com.sun.tools.javac.comp.Annotate$TypeAnnotate::visitMethodDef (57 bytes)
Event: 12.951 Thread 0x000001d9b9e88150 10384   !   2       com.sun.tools.javac.code.Symbol$VarSymbol::getConstValue (72 bytes)
Event: 12.952 Thread 0x000001d9b9e88150 nmethod 10384 0x000001d9a3816410 code [0x000001d9a38165e0, 0x000001d9a38169b8]
Event: 12.959 Thread 0x000001d9b9e88150 10385   !   2       com.sun.tools.javac.code.TypeAnnotations$TypeAnnotationPositions::visitMethodDef (392 bytes)
Event: 12.961 Thread 0x000001d9b9e88820 10386       2       com.sun.tools.javac.code.TypeAnnotationPosition::methodReturn (9 bytes)
Event: 12.962 Thread 0x000001d9b9e88820 nmethod 10386 0x000001d9a3816b10 code [0x000001d9a3816cc0, 0x000001d9a3816de0]
Event: 12.967 Thread 0x000001d9b9e7ddb0 10250       4       java.util.stream.ReduceOps$ReduceOp::evaluateSequential (18 bytes)
Event: 12.967 Thread 0x000001d9b9e88150 nmethod 10385 0x000001d9a3816e90 code [0x000001d9a38172e0, 0x000001d9a3819528]
Event: 12.968 Thread 0x000001d9810ad310 nmethod 10241 0x000001d9aa2f8590 code [0x000001d9aa2f8920, 0x000001d9aa2faa38]
Event: 12.977 Thread 0x000001d9b9e7ddb0 nmethod 10250 0x000001d9aa2fbd10 code [0x000001d9aa2fbec0, 0x000001d9aa2fc160]
Event: 12.979 Thread 0x000001d9b9e7ddb0 10387   !   4       com.sun.tools.javac.code.TypeAnnotations$TypeAnnotationPositions::visitMethodDef (392 bytes)
Event: 12.982 Thread 0x000001d9810ad310 10251       4       java.util.stream.MatchOps::makeRef (29 bytes)
Event: 12.982 Thread 0x000001d9810ac570 nmethod 10242 0x000001d9aa2fc310 code [0x000001d9aa2fc8c0, 0x000001d9aa3000b8]

GC Heap History (20 events):
Event: 9.936 GC heap before
{Heap before GC invocations=11 (full 0):
 garbage-first heap   total 190464K, used 161942K [0x0000000704400000, 0x0000000800000000)
  region size 2048K, 48 young (98304K), 4 survivors (8192K)
 Metaspace       used 30692K, committed 31232K, reserved 1114112K
  class space    used 3358K, committed 3584K, reserved 1048576K
}
Event: 9.950 GC heap after
{Heap after GC invocations=12 (full 0):
 garbage-first heap   total 190464K, used 73491K [0x0000000704400000, 0x0000000800000000)
  region size 2048K, 2 young (4096K), 2 survivors (4096K)
 Metaspace       used 30692K, committed 31232K, reserved 1114112K
  class space    used 3358K, committed 3584K, reserved 1048576K
}
Event: 10.392 GC heap before
{Heap before GC invocations=12 (full 0):
 garbage-first heap   total 190464K, used 165651K [0x0000000704400000, 0x0000000800000000)
  region size 2048K, 47 young (96256K), 2 survivors (4096K)
 Metaspace       used 31057K, committed 31616K, reserved 1114112K
  class space    used 3389K, committed 3648K, reserved 1048576K
}
Event: 10.401 GC heap after
{Heap after GC invocations=13 (full 0):
 garbage-first heap   total 190464K, used 77797K [0x0000000704400000, 0x0000000800000000)
  region size 2048K, 4 young (8192K), 4 survivors (8192K)
 Metaspace       used 31057K, committed 31616K, reserved 1114112K
  class space    used 3389K, committed 3648K, reserved 1048576K
}
Event: 10.663 GC heap before
{Heap before GC invocations=13 (full 0):
 garbage-first heap   total 190464K, used 167909K [0x0000000704400000, 0x0000000800000000)
  region size 2048K, 48 young (98304K), 4 survivors (8192K)
 Metaspace       used 31113K, committed 31680K, reserved 1114112K
  class space    used 3392K, committed 3648K, reserved 1048576K
}
Event: 10.675 GC heap after
{Heap after GC invocations=14 (full 0):
 garbage-first heap   total 235520K, used 82802K [0x0000000704400000, 0x0000000800000000)
  region size 2048K, 6 young (12288K), 6 survivors (12288K)
 Metaspace       used 31113K, committed 31680K, reserved 1114112K
  class space    used 3392K, committed 3648K, reserved 1048576K
}
Event: 11.035 GC heap before
{Heap before GC invocations=14 (full 0):
 garbage-first heap   total 235520K, used 207730K [0x0000000704400000, 0x0000000800000000)
  region size 2048K, 67 young (137216K), 6 survivors (12288K)
 Metaspace       used 31200K, committed 31744K, reserved 1114112K
  class space    used 3395K, committed 3648K, reserved 1048576K
}
Event: 11.056 GC heap after
{Heap after GC invocations=15 (full 0):
 garbage-first heap   total 235520K, used 89631K [0x0000000704400000, 0x0000000800000000)
  region size 2048K, 7 young (14336K), 7 survivors (14336K)
 Metaspace       used 31200K, committed 31744K, reserved 1114112K
  class space    used 3395K, committed 3648K, reserved 1048576K
}
Event: 11.354 GC heap before
{Heap before GC invocations=15 (full 0):
 garbage-first heap   total 235520K, used 206367K [0x0000000704400000, 0x0000000800000000)
  region size 2048K, 63 young (129024K), 7 survivors (14336K)
 Metaspace       used 31213K, committed 31744K, reserved 1114112K
  class space    used 3396K, committed 3648K, reserved 1048576K
}
Event: 11.370 GC heap after
{Heap after GC invocations=16 (full 0):
 garbage-first heap   total 235520K, used 94208K [0x0000000704400000, 0x0000000800000000)
  region size 2048K, 5 young (10240K), 5 survivors (10240K)
 Metaspace       used 31213K, committed 31744K, reserved 1114112K
  class space    used 3396K, committed 3648K, reserved 1048576K
}
Event: 11.593 GC heap before
{Heap before GC invocations=16 (full 0):
 garbage-first heap   total 235520K, used 210944K [0x0000000704400000, 0x0000000800000000)
  region size 2048K, 62 young (126976K), 5 survivors (10240K)
 Metaspace       used 31250K, committed 31744K, reserved 1114112K
  class space    used 3400K, committed 3648K, reserved 1048576K
}
Event: 11.605 GC heap after
{Heap after GC invocations=17 (full 0):
 garbage-first heap   total 235520K, used 97157K [0x0000000704400000, 0x0000000800000000)
  region size 2048K, 4 young (8192K), 4 survivors (8192K)
 Metaspace       used 31250K, committed 31744K, reserved 1114112K
  class space    used 3400K, committed 3648K, reserved 1048576K
}
Event: 11.848 GC heap before
{Heap before GC invocations=17 (full 0):
 garbage-first heap   total 235520K, used 209797K [0x0000000704400000, 0x0000000800000000)
  region size 2048K, 59 young (120832K), 4 survivors (8192K)
 Metaspace       used 31255K, committed 31744K, reserved 1114112K
  class space    used 3400K, committed 3648K, reserved 1048576K
}
Event: 11.861 GC heap after
{Heap after GC invocations=18 (full 0):
 garbage-first heap   total 358400K, used 101396K [0x0000000704400000, 0x0000000800000000)
  region size 2048K, 6 young (12288K), 6 survivors (12288K)
 Metaspace       used 31255K, committed 31744K, reserved 1114112K
  class space    used 3400K, committed 3648K, reserved 1048576K
}
Event: 12.283 GC heap before
{Heap before GC invocations=18 (full 0):
 garbage-first heap   total 358400K, used 304148K [0x0000000704400000, 0x0000000800000000)
  region size 2048K, 105 young (215040K), 6 survivors (12288K)
 Metaspace       used 31279K, committed 31808K, reserved 1114112K
  class space    used 3400K, committed 3648K, reserved 1048576K
}
Event: 12.293 GC heap after
{Heap after GC invocations=19 (full 0):
 garbage-first heap   total 358400K, used 100565K [0x0000000704400000, 0x0000000800000000)
  region size 2048K, 5 young (10240K), 5 survivors (10240K)
 Metaspace       used 31279K, committed 31808K, reserved 1114112K
  class space    used 3400K, committed 3648K, reserved 1048576K
}
Event: 12.601 GC heap before
{Heap before GC invocations=19 (full 0):
 garbage-first heap   total 358400K, used 305365K [0x0000000704400000, 0x0000000800000000)
  region size 2048K, 105 young (215040K), 5 survivors (10240K)
 Metaspace       used 31299K, committed 31808K, reserved 1114112K
  class space    used 3400K, committed 3648K, reserved 1048576K
}
Event: 12.615 GC heap after
{Heap after GC invocations=20 (full 0):
 garbage-first heap   total 358400K, used 100829K [0x0000000704400000, 0x0000000800000000)
  region size 2048K, 5 young (10240K), 5 survivors (10240K)
 Metaspace       used 31299K, committed 31808K, reserved 1114112K
  class space    used 3400K, committed 3648K, reserved 1048576K
}
Event: 12.989 GC heap before
{Heap before GC invocations=20 (full 0):
 garbage-first heap   total 358400K, used 305629K [0x0000000704400000, 0x0000000800000000)
  region size 2048K, 105 young (215040K), 5 survivors (10240K)
 Metaspace       used 31305K, committed 31808K, reserved 1114112K
  class space    used 3400K, committed 3648K, reserved 1048576K
}
Event: 13.004 GC heap after
{Heap after GC invocations=21 (full 0):
 garbage-first heap   total 358400K, used 101564K [0x0000000704400000, 0x0000000800000000)
  region size 2048K, 6 young (12288K), 6 survivors (12288K)
 Metaspace       used 31305K, committed 31808K, reserved 1114112K
  class space    used 3400K, committed 3648K, reserved 1048576K
}

Dll operation events (8 events):
Event: 0.008 Loaded shared library C:\Program Files\Java\jdk-21.0.2\bin\java.dll
Event: 0.040 Loaded shared library C:\Program Files\Java\jdk-21.0.2\bin\jsvml.dll
Event: 0.063 Loaded shared library C:\Program Files\Java\jdk-21.0.2\bin\net.dll
Event: 0.067 Loaded shared library C:\Program Files\Java\jdk-21.0.2\bin\nio.dll
Event: 0.071 Loaded shared library C:\Program Files\Java\jdk-21.0.2\bin\zip.dll
Event: 0.255 Loaded shared library C:\Program Files\Java\jdk-21.0.2\bin\jimage.dll
Event: 0.258 Loaded shared library C:\Program Files\apache-maven-3.9.12\lib\jansi-native\Windows\x86_64\jansi.dll
Event: 0.268 Loaded shared library C:\Program Files\Java\jdk-21.0.2\bin\verify.dll

Deoptimization events (20 events):
Event: 12.504 Thread 0x000001d998121fd0 DEOPT PACKING pc=0x000001d9aa1a56b8 sp=0x0000007e8cbfdce0
Event: 12.504 Thread 0x000001d998121fd0 DEOPT UNPACKING pc=0x000001d9a9447da2 sp=0x0000007e8cbfdc98 mode 2
Event: 12.511 Thread 0x000001d998121fd0 DEOPT PACKING pc=0x000001d9a3687e12 sp=0x0000007e8cbfd880
Event: 12.511 Thread 0x000001d998121fd0 DEOPT UNPACKING pc=0x000001d9a94488e2 sp=0x0000007e8cbfcce8 mode 0
Event: 12.513 Thread 0x000001d998121fd0 Uncommon trap: trap_request=0xffffffde fr.pc=0x000001d9a9fe7d0c relative=0x000000000000006c
Event: 12.513 Thread 0x000001d998121fd0 Uncommon trap: reason=class_check action=maybe_recompile pc=0x000001d9a9fe7d0c method=com.sun.tools.javac.tree.TreeInfo.name(Lcom/sun/tools/javac/tree/JCTree;)Lcom/sun/tools/javac/util/Name; @ 4 c2
Event: 12.513 Thread 0x000001d998121fd0 DEOPT PACKING pc=0x000001d9a9fe7d0c sp=0x0000007e8cbfd850
Event: 12.513 Thread 0x000001d998121fd0 DEOPT UNPACKING pc=0x000001d9a9447da2 sp=0x0000007e8cbfd7e8 mode 2
Event: 12.729 Thread 0x000001d998121fd0 DEOPT PACKING pc=0x000001d9a32c7a12 sp=0x0000007e8cbfd7e0
Event: 12.729 Thread 0x000001d998121fd0 DEOPT UNPACKING pc=0x000001d9a94488e2 sp=0x0000007e8cbfcc78 mode 0
Event: 12.745 Thread 0x000001d998121fd0 Uncommon trap: trap_request=0xffffffde fr.pc=0x000001d9aa1a56b8 relative=0x00000000000001f8
Event: 12.745 Thread 0x000001d998121fd0 Uncommon trap: reason=class_check action=maybe_recompile pc=0x000001d9aa1a56b8 method=com.sun.tools.javac.util.ListBuffer.next()Ljava/lang/Object; @ 12 c2
Event: 12.745 Thread 0x000001d998121fd0 DEOPT PACKING pc=0x000001d9aa1a56b8 sp=0x0000007e8cbfdce0
Event: 12.745 Thread 0x000001d998121fd0 DEOPT UNPACKING pc=0x000001d9a9447da2 sp=0x0000007e8cbfdc98 mode 2
Event: 12.752 Thread 0x000001d998121fd0 Uncommon trap: trap_request=0xffffffde fr.pc=0x000001d9a9fe7d0c relative=0x000000000000006c
Event: 12.752 Thread 0x000001d998121fd0 Uncommon trap: reason=class_check action=maybe_recompile pc=0x000001d9a9fe7d0c method=com.sun.tools.javac.tree.TreeInfo.name(Lcom/sun/tools/javac/tree/JCTree;)Lcom/sun/tools/javac/util/Name; @ 4 c2
Event: 12.752 Thread 0x000001d998121fd0 DEOPT PACKING pc=0x000001d9a9fe7d0c sp=0x0000007e8cbfd900
Event: 12.752 Thread 0x000001d998121fd0 DEOPT UNPACKING pc=0x000001d9a9447da2 sp=0x0000007e8cbfd898 mode 2
Event: 12.960 Thread 0x000001d998121fd0 DEOPT PACKING pc=0x000001d9a377e419 sp=0x0000007e8cbfd840
Event: 12.960 Thread 0x000001d998121fd0 DEOPT UNPACKING pc=0x000001d9a94488e2 sp=0x0000007e8cbfcd50 mode 0

Classes loaded (20 events):
Event: 8.926 Loading class java/util/IdentityHashMap$EntrySet
Event: 8.927 Loading class java/util/IdentityHashMap$EntrySet done
Event: 8.927 Loading class java/util/IdentityHashMap$EntryIterator
Event: 8.928 Loading class java/util/IdentityHashMap$EntryIterator done
Event: 8.928 Loading class java/util/IdentityHashMap$EntryIterator$Entry
Event: 8.929 Loading class java/util/IdentityHashMap$EntryIterator$Entry done
Event: 8.945 Loading class java/util/function/UnaryOperator
Event: 8.945 Loading class java/util/function/UnaryOperator done
Event: 8.964 Loading class java/util/regex/Pattern$Caret
Event: 8.964 Loading class java/util/regex/Pattern$Caret done
Event: 9.542 Loading class java/util/regex/Pattern$SliceI
Event: 9.542 Loading class java/util/regex/Pattern$SliceI done
Event: 9.545 Loading class java/util/regex/Pattern$Loop
Event: 9.546 Loading class java/util/regex/Pattern$Loop done
Event: 9.546 Loading class java/util/regex/Pattern$Prolog
Event: 9.546 Loading class java/util/regex/Pattern$Prolog done
Event: 9.666 Loading class java/util/regex/Pattern$LazyLoop
Event: 9.666 Loading class java/util/regex/Pattern$LazyLoop done
Event: 9.704 Loading class java/util/regex/Pattern$End
Event: 9.704 Loading class java/util/regex/Pattern$End done

Classes unloaded (0 events):
No events

Classes redefined (0 events):
No events

Internal exceptions (20 events):
Event: 9.630 Thread 0x000001d998121fd0 Exception <a 'java/lang/NoSuchMethodError'{0x000000070db13310}: 'java.lang.Object java.lang.invoke.DelegatingMethodHandle$Holder.reinvoke_L(java.lang.Object, java.lang.Object, long, java.lang.Object)'> (0x000000070db13310) 
thrown [s\open\src\hotspot\share\interpreter\linkResolver.cpp, line 773]
Event: 9.633 Thread 0x000001d998121fd0 Exception <a 'java/lang/NoSuchMethodError'{0x000000070db27e10}: 'java.lang.Object java.lang.invoke.DirectMethodHandle$Holder.invokeVirtual(java.lang.Object, java.lang.Object, java.lang.Object, java.lang.Object, java.lang.Object, java.lang.Object, java.lang.Object, java.lang.Object, java.lang.Object, java.lang.Object)'> (0x000000070db27e10) 
thrown [s\open\src\hotspot\share\interpreter\linkResolver.cpp, line 773]
Event: 9.683 Thread 0x000001d998121fd0 Exception <a 'java/lang/NoSuchMethodError'{0x000000070d983bb8}: 'java.lang.Object java.lang.invoke.DirectMethodHandle$Holder.invokeVirtual(java.lang.Object, java.lang.Object, java.lang.Object, java.lang.Object, java.lang.Object, java.lang.Object, java.lang.Object)'> (0x000000070d983bb8) 
thrown [s\open\src\hotspot\share\interpreter\linkResolver.cpp, line 773]
Event: 9.696 Thread 0x000001d998121fd0 Exception <a 'java/lang/NoSuchMethodError'{0x000000070d9da338}: 'java.lang.Object java.lang.invoke.DirectMethodHandle$Holder.invokeVirtual(java.lang.Object, java.lang.Object, java.lang.Object, java.lang.Object, java.lang.Object)'> (0x000000070d9da338) 
thrown [s\open\src\hotspot\share\interpreter\linkResolver.cpp, line 773]
Event: 9.953 Thread 0x000001d998121fd0 Implicit null exception at 0x000001d9a9fe2e81 to 0x000001d9a9fe35f1
Event: 11.544 Thread 0x000001d998121fd0 Exception <a 'sun/nio/fs/WindowsException'{0x000000070b9e9e70}> (0x000000070b9e9e70) 
thrown [s\open\src\hotspot\share\prims\jni.cpp, line 520]
Event: 11.545 Thread 0x000001d998121fd0 Exception <a 'sun/nio/fs/WindowsException'{0x000000070b9ea718}> (0x000000070b9ea718) 
thrown [s\open\src\hotspot\share\prims\jni.cpp, line 520]
Event: 11.545 Thread 0x000001d998121fd0 Exception <a 'sun/nio/fs/WindowsException'{0x000000070b9eb0d0}> (0x000000070b9eb0d0) 
thrown [s\open\src\hotspot\share\prims\jni.cpp, line 520]
Event: 11.984 Thread 0x000001d998121fd0 Exception <a 'sun/nio/fs/WindowsException'{0x00000007161d8078}> (0x00000007161d8078) 
thrown [s\open\src\hotspot\share\prims\jni.cpp, line 520]
Event: 11.984 Thread 0x000001d998121fd0 Exception <a 'sun/nio/fs/WindowsException'{0x00000007161d8920}> (0x00000007161d8920) 
thrown [s\open\src\hotspot\share\prims\jni.cpp, line 520]
Event: 11.984 Thread 0x000001d998121fd0 Exception <a 'sun/nio/fs/WindowsException'{0x00000007161d92d8}> (0x00000007161d92d8) 
thrown [s\open\src\hotspot\share\prims\jni.cpp, line 520]
Event: 12.500 Thread 0x000001d998121fd0 Implicit null exception at 0x000001d9a9c8df26 to 0x000001d9a9c8f43c
Event: 12.501 Thread 0x000001d998121fd0 Implicit null exception at 0x000001d9aa299e92 to 0x000001d9aa2a20a0
Event: 12.502 Thread 0x000001d998121fd0 Implicit null exception at 0x000001d9aa0f3f5a to 0x000001d9aa0f3fa8
Event: 12.518 Thread 0x000001d998121fd0 Exception <a 'sun/nio/fs/WindowsException'{0x00000007106c9d88}> (0x00000007106c9d88) 
thrown [s\open\src\hotspot\share\prims\jni.cpp, line 520]
Event: 12.518 Thread 0x000001d998121fd0 Exception <a 'sun/nio/fs/WindowsException'{0x00000007106ca630}> (0x00000007106ca630) 
thrown [s\open\src\hotspot\share\prims\jni.cpp, line 520]
Event: 12.518 Thread 0x000001d998121fd0 Exception <a 'sun/nio/fs/WindowsException'{0x00000007106cafe8}> (0x00000007106cafe8) 
thrown [s\open\src\hotspot\share\prims\jni.cpp, line 520]
Event: 12.758 Thread 0x000001d998121fd0 Exception <a 'sun/nio/fs/WindowsException'{0x00000007149779d8}> (0x00000007149779d8) 
thrown [s\open\src\hotspot\share\prims\jni.cpp, line 520]
Event: 12.758 Thread 0x000001d998121fd0 Exception <a 'sun/nio/fs/WindowsException'{0x0000000714978280}> (0x0000000714978280) 
thrown [s\open\src\hotspot\share\prims\jni.cpp, line 520]
Event: 12.758 Thread 0x000001d998121fd0 Exception <a 'sun/nio/fs/WindowsException'{0x0000000714978c38}> (0x0000000714978c38) 
thrown [s\open\src\hotspot\share\prims\jni.cpp, line 520]

ZGC Phase Switch (0 events):
No events

VM Operations (20 events):
Event: 10.392 Executing VM operation: G1CollectForAllocation (G1 Evacuation Pause)
Event: 10.401 Executing VM operation: G1CollectForAllocation (G1 Evacuation Pause) done
Event: 10.663 Executing VM operation: G1CollectForAllocation (G1 Evacuation Pause)
Event: 10.675 Executing VM operation: G1CollectForAllocation (G1 Evacuation Pause) done
Event: 11.034 Executing VM operation: G1CollectForAllocation (G1 Evacuation Pause)
Event: 11.056 Executing VM operation: G1CollectForAllocation (G1 Evacuation Pause) done
Event: 11.354 Executing VM operation: G1CollectForAllocation (G1 Evacuation Pause)
Event: 11.370 Executing VM operation: G1CollectForAllocation (G1 Evacuation Pause) done
Event: 11.559 Executing VM operation: ICBufferFull
Event: 11.559 Executing VM operation: ICBufferFull done
Event: 11.593 Executing VM operation: G1CollectForAllocation (G1 Evacuation Pause)
Event: 11.605 Executing VM operation: G1CollectForAllocation (G1 Evacuation Pause) done
Event: 11.848 Executing VM operation: G1CollectForAllocation (G1 Evacuation Pause)
Event: 11.861 Executing VM operation: G1CollectForAllocation (G1 Evacuation Pause) done
Event: 12.283 Executing VM operation: G1CollectForAllocation (G1 Evacuation Pause)
Event: 12.293 Executing VM operation: G1CollectForAllocation (G1 Evacuation Pause) done
Event: 12.601 Executing VM operation: G1CollectForAllocation (G1 Evacuation Pause)
Event: 12.615 Executing VM operation: G1CollectForAllocation (G1 Evacuation Pause) done
Event: 12.989 Executing VM operation: G1CollectForAllocation (G1 Evacuation Pause)
Event: 13.004 Executing VM operation: G1CollectForAllocation (G1 Evacuation Pause) done

Events (20 events):
Event: 0.666 Thread 0x000001d9b9e895c0 Thread added: 0x000001d9b9e895c0
Event: 0.680 Thread 0x000001d9b9e89c90 Thread added: 0x000001d9b9e89c90
Event: 0.680 Thread 0x000001d9b9e86610 Thread added: 0x000001d9b9e86610
Event: 0.695 Thread 0x000001d9b9e873b0 Thread added: 0x000001d9b9e873b0
Event: 0.695 Thread 0x000001d98047c7f0 Thread added: 0x000001d98047c7f0
Event: 0.696 Thread 0x000001d980479170 Thread added: 0x000001d980479170
Event: 1.219 Thread 0x000001d980479170 Thread exited: 0x000001d980479170
Event: 1.221 Thread 0x000001d98047c7f0 Thread exited: 0x000001d98047c7f0
Event: 4.003 Thread 0x000001d9b9e873b0 Thread exited: 0x000001d9b9e873b0
Event: 4.559 Thread 0x000001d9b9e86610 Thread exited: 0x000001d9b9e86610
Event: 4.559 Thread 0x000001d9b9e89c90 Thread exited: 0x000001d9b9e89c90
Event: 4.559 Thread 0x000001d9b9e895c0 Thread exited: 0x000001d9b9e895c0
Event: 5.100 Thread 0x000001d9b9e86ce0 Thread exited: 0x000001d9b9e86ce0
Event: 5.337 Thread 0x000001d9810ab100 Thread added: 0x000001d9810ab100
Event: 5.337 Thread 0x000001d9810ad310 Thread added: 0x000001d9810ad310
Event: 5.341 Thread 0x000001d9810a9c90 Thread added: 0x000001d9810a9c90
Event: 5.341 Thread 0x000001d9810ac570 Thread added: 0x000001d9810ac570
Event: 5.752 Thread 0x000001d9810ad9e0 Thread added: 0x000001d9810ad9e0
Event: 5.814 Thread 0x000001d9810aa360 Thread added: 0x000001d9810aa360
Event: 5.836 Thread 0x000001d9810ae0b0 Thread added: 0x000001d9810ae0b0


Dynamic libraries:
0x00007ff62fc30000 - 0x00007ff62fc3e000 	C:\Program Files\Java\jdk-21.0.2\bin\java.exe
0x00007ffffaf80000 - 0x00007ffffb1e7000 	C:\WINDOWS\SYSTEM32\ntdll.dll
0x00007ffff8d20000 - 0x00007ffff8de9000 	C:\WINDOWS\System32\KERNEL32.DLL
0x00007ffff7f30000 - 0x00007ffff8321000 	C:\WINDOWS\System32\KERNELBASE.dll
0x00007ffff7860000 - 0x00007ffff79ab000 	C:\WINDOWS\System32\ucrtbase.dll
0x00007fffd3c50000 - 0x00007fffd3c68000 	C:\Program Files\Java\jdk-21.0.2\bin\jli.dll
0x00007fffd1980000 - 0x00007fffd199b000 	C:\Program Files\Java\jdk-21.0.2\bin\VCRUNTIME140.dll
0x00007ffffacf0000 - 0x00007ffffaeb5000 	C:\WINDOWS\System32\USER32.dll
0x00007ffff79b0000 - 0x00007ffff79d7000 	C:\WINDOWS\System32\win32u.dll
0x00007fffdbfc0000 - 0x00007fffdc253000 	C:\WINDOWS\WinSxS\amd64_microsoft.windows.common-controls_6595b64144ccf1df_6.0.26100.8037_none_3e092faae333b53b\COMCTL32.dll
0x00007ffffa4d0000 - 0x00007ffffa4fb000 	C:\WINDOWS\System32\GDI32.dll
0x00007ffffa420000 - 0x00007ffffa4c9000 	C:\WINDOWS\System32\msvcrt.dll
0x00007ffff7c90000 - 0x00007ffff7dbb000 	C:\WINDOWS\System32\gdi32full.dll
0x00007ffff7be0000 - 0x00007ffff7c83000 	C:\WINDOWS\System32\msvcp_win.dll
0x00007ffff9190000 - 0x00007ffff91c1000 	C:\WINDOWS\System32\IMM32.DLL
0x00007fffd8fc0000 - 0x00007fffd8fcc000 	C:\Program Files\Java\jdk-21.0.2\bin\vcruntime140_1.dll
0x00007fffa9180000 - 0x00007fffa920e000 	C:\Program Files\Java\jdk-21.0.2\bin\msvcp140.dll
0x00007fff3e0f0000 - 0x00007fff3ee07000 	C:\Program Files\Java\jdk-21.0.2\bin\server\jvm.dll
0x00007ffff9710000 - 0x00007ffff97cb000 	C:\WINDOWS\System32\ADVAPI32.dll
0x00007ffffab20000 - 0x00007ffffabc7000 	C:\WINDOWS\System32\sechost.dll
0x00007ffff8ff0000 - 0x00007ffff9108000 	C:\WINDOWS\System32\RPCRT4.dll
0x00007ffffaec0000 - 0x00007ffffaf34000 	C:\WINDOWS\System32\WS2_32.dll
0x00007ffff7250000 - 0x00007ffff72ae000 	C:\WINDOWS\SYSTEM32\POWRPROF.dll
0x00007fffed6d0000 - 0x00007fffed6db000 	C:\WINDOWS\SYSTEM32\VERSION.dll
0x00007fffea430000 - 0x00007fffea465000 	C:\WINDOWS\SYSTEM32\WINMM.dll
0x00007ffff7230000 - 0x00007ffff7244000 	C:\WINDOWS\SYSTEM32\UMPDC.dll
0x00007ffff65b0000 - 0x00007ffff65cb000 	C:\WINDOWS\SYSTEM32\kernel.appcore.dll
0x00007fffd7170000 - 0x00007fffd717a000 	C:\Program Files\Java\jdk-21.0.2\bin\jimage.dll
0x00007ffff58e0000 - 0x00007ffff5b22000 	C:\WINDOWS\SYSTEM32\DBGHELP.DLL
0x00007ffff9380000 - 0x00007ffff9702000 	C:\WINDOWS\System32\combase.dll
0x00007ffffa2c0000 - 0x00007ffffa397000 	C:\WINDOWS\System32\OLEAUT32.dll
0x00007fffdca90000 - 0x00007fffdcacb000 	C:\WINDOWS\SYSTEM32\dbgcore.DLL
0x00007ffff7dc0000 - 0x00007ffff7e65000 	C:\WINDOWS\System32\bcryptPrimitives.dll
0x00007fffd0830000 - 0x00007fffd084f000 	C:\Program Files\Java\jdk-21.0.2\bin\java.dll
0x00007ffff9b50000 - 0x00007ffffa2af000 	C:\WINDOWS\System32\SHELL32.dll
0x00007ffff7a70000 - 0x00007ffff7bda000 	C:\WINDOWS\System32\wintypes.dll
0x00007ffff84b0000 - 0x00007ffff8d14000 	C:\WINDOWS\System32\windows.storage.dll
0x00007ffff8df0000 - 0x00007ffff8ee7000 	C:\WINDOWS\System32\SHCORE.dll
0x00007ffff8f50000 - 0x00007ffff8fb7000 	C:\WINDOWS\System32\shlwapi.dll
0x00007ffff7780000 - 0x00007ffff77a9000 	C:\WINDOWS\SYSTEM32\profapi.dll
0x00007fffa8b90000 - 0x00007fffa8c67000 	C:\Program Files\Java\jdk-21.0.2\bin\jsvml.dll
0x00007fffd6990000 - 0x00007fffd69a0000 	C:\Program Files\Java\jdk-21.0.2\bin\net.dll
0x00007fffefb10000 - 0x00007fffefc37000 	C:\WINDOWS\SYSTEM32\WINHTTP.dll
0x00007ffff6b00000 - 0x00007ffff6b6b000 	C:\WINDOWS\system32\mswsock.dll
0x00007fffcac90000 - 0x00007fffcaca6000 	C:\Program Files\Java\jdk-21.0.2\bin\nio.dll
0x00007fffc9c20000 - 0x00007fffc9c38000 	C:\Program Files\Java\jdk-21.0.2\bin\zip.dll
0x00007fffc8b50000 - 0x00007fffc8b74000 	C:\Program Files\apache-maven-3.9.12\lib\jansi-native\Windows\x86_64\jansi.dll
0x00007fffd68e0000 - 0x00007fffd68f0000 	C:\Program Files\Java\jdk-21.0.2\bin\verify.dll

dbghelp: loaded successfully - version: 4.0.5 - missing functions: none
symbol engine: initialized successfully - sym options: 0x614 - pdb path: .;C:\Program Files\Java\jdk-21.0.2\bin;C:\WINDOWS\SYSTEM32;C:\WINDOWS\WinSxS\amd64_microsoft.windows.common-controls_6595b64144ccf1df_6.0.26100.8037_none_3e092faae333b53b;C:\Program Files\Java\jdk-21.0.2\bin\server;C:\Program Files\apache-maven-3.9.12\lib\jansi-native\Windows\x86_64

VM Arguments:
jvm_args: --enable-native-access=ALL-UNNAMED -Dclassworlds.conf=C:\Program Files\apache-maven-3.9.12\bin\m2.conf -Dmaven.home=C:\Program Files\apache-maven-3.9.12 -Dlibrary.jansi.path=C:\Program Files\apache-maven-3.9.12\lib\jansi-native -Dmaven.multiModuleProjectDirectory=D:\be_sme 
java_command: org.codehaus.plexus.classworlds.launcher.Launcher -q -DskipTests compile
java_class_path (initial): C:\Program Files\apache-maven-3.9.12\boot\plexus-classworlds-2.9.0.jar
Launcher Type: SUN_STANDARD

[Global flags]
     intx CICompilerCount                          = 12                                        {product} {ergonomic}
     uint ConcGCThreads                            = 3                                         {product} {ergonomic}
     uint G1ConcRefinementThreads                  = 13                                        {product} {ergonomic}
   size_t G1HeapRegionSize                         = 2097152                                   {product} {ergonomic}
    uintx GCDrainStackTargetSize                   = 64                                        {product} {ergonomic}
   size_t InitialHeapSize                          = 264241152                                 {product} {ergonomic}
   size_t MarkStackSize                            = 4194304                                   {product} {ergonomic}
   size_t MaxHeapSize                              = 4223664128                                {product} {ergonomic}
   size_t MaxNewSize                               = 2533359616                                {product} {ergonomic}
   size_t MinHeapDeltaBytes                        = 2097152                                   {product} {ergonomic}
   size_t MinHeapSize                              = 8388608                                   {product} {ergonomic}
    uintx NonNMethodCodeHeapSize                   = 7602480                                {pd product} {ergonomic}
    uintx NonProfiledCodeHeapSize                  = 122027880                              {pd product} {ergonomic}
    uintx ProfiledCodeHeapSize                     = 122027880                              {pd product} {ergonomic}
    uintx ReservedCodeCacheSize                    = 251658240                              {pd product} {ergonomic}
     bool SegmentedCodeCache                       = true                                      {product} {ergonomic}
   size_t SoftMaxHeapSize                          = 4223664128                             {manageable} {ergonomic}
     bool UseCompressedOops                        = true                           {product lp64_product} {ergonomic}
     bool UseG1GC                                  = true                                      {product} {ergonomic}
     bool UseLargePagesIndividualAllocation        = false                                  {pd product} {ergonomic}

Logging:
Log output configuration:
 #0: stdout all=warning uptime,level,tags foldmultilines=false
 #1: stderr all=off uptime,level,tags foldmultilines=false

Environment Variables:
JAVA_HOME=C:\Program Files\Java\jdk-21.0.2
CLASSPATH=.;C:\Program Files\Java\jdk1.8.0_202\lib;C:\Program Files\Java\jdk1.8.0_202\jre\lib;
PATH=c:\Users\Admin\AppData\Local\Programs\cursor\resources\app\bin;D:\Java\jdk-17\bin;C:\Python312\Scripts\;C:\Python312\;C:\Program Files\Common Files\Oracle\Java\javapath;C:\Program Files (x86)\Common Files\Oracle\Java\java8path;C:\Program Files (x86)\Common Files\Oracle\Java\javapath;C:\WINDOWS\system32;C:\WINDOWS;C:\WINDOWS\System32\Wbem;C:\WINDOWS\System32\WindowsPowerShell\v1.0\;C:\WINDOWS\System32\OpenSSH\;C:\Program Files (x86)\Microsoft SQL Server\160\Tools\Binn\;C:\Program Files\Microsoft SQL Server\160\Tools\Binn\;C:\Program Files\Microsoft SQL Server\Client SDK\ODBC\170\Tools\Binn\;C:\Program Files\Microsoft SQL Server\160\DTS\Binn\;C:\Program Files\Java\jdk1.8.0_202\bin;C:\ProgramData\chocolatey\bin;C:\Program Files\Git\cmd;C:\Program Files\Git\bin\;D:\Java\apache-maven-3.9.6\bin;C:\Program Files\dotnet\;C:\Program Files\GitHub CLI\;C:\Program Files\Stripe;C:\Program Files\Redis\;C:\Program Files\Gradle;C:\Program Files\PostgreSQL\17\bin;C:\Program Files\Docker\Docker\resources\bin;C:\Program Files\;C:\Users\Admin\AppData\Local\Android\Sdk\platform-tools;C:\Users\Admin\AppData\Local\Android\Sdk\tools;C:\Users\Admin\AppData\Local\Android\Sdk\platform-tools;C:\Program Files\Java\jdk-21.0.2\bin;C:\WINDOWS\system32;C:\WINDOWS;C:\WINDOWS\System32\Wbem;C:\WINDOWS\System32\WindowsPowerShell\v1.0\;C:\WINDOWS\System32\OpenSSH\;C:\Program Files\Go\bin;C:\Program Files\apache-maven-3.9.12\bin;C:\Program Files\nodejs\;c:\Users\anh71\AppData\Local\Programs\cursor\resources\app\codeBin;C:\Users\anh71\AppData\Local\Microsoft\WindowsApps;C:\Users\anh71\.dotnet\tools;C:\Users\anh71\AppData\Local\Programs\cursor\resources\app\bin;C:\Users\anh71\AppData\Roaming\npm
USERNAME=anh71
TERM=dumb
OS=Windows_NT
PROCESSOR_IDENTIFIER=Intel64 Family 6 Model 141 Stepping 1, GenuineIntel
TMP=C:\Users\anh71\AppData\Local\Temp
TEMP=C:\Users\anh71\AppData\Local\Temp




Periodic native trim disabled

---------------  S Y S T E M  ---------------

OS:
 Windows 11 , 64 bit Build 26100 (10.0.26100.7920)
OS uptime: 0 days 7:30 hours
Hyper-V role detected

CPU: total 16 (initial active 16) (8 cores per cpu, 2 threads per core) family 6 model 141 stepping 1 microcode 0x46, cx8, cmov, fxsr, ht, mmx, 3dnowpref, sse, sse2, sse3, ssse3, sse4.1, sse4.2, popcnt, lzcnt, tsc, tscinvbit, avx, avx2, aes, erms, clmul, bmi1, bmi2, adx, avx512f, avx512dq, avx512cd, avx512bw, avx512vl, sha, fma, vzeroupper, avx512_vpopcntdq, avx512_vpclmulqdq, avx512_vaes, avx512_vnni, clflush, clflushopt, clwb, avx512_vbmi2, avx512_vbmi, hv, rdtscp, rdpid, fsrm, gfni, avx512_bitalg, f16c, cet_ibt, cet_ss, avx512_ifma
Processor Information for all 16 processors :
  Max Mhz: 2304, Current Mhz: 2304, Mhz Limit: 2304

Memory: 4k page, system-wide physical 16107M (1659M free)
TotalPageFile size 24299M (AvailPageFile size 43M)
current process WorkingSet (physical memory assigned to process): 620M, peak: 621M
current process commit charge ("private bytes"): 670M, peak: 670M

vm_info: OpenJDK 64-Bit Server VM (21.0.2+13-58) for windows-amd64 JRE (21.0.2+13-58), built on 2024-01-05T18:32:24Z by "mach5one" with MS VC++ 17.1 (VS2022)

END.
