#
# There is insufficient memory for the Java Runtime Environment to continue.
# Native memory allocation (mmap) failed to map 22020096 bytes for G1 virtual space
# Possible reasons:
#   The system is out of physical RAM or swap space
#   The process is running with CompressedOops enabled, and the Java Heap may be blocking the growth of the native heap
# Possible solutions:
#   Reduce memory load on the system
#   Increase physical memory or swap space
#   Check if swap backing store is full
#   Decrease Java heap size (-Xmx/-Xms)
#   Decrease number of Java threads
#   Decrease Java thread stack sizes (-Xss)
#   Set larger code cache with -XX:ReservedCodeCacheSize=
#   JVM is running with Unscaled Compressed Oops mode in which the Java heap is
#     placed in the first 4GB address space. The Java Heap base address is the
#     maximum limit for the native heap growth. Please use -XX:HeapBaseMinAddress
#     to set the Java Heap base and to place the Java Heap above 4GB virtual address.
# This output file may be truncated or incomplete.
#
#  Out of Memory Error (os_windows.cpp:3600), pid=11224, tid=11372
#
# JRE version: OpenJDK Runtime Environment (21.0.2+13) (build 21.0.2+13-58)
# Java VM: OpenJDK 64-Bit Server VM (21.0.2+13-58, mixed mode, sharing, tiered, compressed oops, compressed class ptrs, g1 gc, windows-amd64)
# No core dump will be written. Minidumps are not enabled by default on client versions of Windows
#

---------------  S U M M A R Y ------------

Command Line: --enable-native-access=ALL-UNNAMED -Xmx512m -Xms128m -Dclassworlds.conf=C:\Users\anh71\.m2\wrapper\dists\apache-maven-3.9.12\59fe215c0ad6947fea90184bf7add084544567b927287592651fda3782e0e798\bin\m2.conf -Dmaven.home=C:\Users\anh71\.m2\wrapper\dists\apache-maven-3.9.12\59fe215c0ad6947fea90184bf7add084544567b927287592651fda3782e0e798 -Dlibrary.jansi.path=C:\Users\anh71\.m2\wrapper\dists\apache-maven-3.9.12\59fe215c0ad6947fea90184bf7add084544567b927287592651fda3782e0e798\lib\jansi-native -Dmaven.multiModuleProjectDirectory=D:\be_sme org.codehaus.plexus.classworlds.launcher.Launcher -q -DskipTests compile

Host: 11th Gen Intel(R) Core(TM) i7-11800H @ 2.30GHz, 16 cores, 15G,  Windows 11 , 64 bit Build 26100 (10.0.26100.7920)
Time: Fri Apr 10 09:43:43 2026 SE Asia Standard Time elapsed time: 13.517170 seconds (0d 0h 0m 13s)

---------------  T H R E A D  ---------------

Current thread (0x0000027acf6ab0f0):  VMThread "VM Thread"          [id=11372, stack(0x000000c0c4300000,0x000000c0c4400000) (1024K)]

Stack: [0x000000c0c4300000,0x000000c0c4400000]
Native frames: (J=compiled Java code, j=interpreted, Vv=VM code, C=native code)
V  [jvm.dll+0x6cade9]
V  [jvm.dll+0x8569c1]
V  [jvm.dll+0x858d2e]
V  [jvm.dll+0x859413]
V  [jvm.dll+0x280e56]
V  [jvm.dll+0x6c74d5]
V  [jvm.dll+0x6bbeca]
V  [jvm.dll+0x355bca]
V  [jvm.dll+0x35d816]
V  [jvm.dll+0x3ae67e]
V  [jvm.dll+0x3ae928]
V  [jvm.dll+0x3295dc]
V  [jvm.dll+0x329667]
V  [jvm.dll+0x36df1c]
V  [jvm.dll+0x36c71d]
V  [jvm.dll+0x328d51]
V  [jvm.dll+0x36be2a]
V  [jvm.dll+0x85ef18]
V  [jvm.dll+0x860014]
V  [jvm.dll+0x860550]
V  [jvm.dll+0x8607f3]
V  [jvm.dll+0x7ff568]
V  [jvm.dll+0x6c953d]
C  [ucrtbase.dll+0x37b0]
C  [KERNEL32.DLL+0x2e8d7]
C  [ntdll.dll+0x8c48c]

VM_Operation (0x000000c0c3cfb8f0): G1CollectForAllocation, mode: safepoint, requested by thread 0x0000027ab405f880


---------------  P R O C E S S  ---------------

Threads class SMR info:
_java_thread_list=0x0000027b17577450, length=19, elements={
0x0000027ab405f880, 0x0000027acf6cc680, 0x0000027acf6cf5e0, 0x0000027acf6d2270,
0x0000027acf6d4030, 0x0000027acf6d61b0, 0x0000027acf6deb90, 0x0000027acf6e1a20,
0x0000027acf6f69e0, 0x0000027acf8bdb20, 0x0000027acf9ed0b0, 0x0000027acf9f0f40,
0x0000027acf8bb910, 0x0000027acf8bc6b0, 0x0000027acf8bbfe0, 0x0000027acf8bcd80,
0x0000027acf8bd450, 0x0000027b180fbba0, 0x0000027b180fc940
}

Java Threads: ( => current thread )
  0x0000027ab405f880 JavaThread "main"                              [_thread_blocked, id=16688, stack(0x000000c0c3c00000,0x000000c0c3d00000) (1024K)]
  0x0000027acf6cc680 JavaThread "Reference Handler"          daemon [_thread_blocked, id=14460, stack(0x000000c0c4400000,0x000000c0c4500000) (1024K)]
  0x0000027acf6cf5e0 JavaThread "Finalizer"                  daemon [_thread_blocked, id=25628, stack(0x000000c0c4500000,0x000000c0c4600000) (1024K)]
  0x0000027acf6d2270 JavaThread "Signal Dispatcher"          daemon [_thread_blocked, id=22000, stack(0x000000c0c4600000,0x000000c0c4700000) (1024K)]
  0x0000027acf6d4030 JavaThread "Attach Listener"            daemon [_thread_blocked, id=10128, stack(0x000000c0c4700000,0x000000c0c4800000) (1024K)]
  0x0000027acf6d61b0 JavaThread "Service Thread"             daemon [_thread_blocked, id=10964, stack(0x000000c0c4800000,0x000000c0c4900000) (1024K)]
  0x0000027acf6deb90 JavaThread "Monitor Deflation Thread"   daemon [_thread_blocked, id=32084, stack(0x000000c0c4900000,0x000000c0c4a00000) (1024K)]
  0x0000027acf6e1a20 JavaThread "C2 CompilerThread0"         daemon [_thread_blocked, id=22888, stack(0x000000c0c4a00000,0x000000c0c4b00000) (1024K)]
  0x0000027acf6f69e0 JavaThread "C1 CompilerThread0"         daemon [_thread_blocked, id=10900, stack(0x000000c0c4b00000,0x000000c0c4c00000) (1024K)]
  0x0000027acf8bdb20 JavaThread "C1 CompilerThread1"         daemon [_thread_blocked, id=23692, stack(0x000000c0c4c00000,0x000000c0c4d00000) (1024K)]
  0x0000027acf9ed0b0 JavaThread "Notification Thread"        daemon [_thread_blocked, id=23412, stack(0x000000c0c4d00000,0x000000c0c4e00000) (1024K)]
  0x0000027acf9f0f40 JavaThread "Common-Cleaner"             daemon [_thread_blocked, id=18636, stack(0x000000c0c4e00000,0x000000c0c4f00000) (1024K)]
  0x0000027acf8bb910 JavaThread "C2 CompilerThread1"         daemon [_thread_blocked, id=23332, stack(0x000000c0c4f00000,0x000000c0c5000000) (1024K)]
  0x0000027acf8bc6b0 JavaThread "C2 CompilerThread2"         daemon [_thread_blocked, id=33556, stack(0x000000c0c5000000,0x000000c0c5100000) (1024K)]
  0x0000027acf8bbfe0 JavaThread "C1 CompilerThread2"         daemon [_thread_blocked, id=29456, stack(0x000000c0c5100000,0x000000c0c5200000) (1024K)]
  0x0000027acf8bcd80 JavaThread "C1 CompilerThread3"         daemon [_thread_blocked, id=16600, stack(0x000000c0c5200000,0x000000c0c5300000) (1024K)]
  0x0000027acf8bd450 JavaThread "C2 CompilerThread3"         daemon [_thread_blocked, id=24556, stack(0x000000c0c5300000,0x000000c0c5400000) (1024K)]
  0x0000027b180fbba0 JavaThread "C2 CompilerThread4"         daemon [_thread_blocked, id=27760, stack(0x000000c0c6200000,0x000000c0c6300000) (1024K)]
  0x0000027b180fc940 JavaThread "C2 CompilerThread5"         daemon [_thread_blocked, id=11936, stack(0x000000c0c6300000,0x000000c0c6400000) (1024K)]
Total: 19

Other Threads:
=>0x0000027acf6ab0f0 VMThread "VM Thread"                           [id=11372, stack(0x000000c0c4300000,0x000000c0c4400000) (1024K)]
  0x0000027acf690f70 WatcherThread "VM Periodic Task Thread"        [id=21952, stack(0x000000c0c4200000,0x000000c0c4300000) (1024K)]
  0x0000027ab4084eb0 WorkerThread "GC Thread#0"                     [id=34208, stack(0x000000c0c3d00000,0x000000c0c3e00000) (1024K)]
  0x0000027acf6aad50 WorkerThread "GC Thread#1"                     [id=26056, stack(0x000000c0c5700000,0x000000c0c5800000) (1024K)]
  0x0000027acf6ab490 WorkerThread "GC Thread#2"                     [id=14252, stack(0x000000c0c5800000,0x000000c0c5900000) (1024K)]
  0x0000027acf6a9b30 WorkerThread "GC Thread#3"                     [id=11604, stack(0x000000c0c5900000,0x000000c0c5a00000) (1024K)]
  0x0000027acf6a9ed0 WorkerThread "GC Thread#4"                     [id=31828, stack(0x000000c0c5a00000,0x000000c0c5b00000) (1024K)]
  0x0000027acf6aa9b0 WorkerThread "GC Thread#5"                     [id=14280, stack(0x000000c0c5b00000,0x000000c0c5c00000) (1024K)]
  0x0000027acf6aa270 WorkerThread "GC Thread#6"                     [id=29760, stack(0x000000c0c5c00000,0x000000c0c5d00000) (1024K)]
  0x0000027b15bff580 WorkerThread "GC Thread#7"                     [id=24684, stack(0x000000c0c5d00000,0x000000c0c5e00000) (1024K)]
  0x0000027b15bff920 WorkerThread "GC Thread#8"                     [id=33896, stack(0x000000c0c5600000,0x000000c0c5700000) (1024K)]
  0x0000027b15bfd140 WorkerThread "GC Thread#9"                     [id=34900, stack(0x000000c0c5e00000,0x000000c0c5f00000) (1024K)]
  0x0000027b15bffcc0 WorkerThread "GC Thread#10"                    [id=34784, stack(0x000000c0c5f00000,0x000000c0c6000000) (1024K)]
  0x0000027b15bfdfc0 WorkerThread "GC Thread#11"                    [id=3048, stack(0x000000c0c6000000,0x000000c0c6100000) (1024K)]
  0x0000027b15bfdc20 WorkerThread "GC Thread#12"                    [id=9964, stack(0x000000c0c6100000,0x000000c0c6200000) (1024K)]
  0x0000027ab4089e90 ConcurrentGCThread "G1 Main Marker"            [id=11220, stack(0x000000c0c3e00000,0x000000c0c3f00000) (1024K)]
  0x0000027ab408b810 WorkerThread "G1 Conc#0"                       [id=32788, stack(0x000000c0c3f00000,0x000000c0c4000000) (1024K)]
  0x0000027b17041470 WorkerThread "G1 Conc#1"                       [id=22272, stack(0x000000c0c5400000,0x000000c0c5500000) (1024K)]
  0x0000027b17040990 WorkerThread "G1 Conc#2"                       [id=21128, stack(0x000000c0c5500000,0x000000c0c5600000) (1024K)]
  0x0000027ab411e5c0 ConcurrentGCThread "G1 Refine#0"               [id=31656, stack(0x000000c0c4000000,0x000000c0c4100000) (1024K)]
  0x0000027acf559110 ConcurrentGCThread "G1 Service"                [id=10228, stack(0x000000c0c4100000,0x000000c0c4200000) (1024K)]
Total: 21

Threads with active compile tasks:
C2 CompilerThread0    13533 10151       4       com.sun.tools.javac.comp.TypeEnter$ImportsPhase::doImport (204 bytes)
C2 CompilerThread1    13533 10201   !   4       com.sun.tools.javac.code.TypeAnnotations$TypeAnnotationPositions::visitMethodDef (392 bytes)
C2 CompilerThread2    13533 10172       4       com.sun.tools.javac.comp.Check::checkImportsUnique (197 bytes)
C2 CompilerThread3    13533 10187       4       com.sun.tools.javac.code.Types$13::visitClassType (136 bytes)
C2 CompilerThread4    13533 10222       4       com.sun.tools.javac.util.ListBuffer::next (56 bytes)
C2 CompilerThread5    13533 10189   !   4       com.sun.tools.javac.comp.Resolve::selectBest (552 bytes)
Total: 6

VM state: at safepoint (normal execution)

VM Mutex/Monitor currently owned by a thread:  ([mutex/lock_event])
[0x00007ffdf569cd68] Threads_lock - owner thread: 0x0000027acf6ab0f0
[0x00007ffdf569ce68] Heap_lock - owner thread: 0x0000027ab405f880

Heap address: 0x00000000e0000000, size: 512 MB, Compressed Oops mode: 32-bit

CDS archive(s) mapped at: [0x0000027ad0000000-0x0000027ad0c90000-0x0000027ad0c90000), size 13172736, SharedBaseAddress: 0x0000027ad0000000, ArchiveRelocationMode: 1.
Compressed class space mapped at: 0x0000027ad1000000-0x0000027b11000000, reserved size: 1073741824
Narrow klass base: 0x0000027ad0000000, Narrow klass shift: 0, Narrow klass range: 0x100000000

GC Precious Log:
 CardTable entry size: 512
 Card Set container configuration: InlinePtr #cards 5 size 8 Array Of Cards #cards 12 size 40 Howl #buckets 4 coarsen threshold 1843 Howl Bitmap #cards 512 size 80 coarsen threshold 460 Card regions per heap region 1 cards per card region 2048
 CPUs: 16 total, 16 available
 Memory: 16107M
 Large Page Support: Disabled
 NUMA Support: Disabled
 Compressed Oops: Enabled (32-bit)
 Heap Region Size: 1M
 Heap Min Capacity: 128M
 Heap Initial Capacity: 128M
 Heap Max Capacity: 512M
 Pre-touch: Disabled
 Parallel Workers: 13
 Concurrent Workers: 3
 Concurrent Refinement Workers: 13
 Periodic GC: Disabled

Heap:
 garbage-first heap   total 220160K, used 98372K [0x00000000e0000000, 0x0000000100000000)
  region size 1024K, 3 young (3072K), 3 survivors (3072K)
 Metaspace       used 31235K, committed 31744K, reserved 1114112K
  class space    used 3396K, committed 3648K, reserved 1048576K

Heap Regions: E=young(eden), S=young(survivor), O=old, HS=humongous(starts), HC=humongous(continues), CS=collection set, F=free, TAMS=top-at-mark-start, PB=parsable bottom
|   0|0x00000000e0000000, 0x00000000e0100000, 0x00000000e0100000|100%| O|  |TAMS 0x00000000e0000000| PB 0x00000000e0000000| Untracked 
|   1|0x00000000e0100000, 0x00000000e0200000, 0x00000000e0200000|100%| O|  |TAMS 0x00000000e0100000| PB 0x00000000e0100000| Untracked 
|   2|0x00000000e0200000, 0x00000000e0300000, 0x00000000e0300000|100%| O|  |TAMS 0x00000000e0200000| PB 0x00000000e0200000| Untracked 
|   3|0x00000000e0300000, 0x00000000e0400000, 0x00000000e0400000|100%| O|  |TAMS 0x00000000e0300000| PB 0x00000000e0300000| Untracked 
|   4|0x00000000e0400000, 0x00000000e0500000, 0x00000000e0500000|100%| O|  |TAMS 0x00000000e0400000| PB 0x00000000e0400000| Untracked 
|   5|0x00000000e0500000, 0x00000000e0600000, 0x00000000e0600000|100%| O|  |TAMS 0x00000000e0500000| PB 0x00000000e0500000| Untracked 
|   6|0x00000000e0600000, 0x00000000e0700000, 0x00000000e0700000|100%| O|  |TAMS 0x00000000e0600000| PB 0x00000000e0600000| Untracked 
|   7|0x00000000e0700000, 0x00000000e0800000, 0x00000000e0800000|100%| O|  |TAMS 0x00000000e0700000| PB 0x00000000e0700000| Untracked 
|   8|0x00000000e0800000, 0x00000000e0900000, 0x00000000e0900000|100%| O|  |TAMS 0x00000000e0800000| PB 0x00000000e0800000| Untracked 
|   9|0x00000000e0900000, 0x00000000e0a00000, 0x00000000e0a00000|100%| O|  |TAMS 0x00000000e0900000| PB 0x00000000e0900000| Untracked 
|  10|0x00000000e0a00000, 0x00000000e0b00000, 0x00000000e0b00000|100%| O|  |TAMS 0x00000000e0a00000| PB 0x00000000e0a00000| Untracked 
|  11|0x00000000e0b00000, 0x00000000e0c00000, 0x00000000e0c00000|100%| O|  |TAMS 0x00000000e0b00000| PB 0x00000000e0b00000| Untracked 
|  12|0x00000000e0c00000, 0x00000000e0d00000, 0x00000000e0d00000|100%| O|  |TAMS 0x00000000e0c00000| PB 0x00000000e0c00000| Untracked 
|  13|0x00000000e0d00000, 0x00000000e0e00000, 0x00000000e0e00000|100%| O|  |TAMS 0x00000000e0d00000| PB 0x00000000e0d00000| Untracked 
|  14|0x00000000e0e00000, 0x00000000e0f00000, 0x00000000e0f00000|100%| O|  |TAMS 0x00000000e0e00000| PB 0x00000000e0e00000| Untracked 
|  15|0x00000000e0f00000, 0x00000000e1000000, 0x00000000e1000000|100%| O|  |TAMS 0x00000000e0f00000| PB 0x00000000e0f00000| Untracked 
|  16|0x00000000e1000000, 0x00000000e1100000, 0x00000000e1100000|100%| O|  |TAMS 0x00000000e1000000| PB 0x00000000e1000000| Untracked 
|  17|0x00000000e1100000, 0x00000000e1200000, 0x00000000e1200000|100%| O|  |TAMS 0x00000000e1100000| PB 0x00000000e1100000| Untracked 
|  18|0x00000000e1200000, 0x00000000e1300000, 0x00000000e1300000|100%| O|  |TAMS 0x00000000e1200000| PB 0x00000000e1200000| Untracked 
|  19|0x00000000e1300000, 0x00000000e1400000, 0x00000000e1400000|100%| O|  |TAMS 0x00000000e1300000| PB 0x00000000e1300000| Untracked 
|  20|0x00000000e1400000, 0x00000000e1500000, 0x00000000e1500000|100%| O|  |TAMS 0x00000000e1400000| PB 0x00000000e1400000| Untracked 
|  21|0x00000000e1500000, 0x00000000e1600000, 0x00000000e1600000|100%| O|  |TAMS 0x00000000e1500000| PB 0x00000000e1500000| Untracked 
|  22|0x00000000e1600000, 0x00000000e1700000, 0x00000000e1700000|100%| O|  |TAMS 0x00000000e1600000| PB 0x00000000e1600000| Untracked 
|  23|0x00000000e1700000, 0x00000000e1800000, 0x00000000e1800000|100%| O|  |TAMS 0x00000000e1700000| PB 0x00000000e1700000| Untracked 
|  24|0x00000000e1800000, 0x00000000e1900000, 0x00000000e1900000|100%| O|  |TAMS 0x00000000e1800000| PB 0x00000000e1800000| Untracked 
|  25|0x00000000e1900000, 0x00000000e1a00000, 0x00000000e1a00000|100%| O|  |TAMS 0x00000000e1900000| PB 0x00000000e1900000| Untracked 
|  26|0x00000000e1a00000, 0x00000000e1b00000, 0x00000000e1b00000|100%| O|  |TAMS 0x00000000e1a00000| PB 0x00000000e1a00000| Untracked 
|  27|0x00000000e1b00000, 0x00000000e1c00000, 0x00000000e1c00000|100%| O|  |TAMS 0x00000000e1b00000| PB 0x00000000e1b00000| Untracked 
|  28|0x00000000e1c00000, 0x00000000e1d00000, 0x00000000e1d00000|100%| O|  |TAMS 0x00000000e1c00000| PB 0x00000000e1c00000| Untracked 
|  29|0x00000000e1d00000, 0x00000000e1e00000, 0x00000000e1e00000|100%| O|  |TAMS 0x00000000e1d00000| PB 0x00000000e1d00000| Untracked 
|  30|0x00000000e1e00000, 0x00000000e1f00000, 0x00000000e1f00000|100%| O|  |TAMS 0x00000000e1e00000| PB 0x00000000e1e00000| Untracked 
|  31|0x00000000e1f00000, 0x00000000e2000000, 0x00000000e2000000|100%| O|  |TAMS 0x00000000e1f00000| PB 0x00000000e1f00000| Untracked 
|  32|0x00000000e2000000, 0x00000000e2100000, 0x00000000e2100000|100%| O|  |TAMS 0x00000000e2000000| PB 0x00000000e2000000| Untracked 
|  33|0x00000000e2100000, 0x00000000e2200000, 0x00000000e2200000|100%| O|  |TAMS 0x00000000e2100000| PB 0x00000000e2100000| Untracked 
|  34|0x00000000e2200000, 0x00000000e2300000, 0x00000000e2300000|100%| O|  |TAMS 0x00000000e2200000| PB 0x00000000e2200000| Untracked 
|  35|0x00000000e2300000, 0x00000000e2400000, 0x00000000e2400000|100%| O|  |TAMS 0x00000000e2300000| PB 0x00000000e2300000| Untracked 
|  36|0x00000000e2400000, 0x00000000e2500000, 0x00000000e2500000|100%| O|  |TAMS 0x00000000e2400000| PB 0x00000000e2400000| Untracked 
|  37|0x00000000e2500000, 0x00000000e2600000, 0x00000000e2600000|100%| O|  |TAMS 0x00000000e2500000| PB 0x00000000e2500000| Untracked 
|  38|0x00000000e2600000, 0x00000000e2700000, 0x00000000e2700000|100%| O|  |TAMS 0x00000000e2600000| PB 0x00000000e2600000| Untracked 
|  39|0x00000000e2700000, 0x00000000e2800000, 0x00000000e2800000|100%|HS|  |TAMS 0x00000000e2700000| PB 0x00000000e2700000| Complete 
|  40|0x00000000e2800000, 0x00000000e2900000, 0x00000000e2900000|100%|HC|  |TAMS 0x00000000e2800000| PB 0x00000000e2800000| Complete 
|  41|0x00000000e2900000, 0x00000000e2a00000, 0x00000000e2a00000|100%| O|  |TAMS 0x00000000e2900000| PB 0x00000000e2900000| Untracked 
|  42|0x00000000e2a00000, 0x00000000e2b00000, 0x00000000e2b00000|100%| O|  |TAMS 0x00000000e2a00000| PB 0x00000000e2a00000| Untracked 
|  43|0x00000000e2b00000, 0x00000000e2c00000, 0x00000000e2c00000|100%| O|  |TAMS 0x00000000e2b00000| PB 0x00000000e2b00000| Untracked 
|  44|0x00000000e2c00000, 0x00000000e2d00000, 0x00000000e2d00000|100%| O|  |TAMS 0x00000000e2c00000| PB 0x00000000e2c00000| Untracked 
|  45|0x00000000e2d00000, 0x00000000e2e00000, 0x00000000e2e00000|100%| O|  |TAMS 0x00000000e2d00000| PB 0x00000000e2d00000| Untracked 
|  46|0x00000000e2e00000, 0x00000000e2e46280, 0x00000000e2f00000| 27%| O|  |TAMS 0x00000000e2e00000| PB 0x00000000e2e00000| Untracked 
|  47|0x00000000e2f00000, 0x00000000e3000000, 0x00000000e3000000|100%| O|  |TAMS 0x00000000e2f00000| PB 0x00000000e2f00000| Untracked 
|  48|0x00000000e3000000, 0x00000000e3100000, 0x00000000e3100000|100%| O|  |TAMS 0x00000000e3000000| PB 0x00000000e3000000| Untracked 
|  49|0x00000000e3100000, 0x00000000e3200000, 0x00000000e3200000|100%| O|  |TAMS 0x00000000e3100000| PB 0x00000000e3100000| Untracked 
|  50|0x00000000e3200000, 0x00000000e3300000, 0x00000000e3300000|100%| O|  |TAMS 0x00000000e3200000| PB 0x00000000e3200000| Untracked 
|  51|0x00000000e3300000, 0x00000000e3400000, 0x00000000e3400000|100%| O|  |TAMS 0x00000000e3300000| PB 0x00000000e3300000| Untracked 
|  52|0x00000000e3400000, 0x00000000e3500000, 0x00000000e3500000|100%| O|  |TAMS 0x00000000e3400000| PB 0x00000000e3400000| Untracked 
|  53|0x00000000e3500000, 0x00000000e3600000, 0x00000000e3600000|100%| O|  |TAMS 0x00000000e3500000| PB 0x00000000e3500000| Untracked 
|  54|0x00000000e3600000, 0x00000000e3700000, 0x00000000e3700000|100%| O|  |TAMS 0x00000000e3600000| PB 0x00000000e3600000| Untracked 
|  55|0x00000000e3700000, 0x00000000e3800000, 0x00000000e3800000|100%| O|  |TAMS 0x00000000e3700000| PB 0x00000000e3700000| Untracked 
|  56|0x00000000e3800000, 0x00000000e3900000, 0x00000000e3900000|100%| O|  |TAMS 0x00000000e3800000| PB 0x00000000e3800000| Untracked 
|  57|0x00000000e3900000, 0x00000000e3a00000, 0x00000000e3a00000|100%| O|  |TAMS 0x00000000e3900000| PB 0x00000000e3900000| Untracked 
|  58|0x00000000e3a00000, 0x00000000e3b00000, 0x00000000e3b00000|100%| O|  |TAMS 0x00000000e3a00000| PB 0x00000000e3a00000| Untracked 
|  59|0x00000000e3b00000, 0x00000000e3b00000, 0x00000000e3c00000|  0%| F|  |TAMS 0x00000000e3b00000| PB 0x00000000e3b00000| Untracked 
|  60|0x00000000e3c00000, 0x00000000e3d00000, 0x00000000e3d00000|100%| O|  |TAMS 0x00000000e3c00000| PB 0x00000000e3c00000| Untracked 
|  61|0x00000000e3d00000, 0x00000000e3e00000, 0x00000000e3e00000|100%| O|  |TAMS 0x00000000e3d00000| PB 0x00000000e3d00000| Untracked 
|  62|0x00000000e3e00000, 0x00000000e3f00000, 0x00000000e3f00000|100%| O|  |TAMS 0x00000000e3e00000| PB 0x00000000e3e00000| Untracked 
|  63|0x00000000e3f00000, 0x00000000e4000000, 0x00000000e4000000|100%| O|  |TAMS 0x00000000e3f00000| PB 0x00000000e3f00000| Untracked 
|  64|0x00000000e4000000, 0x00000000e4100000, 0x00000000e4100000|100%| O|  |TAMS 0x00000000e4000000| PB 0x00000000e4000000| Untracked 
|  65|0x00000000e4100000, 0x00000000e4100000, 0x00000000e4200000|  0%| F|  |TAMS 0x00000000e4100000| PB 0x00000000e4100000| Untracked 
|  66|0x00000000e4200000, 0x00000000e4200000, 0x00000000e4300000|  0%| F|  |TAMS 0x00000000e4200000| PB 0x00000000e4200000| Untracked 
|  67|0x00000000e4300000, 0x00000000e4400000, 0x00000000e4400000|100%| O|  |TAMS 0x00000000e4300000| PB 0x00000000e4300000| Untracked 
|  68|0x00000000e4400000, 0x00000000e4500000, 0x00000000e4500000|100%| O|  |TAMS 0x00000000e4400000| PB 0x00000000e4400000| Untracked 
|  69|0x00000000e4500000, 0x00000000e4600000, 0x00000000e4600000|100%| O|  |TAMS 0x00000000e4500000| PB 0x00000000e4500000| Untracked 
|  70|0x00000000e4600000, 0x00000000e4700000, 0x00000000e4700000|100%| O|  |TAMS 0x00000000e4600000| PB 0x00000000e4600000| Untracked 
|  71|0x00000000e4700000, 0x00000000e4800000, 0x00000000e4800000|100%| O|  |TAMS 0x00000000e4700000| PB 0x00000000e4700000| Untracked 
|  72|0x00000000e4800000, 0x00000000e4900000, 0x00000000e4900000|100%| O|  |TAMS 0x00000000e4800000| PB 0x00000000e4800000| Untracked 
|  73|0x00000000e4900000, 0x00000000e4a00000, 0x00000000e4a00000|100%| O|  |TAMS 0x00000000e4900000| PB 0x00000000e4900000| Untracked 
|  74|0x00000000e4a00000, 0x00000000e4b00000, 0x00000000e4b00000|100%| O|  |TAMS 0x00000000e4a00000| PB 0x00000000e4a00000| Untracked 
|  75|0x00000000e4b00000, 0x00000000e4c00000, 0x00000000e4c00000|100%| O|  |TAMS 0x00000000e4b00000| PB 0x00000000e4b00000| Untracked 
|  76|0x00000000e4c00000, 0x00000000e4d00000, 0x00000000e4d00000|100%| O|  |TAMS 0x00000000e4c00000| PB 0x00000000e4c00000| Untracked 
|  77|0x00000000e4d00000, 0x00000000e4e00000, 0x00000000e4e00000|100%|HS|  |TAMS 0x00000000e4d00000| PB 0x00000000e4d00000| Complete 
|  78|0x00000000e4e00000, 0x00000000e4f00000, 0x00000000e4f00000|100%|HC|  |TAMS 0x00000000e4e00000| PB 0x00000000e4e00000| Complete 
|  79|0x00000000e4f00000, 0x00000000e5000000, 0x00000000e5000000|100%| O|  |TAMS 0x00000000e4f00000| PB 0x00000000e4f00000| Untracked 
|  80|0x00000000e5000000, 0x00000000e5100000, 0x00000000e5100000|100%| O|  |TAMS 0x00000000e5000000| PB 0x00000000e5000000| Untracked 
|  81|0x00000000e5100000, 0x00000000e5200000, 0x00000000e5200000|100%| O|  |TAMS 0x00000000e5100000| PB 0x00000000e5100000| Untracked 
|  82|0x00000000e5200000, 0x00000000e5300000, 0x00000000e5300000|100%| O|  |TAMS 0x00000000e5200000| PB 0x00000000e5200000| Untracked 
|  83|0x00000000e5300000, 0x00000000e5300000, 0x00000000e5400000|  0%| F|  |TAMS 0x00000000e5300000| PB 0x00000000e5300000| Untracked 
|  84|0x00000000e5400000, 0x00000000e5500000, 0x00000000e5500000|100%| O|  |TAMS 0x00000000e5400000| PB 0x00000000e5400000| Untracked 
|  85|0x00000000e5500000, 0x00000000e5600000, 0x00000000e5600000|100%| O|  |TAMS 0x00000000e5500000| PB 0x00000000e5500000| Untracked 
|  86|0x00000000e5600000, 0x00000000e5700000, 0x00000000e5700000|100%| O|  |TAMS 0x00000000e5600000| PB 0x00000000e5600000| Untracked 
|  87|0x00000000e5700000, 0x00000000e5800000, 0x00000000e5800000|100%| O|  |TAMS 0x00000000e5700000| PB 0x00000000e5700000| Untracked 
|  88|0x00000000e5800000, 0x00000000e5900000, 0x00000000e5900000|100%| O|  |TAMS 0x00000000e5800000| PB 0x00000000e5800000| Untracked 
|  89|0x00000000e5900000, 0x00000000e5a00000, 0x00000000e5a00000|100%| O|  |TAMS 0x00000000e5900000| PB 0x00000000e5900000| Untracked 
|  90|0x00000000e5a00000, 0x00000000e5b00000, 0x00000000e5b00000|100%| O|  |TAMS 0x00000000e5a00000| PB 0x00000000e5a00000| Untracked 
|  91|0x00000000e5b00000, 0x00000000e5c00000, 0x00000000e5c00000|100%| O|  |TAMS 0x00000000e5b00000| PB 0x00000000e5b00000| Untracked 
|  92|0x00000000e5c00000, 0x00000000e5c00000, 0x00000000e5d00000|  0%| F|  |TAMS 0x00000000e5c00000| PB 0x00000000e5c00000| Untracked 
|  93|0x00000000e5d00000, 0x00000000e5d00000, 0x00000000e5e00000|  0%| F|  |TAMS 0x00000000e5d00000| PB 0x00000000e5d00000| Untracked 
|  94|0x00000000e5e00000, 0x00000000e5f00000, 0x00000000e5f00000|100%| O|  |TAMS 0x00000000e5e00000| PB 0x00000000e5e00000| Untracked 
|  95|0x00000000e5f00000, 0x00000000e6000000, 0x00000000e6000000|100%| O|  |TAMS 0x00000000e5f00000| PB 0x00000000e5f00000| Untracked 
|  96|0x00000000e6000000, 0x00000000e6000000, 0x00000000e6100000|  0%| F|  |TAMS 0x00000000e6000000| PB 0x00000000e6000000| Untracked 
|  97|0x00000000e6100000, 0x00000000e6100000, 0x00000000e6200000|  0%| F|  |TAMS 0x00000000e6100000| PB 0x00000000e6100000| Untracked 
|  98|0x00000000e6200000, 0x00000000e6200000, 0x00000000e6300000|  0%| F|  |TAMS 0x00000000e6200000| PB 0x00000000e6200000| Untracked 
|  99|0x00000000e6300000, 0x00000000e6300000, 0x00000000e6400000|  0%| F|  |TAMS 0x00000000e6300000| PB 0x00000000e6300000| Untracked 
| 100|0x00000000e6400000, 0x00000000e6400000, 0x00000000e6500000|  0%| F|  |TAMS 0x00000000e6400000| PB 0x00000000e6400000| Untracked 
| 101|0x00000000e6500000, 0x00000000e6600000, 0x00000000e6600000|100%| O|  |TAMS 0x00000000e6500000| PB 0x00000000e6500000| Untracked 
| 102|0x00000000e6600000, 0x00000000e6600000, 0x00000000e6700000|  0%| F|  |TAMS 0x00000000e6600000| PB 0x00000000e6600000| Untracked 
| 103|0x00000000e6700000, 0x00000000e6800000, 0x00000000e6800000|100%| O|  |TAMS 0x00000000e6700000| PB 0x00000000e6700000| Untracked 
| 104|0x00000000e6800000, 0x00000000e6800000, 0x00000000e6900000|  0%| F|  |TAMS 0x00000000e6800000| PB 0x00000000e6800000| Untracked 
| 105|0x00000000e6900000, 0x00000000e6900000, 0x00000000e6a00000|  0%| F|  |TAMS 0x00000000e6900000| PB 0x00000000e6900000| Untracked 
| 106|0x00000000e6a00000, 0x00000000e6a00000, 0x00000000e6b00000|  0%| F|  |TAMS 0x00000000e6a00000| PB 0x00000000e6a00000| Untracked 
| 107|0x00000000e6b00000, 0x00000000e6b00000, 0x00000000e6c00000|  0%| F|  |TAMS 0x00000000e6b00000| PB 0x00000000e6b00000| Untracked 
| 108|0x00000000e6c00000, 0x00000000e6c00000, 0x00000000e6d00000|  0%| F|  |TAMS 0x00000000e6c00000| PB 0x00000000e6c00000| Untracked 
| 109|0x00000000e6d00000, 0x00000000e6e00000, 0x00000000e6e00000|100%| O|  |TAMS 0x00000000e6d00000| PB 0x00000000e6d00000| Untracked 
| 110|0x00000000e6e00000, 0x00000000e6e00000, 0x00000000e6f00000|  0%| F|  |TAMS 0x00000000e6e00000| PB 0x00000000e6e00000| Untracked 
| 111|0x00000000e6f00000, 0x00000000e6f00000, 0x00000000e7000000|  0%| F|  |TAMS 0x00000000e6f00000| PB 0x00000000e6f00000| Untracked 
| 112|0x00000000e7000000, 0x00000000e7000000, 0x00000000e7100000|  0%| F|  |TAMS 0x00000000e7000000| PB 0x00000000e7000000| Untracked 
| 113|0x00000000e7100000, 0x00000000e7100000, 0x00000000e7200000|  0%| F|  |TAMS 0x00000000e7100000| PB 0x00000000e7100000| Untracked 
| 114|0x00000000e7200000, 0x00000000e7200000, 0x00000000e7300000|  0%| F|  |TAMS 0x00000000e7200000| PB 0x00000000e7200000| Untracked 
| 115|0x00000000e7300000, 0x00000000e7300000, 0x00000000e7400000|  0%| F|  |TAMS 0x00000000e7300000| PB 0x00000000e7300000| Untracked 
| 116|0x00000000e7400000, 0x00000000e7400000, 0x00000000e7500000|  0%| F|  |TAMS 0x00000000e7400000| PB 0x00000000e7400000| Untracked 
| 117|0x00000000e7500000, 0x00000000e7500000, 0x00000000e7600000|  0%| F|  |TAMS 0x00000000e7500000| PB 0x00000000e7500000| Untracked 
| 118|0x00000000e7600000, 0x00000000e7600000, 0x00000000e7700000|  0%| F|  |TAMS 0x00000000e7600000| PB 0x00000000e7600000| Untracked 
| 119|0x00000000e7700000, 0x00000000e7700000, 0x00000000e7800000|  0%| F|  |TAMS 0x00000000e7700000| PB 0x00000000e7700000| Untracked 
| 120|0x00000000e7800000, 0x00000000e7800000, 0x00000000e7900000|  0%| F|  |TAMS 0x00000000e7800000| PB 0x00000000e7800000| Untracked 
| 121|0x00000000e7900000, 0x00000000e7900000, 0x00000000e7a00000|  0%| F|  |TAMS 0x00000000e7900000| PB 0x00000000e7900000| Untracked 
| 122|0x00000000e7a00000, 0x00000000e7a00000, 0x00000000e7b00000|  0%| F|  |TAMS 0x00000000e7a00000| PB 0x00000000e7a00000| Untracked 
| 123|0x00000000e7b00000, 0x00000000e7bcb058, 0x00000000e7c00000| 79%| S|CS|TAMS 0x00000000e7b00000| PB 0x00000000e7b00000| Complete 
| 124|0x00000000e7c00000, 0x00000000e7d00000, 0x00000000e7d00000|100%| S|CS|TAMS 0x00000000e7c00000| PB 0x00000000e7c00000| Complete 
| 125|0x00000000e7d00000, 0x00000000e7e00000, 0x00000000e7e00000|100%| S|CS|TAMS 0x00000000e7d00000| PB 0x00000000e7d00000| Complete 
| 126|0x00000000e7e00000, 0x00000000e7e00000, 0x00000000e7f00000|  0%| F|  |TAMS 0x00000000e7e00000| PB 0x00000000e7e00000| Untracked 
| 127|0x00000000e7f00000, 0x00000000e7f00000, 0x00000000e8000000|  0%| F|  |TAMS 0x00000000e7f00000| PB 0x00000000e7f00000| Untracked 
| 128|0x00000000e8000000, 0x00000000e8000000, 0x00000000e8100000|  0%| F|  |TAMS 0x00000000e8000000| PB 0x00000000e8000000| Untracked 
| 129|0x00000000e8100000, 0x00000000e8100000, 0x00000000e8200000|  0%| F|  |TAMS 0x00000000e8100000| PB 0x00000000e8100000| Untracked 
| 130|0x00000000e8200000, 0x00000000e8200000, 0x00000000e8300000|  0%| F|  |TAMS 0x00000000e8200000| PB 0x00000000e8200000| Untracked 
| 131|0x00000000e8300000, 0x00000000e8300000, 0x00000000e8400000|  0%| F|  |TAMS 0x00000000e8300000| PB 0x00000000e8300000| Untracked 
| 132|0x00000000e8400000, 0x00000000e8400000, 0x00000000e8500000|  0%| F|  |TAMS 0x00000000e8400000| PB 0x00000000e8400000| Untracked 
| 133|0x00000000e8500000, 0x00000000e8500000, 0x00000000e8600000|  0%| F|  |TAMS 0x00000000e8500000| PB 0x00000000e8500000| Untracked 
| 134|0x00000000e8600000, 0x00000000e8600000, 0x00000000e8700000|  0%| F|  |TAMS 0x00000000e8600000| PB 0x00000000e8600000| Untracked 
| 135|0x00000000e8700000, 0x00000000e8700000, 0x00000000e8800000|  0%| F|  |TAMS 0x00000000e8700000| PB 0x00000000e8700000| Untracked 
| 136|0x00000000e8800000, 0x00000000e8800000, 0x00000000e8900000|  0%| F|  |TAMS 0x00000000e8800000| PB 0x00000000e8800000| Untracked 
| 137|0x00000000e8900000, 0x00000000e8900000, 0x00000000e8a00000|  0%| F|  |TAMS 0x00000000e8900000| PB 0x00000000e8900000| Untracked 
| 138|0x00000000e8a00000, 0x00000000e8a00000, 0x00000000e8b00000|  0%| F|  |TAMS 0x00000000e8a00000| PB 0x00000000e8a00000| Untracked 
| 139|0x00000000e8b00000, 0x00000000e8b00000, 0x00000000e8c00000|  0%| F|  |TAMS 0x00000000e8b00000| PB 0x00000000e8b00000| Untracked 
| 140|0x00000000e8c00000, 0x00000000e8c00000, 0x00000000e8d00000|  0%| F|  |TAMS 0x00000000e8c00000| PB 0x00000000e8c00000| Untracked 
| 141|0x00000000e8d00000, 0x00000000e8d00000, 0x00000000e8e00000|  0%| F|  |TAMS 0x00000000e8d00000| PB 0x00000000e8d00000| Untracked 
| 142|0x00000000e8e00000, 0x00000000e8e00000, 0x00000000e8f00000|  0%| F|  |TAMS 0x00000000e8e00000| PB 0x00000000e8e00000| Untracked 
| 143|0x00000000e8f00000, 0x00000000e8f00000, 0x00000000e9000000|  0%| F|  |TAMS 0x00000000e8f00000| PB 0x00000000e8f00000| Untracked 
| 144|0x00000000e9000000, 0x00000000e9000000, 0x00000000e9100000|  0%| F|  |TAMS 0x00000000e9000000| PB 0x00000000e9000000| Untracked 
| 145|0x00000000e9100000, 0x00000000e9100000, 0x00000000e9200000|  0%| F|  |TAMS 0x00000000e9100000| PB 0x00000000e9100000| Untracked 
| 146|0x00000000e9200000, 0x00000000e9200000, 0x00000000e9300000|  0%| F|  |TAMS 0x00000000e9200000| PB 0x00000000e9200000| Untracked 
| 147|0x00000000e9300000, 0x00000000e9300000, 0x00000000e9400000|  0%| F|  |TAMS 0x00000000e9300000| PB 0x00000000e9300000| Untracked 
| 148|0x00000000e9400000, 0x00000000e9400000, 0x00000000e9500000|  0%| F|  |TAMS 0x00000000e9400000| PB 0x00000000e9400000| Untracked 
| 149|0x00000000e9500000, 0x00000000e9500000, 0x00000000e9600000|  0%| F|  |TAMS 0x00000000e9500000| PB 0x00000000e9500000| Untracked 
| 150|0x00000000e9600000, 0x00000000e9600000, 0x00000000e9700000|  0%| F|  |TAMS 0x00000000e9600000| PB 0x00000000e9600000| Untracked 
| 151|0x00000000e9700000, 0x00000000e9700000, 0x00000000e9800000|  0%| F|  |TAMS 0x00000000e9700000| PB 0x00000000e9700000| Untracked 
| 152|0x00000000e9800000, 0x00000000e9800000, 0x00000000e9900000|  0%| F|  |TAMS 0x00000000e9800000| PB 0x00000000e9800000| Untracked 
| 153|0x00000000e9900000, 0x00000000e9900000, 0x00000000e9a00000|  0%| F|  |TAMS 0x00000000e9900000| PB 0x00000000e9900000| Untracked 
| 154|0x00000000e9a00000, 0x00000000e9a00000, 0x00000000e9b00000|  0%| F|  |TAMS 0x00000000e9a00000| PB 0x00000000e9a00000| Untracked 
| 155|0x00000000e9b00000, 0x00000000e9b00000, 0x00000000e9c00000|  0%| F|  |TAMS 0x00000000e9b00000| PB 0x00000000e9b00000| Untracked 
| 156|0x00000000e9c00000, 0x00000000e9c00000, 0x00000000e9d00000|  0%| F|  |TAMS 0x00000000e9c00000| PB 0x00000000e9c00000| Untracked 
| 157|0x00000000e9d00000, 0x00000000e9d00000, 0x00000000e9e00000|  0%| F|  |TAMS 0x00000000e9d00000| PB 0x00000000e9d00000| Untracked 
| 158|0x00000000e9e00000, 0x00000000e9e00000, 0x00000000e9f00000|  0%| F|  |TAMS 0x00000000e9e00000| PB 0x00000000e9e00000| Untracked 
| 159|0x00000000e9f00000, 0x00000000e9f00000, 0x00000000ea000000|  0%| F|  |TAMS 0x00000000e9f00000| PB 0x00000000e9f00000| Untracked 
| 160|0x00000000ea000000, 0x00000000ea000000, 0x00000000ea100000|  0%| F|  |TAMS 0x00000000ea000000| PB 0x00000000ea000000| Untracked 
| 161|0x00000000ea100000, 0x00000000ea100000, 0x00000000ea200000|  0%| F|  |TAMS 0x00000000ea100000| PB 0x00000000ea100000| Untracked 
| 162|0x00000000ea200000, 0x00000000ea200000, 0x00000000ea300000|  0%| F|  |TAMS 0x00000000ea200000| PB 0x00000000ea200000| Untracked 
| 163|0x00000000ea300000, 0x00000000ea300000, 0x00000000ea400000|  0%| F|  |TAMS 0x00000000ea300000| PB 0x00000000ea300000| Untracked 
| 164|0x00000000ea400000, 0x00000000ea400000, 0x00000000ea500000|  0%| F|  |TAMS 0x00000000ea400000| PB 0x00000000ea400000| Untracked 
| 165|0x00000000ea500000, 0x00000000ea500000, 0x00000000ea600000|  0%| F|  |TAMS 0x00000000ea500000| PB 0x00000000ea500000| Untracked 
| 166|0x00000000ea600000, 0x00000000ea600000, 0x00000000ea700000|  0%| F|  |TAMS 0x00000000ea600000| PB 0x00000000ea600000| Untracked 
| 167|0x00000000ea700000, 0x00000000ea700000, 0x00000000ea800000|  0%| F|  |TAMS 0x00000000ea700000| PB 0x00000000ea700000| Untracked 
| 168|0x00000000ea800000, 0x00000000ea800000, 0x00000000ea900000|  0%| F|  |TAMS 0x00000000ea800000| PB 0x00000000ea800000| Untracked 
| 169|0x00000000ea900000, 0x00000000ea900000, 0x00000000eaa00000|  0%| F|  |TAMS 0x00000000ea900000| PB 0x00000000ea900000| Untracked 
| 170|0x00000000eaa00000, 0x00000000eaa00000, 0x00000000eab00000|  0%| F|  |TAMS 0x00000000eaa00000| PB 0x00000000eaa00000| Untracked 
| 171|0x00000000eab00000, 0x00000000eab00000, 0x00000000eac00000|  0%| F|  |TAMS 0x00000000eab00000| PB 0x00000000eab00000| Untracked 
| 172|0x00000000eac00000, 0x00000000eac00000, 0x00000000ead00000|  0%| F|  |TAMS 0x00000000eac00000| PB 0x00000000eac00000| Untracked 
| 173|0x00000000ead00000, 0x00000000ead00000, 0x00000000eae00000|  0%| F|  |TAMS 0x00000000ead00000| PB 0x00000000ead00000| Untracked 
| 174|0x00000000eae00000, 0x00000000eae00000, 0x00000000eaf00000|  0%| F|  |TAMS 0x00000000eae00000| PB 0x00000000eae00000| Untracked 
| 175|0x00000000eaf00000, 0x00000000eaf00000, 0x00000000eb000000|  0%| F|  |TAMS 0x00000000eaf00000| PB 0x00000000eaf00000| Untracked 
| 176|0x00000000eb000000, 0x00000000eb000000, 0x00000000eb100000|  0%| F|  |TAMS 0x00000000eb000000| PB 0x00000000eb000000| Untracked 
| 177|0x00000000eb100000, 0x00000000eb100000, 0x00000000eb200000|  0%| F|  |TAMS 0x00000000eb100000| PB 0x00000000eb100000| Untracked 
| 178|0x00000000eb200000, 0x00000000eb200000, 0x00000000eb300000|  0%| F|  |TAMS 0x00000000eb200000| PB 0x00000000eb200000| Untracked 
| 179|0x00000000eb300000, 0x00000000eb300000, 0x00000000eb400000|  0%| F|  |TAMS 0x00000000eb300000| PB 0x00000000eb300000| Untracked 
| 180|0x00000000eb400000, 0x00000000eb400000, 0x00000000eb500000|  0%| F|  |TAMS 0x00000000eb400000| PB 0x00000000eb400000| Untracked 
| 181|0x00000000eb500000, 0x00000000eb500000, 0x00000000eb600000|  0%| F|  |TAMS 0x00000000eb500000| PB 0x00000000eb500000| Untracked 
| 182|0x00000000eb600000, 0x00000000eb600000, 0x00000000eb700000|  0%| F|  |TAMS 0x00000000eb600000| PB 0x00000000eb600000| Untracked 
| 183|0x00000000eb700000, 0x00000000eb700000, 0x00000000eb800000|  0%| F|  |TAMS 0x00000000eb700000| PB 0x00000000eb700000| Untracked 
| 184|0x00000000eb800000, 0x00000000eb800000, 0x00000000eb900000|  0%| F|  |TAMS 0x00000000eb800000| PB 0x00000000eb800000| Untracked 
| 185|0x00000000eb900000, 0x00000000eb900000, 0x00000000eba00000|  0%| F|  |TAMS 0x00000000eb900000| PB 0x00000000eb900000| Untracked 
| 186|0x00000000eba00000, 0x00000000eba00000, 0x00000000ebb00000|  0%| F|  |TAMS 0x00000000eba00000| PB 0x00000000eba00000| Untracked 
| 187|0x00000000ebb00000, 0x00000000ebb00000, 0x00000000ebc00000|  0%| F|  |TAMS 0x00000000ebb00000| PB 0x00000000ebb00000| Untracked 
| 188|0x00000000ebc00000, 0x00000000ebc00000, 0x00000000ebd00000|  0%| F|  |TAMS 0x00000000ebc00000| PB 0x00000000ebc00000| Untracked 
| 189|0x00000000ebd00000, 0x00000000ebd00000, 0x00000000ebe00000|  0%| F|  |TAMS 0x00000000ebd00000| PB 0x00000000ebd00000| Untracked 
| 190|0x00000000ebe00000, 0x00000000ebe00000, 0x00000000ebf00000|  0%| F|  |TAMS 0x00000000ebe00000| PB 0x00000000ebe00000| Untracked 
| 191|0x00000000ebf00000, 0x00000000ebf00000, 0x00000000ec000000|  0%| F|  |TAMS 0x00000000ebf00000| PB 0x00000000ebf00000| Untracked 
| 192|0x00000000ec000000, 0x00000000ec000000, 0x00000000ec100000|  0%| F|  |TAMS 0x00000000ec000000| PB 0x00000000ec000000| Untracked 
| 193|0x00000000ec100000, 0x00000000ec100000, 0x00000000ec200000|  0%| F|  |TAMS 0x00000000ec100000| PB 0x00000000ec100000| Untracked 
| 194|0x00000000ec200000, 0x00000000ec200000, 0x00000000ec300000|  0%| F|  |TAMS 0x00000000ec200000| PB 0x00000000ec200000| Untracked 
| 195|0x00000000ec300000, 0x00000000ec300000, 0x00000000ec400000|  0%| F|  |TAMS 0x00000000ec300000| PB 0x00000000ec300000| Untracked 
| 196|0x00000000ec400000, 0x00000000ec400000, 0x00000000ec500000|  0%| F|  |TAMS 0x00000000ec400000| PB 0x00000000ec400000| Untracked 
| 197|0x00000000ec500000, 0x00000000ec500000, 0x00000000ec600000|  0%| F|  |TAMS 0x00000000ec500000| PB 0x00000000ec500000| Untracked 
| 198|0x00000000ec600000, 0x00000000ec600000, 0x00000000ec700000|  0%| F|  |TAMS 0x00000000ec600000| PB 0x00000000ec600000| Untracked 
| 199|0x00000000ec700000, 0x00000000ec700000, 0x00000000ec800000|  0%| F|  |TAMS 0x00000000ec700000| PB 0x00000000ec700000| Untracked 
| 200|0x00000000ec800000, 0x00000000ec800000, 0x00000000ec900000|  0%| F|  |TAMS 0x00000000ec800000| PB 0x00000000ec800000| Untracked 
| 201|0x00000000ec900000, 0x00000000ec900000, 0x00000000eca00000|  0%| F|  |TAMS 0x00000000ec900000| PB 0x00000000ec900000| Untracked 
| 202|0x00000000eca00000, 0x00000000eca00000, 0x00000000ecb00000|  0%| F|  |TAMS 0x00000000eca00000| PB 0x00000000eca00000| Untracked 
| 203|0x00000000ecb00000, 0x00000000ecb00000, 0x00000000ecc00000|  0%| F|  |TAMS 0x00000000ecb00000| PB 0x00000000ecb00000| Untracked 
| 204|0x00000000ecc00000, 0x00000000ecc00000, 0x00000000ecd00000|  0%| F|  |TAMS 0x00000000ecc00000| PB 0x00000000ecc00000| Untracked 
| 205|0x00000000ecd00000, 0x00000000ecd00000, 0x00000000ece00000|  0%| F|  |TAMS 0x00000000ecd00000| PB 0x00000000ecd00000| Untracked 
| 206|0x00000000ece00000, 0x00000000ece00000, 0x00000000ecf00000|  0%| F|  |TAMS 0x00000000ece00000| PB 0x00000000ece00000| Untracked 
| 207|0x00000000ecf00000, 0x00000000ecf00000, 0x00000000ed000000|  0%| F|  |TAMS 0x00000000ecf00000| PB 0x00000000ecf00000| Untracked 
| 208|0x00000000ed000000, 0x00000000ed000000, 0x00000000ed100000|  0%| F|  |TAMS 0x00000000ed000000| PB 0x00000000ed000000| Untracked 
| 209|0x00000000ed100000, 0x00000000ed100000, 0x00000000ed200000|  0%| F|  |TAMS 0x00000000ed100000| PB 0x00000000ed100000| Untracked 
| 210|0x00000000ed200000, 0x00000000ed200000, 0x00000000ed300000|  0%| F|  |TAMS 0x00000000ed200000| PB 0x00000000ed200000| Untracked 
| 211|0x00000000ed300000, 0x00000000ed300000, 0x00000000ed400000|  0%| F|  |TAMS 0x00000000ed300000| PB 0x00000000ed300000| Untracked 
| 509|0x00000000ffd00000, 0x00000000ffd00000, 0x00000000ffe00000|  0%| F|  |TAMS 0x00000000ffd00000| PB 0x00000000ffd00000| Untracked 
| 510|0x00000000ffe00000, 0x00000000ffe00000, 0x00000000fff00000|  0%| F|  |TAMS 0x00000000ffe00000| PB 0x00000000ffe00000| Untracked 
| 511|0x00000000fff00000, 0x0000000100000000, 0x0000000100000000|100%| O|  |TAMS 0x00000000fff00000| PB 0x00000000fff00000| Untracked 

Card table byte_map: [0x0000027acbe40000,0x0000027acbf40000] _byte_map_base: 0x0000027acb740000

Marking Bits: (CMBitMap*) 0x0000027ab40855b0
 Bits: [0x0000027acbf40000, 0x0000027acc740000)

Polling page: 0x0000027ab1fb0000

Metaspace:

Usage:
  Non-class:     27.19 MB used.
      Class:      3.32 MB used.
       Both:     30.50 MB used.

Virtual space:
  Non-class space:       64.00 MB reserved,      27.44 MB ( 43%) committed,  1 nodes.
      Class space:        1.00 GB reserved,       3.56 MB ( <1%) committed,  1 nodes.
             Both:        1.06 GB reserved,      31.00 MB (  3%) committed. 

Chunk freelists:
   Non-Class:  3.69 MB
       Class:  12.42 MB
        Both:  16.10 MB

MaxMetaspaceSize: unlimited
CompressedClassSpaceSize: 1.00 GB
Initial GC threshold: 21.00 MB
Current GC threshold: 51.69 MB
CDS: on
 - commit_granule_bytes: 65536.
 - commit_granule_words: 8192.
 - virtual_space_node_default_size: 8388608.
 - enlarge_chunks_in_place: 1.
 - use_allocation_guard: 0.


Internal statistics:

num_allocs_failed_limit: 3.
num_arena_births: 548.
num_arena_deaths: 0.
num_vsnodes_births: 2.
num_vsnodes_deaths: 0.
num_space_committed: 496.
num_space_uncommitted: 0.
num_chunks_returned_to_freelist: 3.
num_chunks_taken_from_freelist: 1803.
num_chunk_merges: 3.
num_chunk_splits: 1224.
num_chunks_enlarged: 868.
num_inconsistent_stats: 0.

CodeHeap 'non-profiled nmethods': size=119168Kb used=6758Kb max_used=6758Kb free=112410Kb
 bounds [0x0000027ac4050000, 0x0000027ac46f0000, 0x0000027acb4b0000]
CodeHeap 'profiled nmethods': size=119104Kb used=16745Kb max_used=19459Kb free=102358Kb
 bounds [0x0000027abc4b0000, 0x0000027abd7c0000, 0x0000027ac3900000]
CodeHeap 'non-nmethods': size=7488Kb used=3303Kb max_used=3433Kb free=4184Kb
 bounds [0x0000027ac3900000, 0x0000027ac3c70000, 0x0000027ac4050000]
 total_blobs=8470 nmethods=7929 adapters=442
 compilation: enabled
              stopped_count=0, restarted_count=0
 full_count=0

Compilation events (20 events):
Event: 11.454 Thread 0x0000027acf8bbfe0 nmethod 10217 0x0000027abd2c7310 code [0x0000027abd2c74c0, 0x0000027abd2c7600]
Event: 11.455 Thread 0x0000027acf8bdb20 nmethod 10216 0x0000027abc87c590 code [0x0000027abc87c7c0, 0x0000027abc87cce8]
Event: 11.457 Thread 0x0000027b180fbba0 nmethod 10202 0x0000027ac46e6090 code [0x0000027ac46e62c0, 0x0000027ac46e6a58]
Event: 11.459 Thread 0x0000027b180fbba0 10130       4       java.util.HashMap::values (25 bytes)
Event: 11.460 Thread 0x0000027acf8bcd80 10219       2       com.sun.tools.javac.tree.TreeInfo::name (65 bytes)
Event: 11.461 Thread 0x0000027acf8bcd80 nmethod 10219 0x0000027abc8d9110 code [0x0000027abc8d9300, 0x0000027abc8d95f0]
Event: 11.464 Thread 0x0000027b180fbba0 nmethod 10130 0x0000027ac46e7190 code [0x0000027ac46e7320, 0x0000027ac46e74f8]
Event: 11.465 Thread 0x0000027acf8bdb20 10220       3       com.sun.tools.javac.comp.Check::checkClassType (82 bytes)
Event: 11.465 Thread 0x0000027b180fbba0 10131       4       java.util.HashMap$Values::iterator (12 bytes)
Event: 11.466 Thread 0x0000027acf8bdb20 nmethod 10220 0x0000027abc52ae90 code [0x0000027abc52b0e0, 0x0000027abc52ba48]
Event: 11.466 Thread 0x0000027acf8bd450 nmethod 10185 0x0000027ac46e7590 code [0x0000027ac46e7760, 0x0000027ac46e7d18]
Event: 11.467 Thread 0x0000027acf6f69e0 10221       3       com.sun.tools.javac.comp.Attr::checkBase (268 bytes)
Event: 11.468 Thread 0x0000027acf8bd450 10124       4       com.sun.tools.javac.tree.JCTree$JCTypeApply::accept (6 bytes)
Event: 11.469 Thread 0x0000027acf8bd450 nmethod 10124 0x0000027ac46e7f10 code [0x0000027ac46e80a0, 0x0000027ac46e8158]
Event: 11.469 Thread 0x0000027acf6f69e0 nmethod 10221 0x0000027abcab1e10 code [0x0000027abcab2220, 0x0000027abcab41d0]
Event: 11.470 Thread 0x0000027acf8bd450 10187       4       com.sun.tools.javac.code.Types$13::visitClassType (136 bytes)
Event: 11.471 Thread 0x0000027b180fc940 nmethod 10184 0x0000027ac46e8210 code [0x0000027ac46e83e0, 0x0000027ac46e9068]
Event: 11.472 Thread 0x0000027b180fc940 10189   !   4       com.sun.tools.javac.comp.Resolve::selectBest (552 bytes)
Event: 11.473 Thread 0x0000027b180fbba0 nmethod 10131 0x0000027ac46e9210 code [0x0000027ac46e93c0, 0x0000027ac46e9688]
Event: 11.474 Thread 0x0000027b180fbba0 10222       4       com.sun.tools.javac.util.ListBuffer::next (56 bytes)

GC Heap History (20 events):
Event: 9.550 GC heap after
{Heap after GC invocations=27 (full 0):
 garbage-first heap   total 158720K, used 85796K [0x00000000e0000000, 0x0000000100000000)
  region size 1024K, 5 young (5120K), 5 survivors (5120K)
 Metaspace       used 31113K, committed 31680K, reserved 1114112K
  class space    used 3389K, committed 3648K, reserved 1048576K
}
Event: 9.707 GC heap before
{Heap before GC invocations=27 (full 0):
 garbage-first heap   total 158720K, used 146212K [0x00000000e0000000, 0x0000000100000000)
  region size 1024K, 62 young (63488K), 5 survivors (5120K)
 Metaspace       used 31136K, committed 31680K, reserved 1114112K
  class space    used 3392K, committed 3648K, reserved 1048576K
}
Event: 9.723 GC heap after
{Heap after GC invocations=28 (full 0):
 garbage-first heap   total 158720K, used 90028K [0x00000000e0000000, 0x0000000100000000)
  region size 1024K, 6 young (6144K), 6 survivors (6144K)
 Metaspace       used 31136K, committed 31680K, reserved 1114112K
  class space    used 3392K, committed 3648K, reserved 1048576K
}
Event: 9.813 GC heap before
{Heap before GC invocations=28 (full 0):
 garbage-first heap   total 158720K, used 142252K [0x00000000e0000000, 0x0000000100000000)
  region size 1024K, 57 young (58368K), 6 survivors (6144K)
 Metaspace       used 31147K, committed 31680K, reserved 1114112K
  class space    used 3393K, committed 3648K, reserved 1048576K
}
Event: 9.826 GC heap after
{Heap after GC invocations=29 (full 0):
 garbage-first heap   total 214016K, used 92102K [0x00000000e0000000, 0x0000000100000000)
  region size 1024K, 6 young (6144K), 6 survivors (6144K)
 Metaspace       used 31147K, committed 31680K, reserved 1114112K
  class space    used 3393K, committed 3648K, reserved 1048576K
}
Event: 10.028 GC heap before
{Heap before GC invocations=30 (full 0):
 garbage-first heap   total 214016K, used 194502K [0x00000000e0000000, 0x0000000100000000)
  region size 1024K, 107 young (109568K), 6 survivors (6144K)
 Metaspace       used 31153K, committed 31680K, reserved 1114112K
  class space    used 3394K, committed 3648K, reserved 1048576K
}
Event: 10.037 GC heap after
{Heap after GC invocations=31 (full 0):
 garbage-first heap   total 214016K, used 91149K [0x00000000e0000000, 0x0000000100000000)
  region size 1024K, 6 young (6144K), 6 survivors (6144K)
 Metaspace       used 31153K, committed 31680K, reserved 1114112K
  class space    used 3394K, committed 3648K, reserved 1048576K
}
Event: 10.293 GC heap before
{Heap before GC invocations=31 (full 0):
 garbage-first heap   total 214016K, used 195597K [0x00000000e0000000, 0x0000000100000000)
  region size 1024K, 108 young (110592K), 6 survivors (6144K)
 Metaspace       used 31187K, committed 31744K, reserved 1114112K
  class space    used 3396K, committed 3648K, reserved 1048576K
}
Event: 10.315 GC heap after
{Heap after GC invocations=32 (full 0):
 garbage-first heap   total 214016K, used 97084K [0x00000000e0000000, 0x0000000100000000)
  region size 1024K, 12 young (12288K), 12 survivors (12288K)
 Metaspace       used 31187K, committed 31744K, reserved 1114112K
  class space    used 3396K, committed 3648K, reserved 1048576K
}
Event: 10.506 GC heap before
{Heap before GC invocations=32 (full 0):
 garbage-first heap   total 214016K, used 190268K [0x00000000e0000000, 0x0000000100000000)
  region size 1024K, 103 young (105472K), 12 survivors (12288K)
 Metaspace       used 31191K, committed 31744K, reserved 1114112K
  class space    used 3396K, committed 3648K, reserved 1048576K
}
Event: 10.519 GC heap after
{Heap after GC invocations=33 (full 0):
 garbage-first heap   total 214016K, used 98214K [0x00000000e0000000, 0x0000000100000000)
  region size 1024K, 4 young (4096K), 4 survivors (4096K)
 Metaspace       used 31191K, committed 31744K, reserved 1114112K
  class space    used 3396K, committed 3648K, reserved 1048576K
}
Event: 10.735 GC heap before
{Heap before GC invocations=34 (full 0):
 garbage-first heap   total 215040K, used 197542K [0x00000000e0000000, 0x0000000100000000)
  region size 1024K, 101 young (103424K), 4 survivors (4096K)
 Metaspace       used 31196K, committed 31744K, reserved 1114112K
  class space    used 3396K, committed 3648K, reserved 1048576K
}
Event: 10.748 GC heap after
{Heap after GC invocations=35 (full 0):
 garbage-first heap   total 215040K, used 103896K [0x00000000e0000000, 0x0000000100000000)
  region size 1024K, 10 young (10240K), 10 survivors (10240K)
 Metaspace       used 31196K, committed 31744K, reserved 1114112K
  class space    used 3396K, committed 3648K, reserved 1048576K
}
Event: 10.951 GC heap before
{Heap before GC invocations=35 (full 0):
 garbage-first heap   total 215040K, used 191960K [0x00000000e0000000, 0x0000000100000000)
  region size 1024K, 96 young (98304K), 10 survivors (10240K)
 Metaspace       used 31208K, committed 31744K, reserved 1114112K
  class space    used 3396K, committed 3648K, reserved 1048576K
}
Event: 10.962 GC heap after
{Heap after GC invocations=36 (full 0):
 garbage-first heap   total 215040K, used 101411K [0x00000000e0000000, 0x0000000100000000)
  region size 1024K, 3 young (3072K), 3 survivors (3072K)
 Metaspace       used 31208K, committed 31744K, reserved 1114112K
  class space    used 3396K, committed 3648K, reserved 1048576K
}
Event: 11.093 GC heap before
{Heap before GC invocations=36 (full 0):
 garbage-first heap   total 215040K, used 199715K [0x00000000e0000000, 0x0000000100000000)
  region size 1024K, 99 young (101376K), 3 survivors (3072K)
 Metaspace       used 31208K, committed 31744K, reserved 1114112K
  class space    used 3396K, committed 3648K, reserved 1048576K
}
Event: 11.098 GC heap after
{Heap after GC invocations=37 (full 0):
 garbage-first heap   total 215040K, used 100912K [0x00000000e0000000, 0x0000000100000000)
  region size 1024K, 3 young (3072K), 3 survivors (3072K)
 Metaspace       used 31208K, committed 31744K, reserved 1114112K
  class space    used 3396K, committed 3648K, reserved 1048576K
}
Event: 11.314 GC heap before
{Heap before GC invocations=38 (full 0):
 garbage-first heap   total 220160K, used 198192K [0x00000000e0000000, 0x0000000100000000)
  region size 1024K, 98 young (100352K), 3 survivors (3072K)
 Metaspace       used 31229K, committed 31744K, reserved 1114112K
  class space    used 3396K, committed 3648K, reserved 1048576K
}
Event: 11.324 GC heap after
{Heap after GC invocations=39 (full 0):
 garbage-first heap   total 220160K, used 107129K [0x00000000e0000000, 0x0000000100000000)
  region size 1024K, 9 young (9216K), 9 survivors (9216K)
 Metaspace       used 31229K, committed 31744K, reserved 1114112K
  class space    used 3396K, committed 3648K, reserved 1048576K
}
Event: 11.479 GC heap before
{Heap before GC invocations=39 (full 0):
 garbage-first heap   total 220160K, used 197241K [0x00000000e0000000, 0x0000000100000000)
  region size 1024K, 97 young (99328K), 9 survivors (9216K)
 Metaspace       used 31235K, committed 31744K, reserved 1114112K
  class space    used 3396K, committed 3648K, reserved 1048576K
}

Dll operation events (8 events):
Event: 0.005 Loaded shared library C:\Program Files\Java\jdk-21.0.2\bin\java.dll
Event: 0.025 Loaded shared library C:\Program Files\Java\jdk-21.0.2\bin\jsvml.dll
Event: 0.037 Loaded shared library C:\Program Files\Java\jdk-21.0.2\bin\net.dll
Event: 0.039 Loaded shared library C:\Program Files\Java\jdk-21.0.2\bin\nio.dll
Event: 0.042 Loaded shared library C:\Program Files\Java\jdk-21.0.2\bin\zip.dll
Event: 0.173 Loaded shared library C:\Program Files\Java\jdk-21.0.2\bin\jimage.dll
Event: 0.174 Loaded shared library C:\Users\anh71\.m2\wrapper\dists\apache-maven-3.9.12\59fe215c0ad6947fea90184bf7add084544567b927287592651fda3782e0e798\lib\jansi-native\Windows\x86_64\jansi.dll
Event: 0.182 Loaded shared library C:\Program Files\Java\jdk-21.0.2\bin\verify.dll

Deoptimization events (20 events):
Event: 11.187 Thread 0x0000027ab405f880 Uncommon trap: trap_request=0xffffffde fr.pc=0x0000027ac436d5a0 relative=0x00000000000001e0
Event: 11.187 Thread 0x0000027ab405f880 Uncommon trap: reason=class_check action=maybe_recompile pc=0x0000027ac436d5a0 method=com.sun.tools.javac.util.ListBuffer.next()Ljava/lang/Object; @ 12 c2
Event: 11.187 Thread 0x0000027ab405f880 DEOPT PACKING pc=0x0000027ac436d5a0 sp=0x000000c0c3cfd760
Event: 11.187 Thread 0x0000027ab405f880 DEOPT UNPACKING pc=0x0000027ac3957da2 sp=0x000000c0c3cfd718 mode 2
Event: 11.195 Thread 0x0000027ab405f880 DEOPT PACKING pc=0x0000027abcff0e42 sp=0x000000c0c3cfd300
Event: 11.195 Thread 0x0000027ab405f880 DEOPT UNPACKING pc=0x0000027ac39588e2 sp=0x000000c0c3cfc768 mode 0
Event: 11.200 Thread 0x0000027ab405f880 Uncommon trap: trap_request=0xffffffde fr.pc=0x0000027ac44e5888 relative=0x0000000000000068
Event: 11.200 Thread 0x0000027ab405f880 Uncommon trap: reason=class_check action=maybe_recompile pc=0x0000027ac44e5888 method=com.sun.tools.javac.tree.TreeInfo.name(Lcom/sun/tools/javac/tree/JCTree;)Lcom/sun/tools/javac/util/Name; @ 4 c2
Event: 11.200 Thread 0x0000027ab405f880 DEOPT PACKING pc=0x0000027ac44e5888 sp=0x000000c0c3cfd2d0
Event: 11.200 Thread 0x0000027ab405f880 DEOPT UNPACKING pc=0x0000027ac3957da2 sp=0x000000c0c3cfd268 mode 2
Event: 11.424 Thread 0x0000027ab405f880 DEOPT PACKING pc=0x0000027abd5728f1 sp=0x000000c0c3cfd140
Event: 11.424 Thread 0x0000027ab405f880 DEOPT UNPACKING pc=0x0000027ac39588e2 sp=0x000000c0c3cfc650 mode 0
Event: 11.441 Thread 0x0000027ab405f880 Uncommon trap: trap_request=0xffffffde fr.pc=0x0000027ac436d5a0 relative=0x00000000000001e0
Event: 11.441 Thread 0x0000027ab405f880 Uncommon trap: reason=class_check action=maybe_recompile pc=0x0000027ac436d5a0 method=com.sun.tools.javac.util.ListBuffer.next()Ljava/lang/Object; @ 12 c2
Event: 11.441 Thread 0x0000027ab405f880 DEOPT PACKING pc=0x0000027ac436d5a0 sp=0x000000c0c3cfd760
Event: 11.441 Thread 0x0000027ab405f880 DEOPT UNPACKING pc=0x0000027ac3957da2 sp=0x000000c0c3cfd718 mode 2
Event: 11.448 Thread 0x0000027ab405f880 Uncommon trap: trap_request=0xffffffde fr.pc=0x0000027ac44e5888 relative=0x0000000000000068
Event: 11.449 Thread 0x0000027ab405f880 Uncommon trap: reason=class_check action=maybe_recompile pc=0x0000027ac44e5888 method=com.sun.tools.javac.tree.TreeInfo.name(Lcom/sun/tools/javac/tree/JCTree;)Lcom/sun/tools/javac/util/Name; @ 4 c2
Event: 11.449 Thread 0x0000027ab405f880 DEOPT PACKING pc=0x0000027ac44e5888 sp=0x000000c0c3cfd310
Event: 11.449 Thread 0x0000027ab405f880 DEOPT UNPACKING pc=0x0000027ac3957da2 sp=0x000000c0c3cfd2a8 mode 2

Classes loaded (20 events):
Event: 7.565 Loading class java/util/IdentityHashMap$EntrySet
Event: 7.565 Loading class java/util/IdentityHashMap$EntrySet done
Event: 7.565 Loading class java/util/IdentityHashMap$EntryIterator
Event: 7.565 Loading class java/util/IdentityHashMap$EntryIterator done
Event: 7.566 Loading class java/util/IdentityHashMap$EntryIterator$Entry
Event: 7.566 Loading class java/util/IdentityHashMap$EntryIterator$Entry done
Event: 7.578 Loading class java/util/function/UnaryOperator
Event: 7.578 Loading class java/util/function/UnaryOperator done
Event: 7.594 Loading class java/util/regex/Pattern$Caret
Event: 7.594 Loading class java/util/regex/Pattern$Caret done
Event: 8.049 Loading class java/util/regex/Pattern$SliceI
Event: 8.049 Loading class java/util/regex/Pattern$SliceI done
Event: 8.051 Loading class java/util/regex/Pattern$Loop
Event: 8.051 Loading class java/util/regex/Pattern$Loop done
Event: 8.051 Loading class java/util/regex/Pattern$Prolog
Event: 8.051 Loading class java/util/regex/Pattern$Prolog done
Event: 8.101 Loading class java/util/regex/Pattern$LazyLoop
Event: 8.102 Loading class java/util/regex/Pattern$LazyLoop done
Event: 8.356 Loading class java/util/regex/Pattern$End
Event: 8.356 Loading class java/util/regex/Pattern$End done

Classes unloaded (0 events):
No events

Classes redefined (0 events):
No events

Internal exceptions (20 events):
Event: 8.124 Thread 0x0000027ab405f880 Exception <a 'java/lang/NoSuchMethodError'{0x00000000e530e560}: 'java.lang.Object java.lang.invoke.DirectMethodHandle$Holder.invokeVirtual(java.lang.Object, java.lang.Object, long)'> (0x00000000e530e560) 
thrown [s\open\src\hotspot\share\interpreter\linkResolver.cpp, line 773]
Event: 8.125 Thread 0x0000027ab405f880 Exception <a 'java/lang/NoSuchMethodError'{0x00000000e531bc40}: 'java.lang.Object java.lang.invoke.DirectMethodHandle$Holder.invokeVirtual(java.lang.Object, java.lang.Object, java.lang.Object, java.lang.Object, java.lang.Object, java.lang.Object, java.lang.Object, java.lang.Object)'> (0x00000000e531bc40) 
thrown [s\open\src\hotspot\share\interpreter\linkResolver.cpp, line 773]
Event: 8.133 Thread 0x0000027ab405f880 Implicit null exception at 0x0000027ac42cba7d to 0x0000027ac42cbbe8
Event: 8.161 Thread 0x0000027ab405f880 Exception <a 'java/lang/NoSuchMethodError'{0x00000000e52dc288}: 'java.lang.Object java.lang.invoke.DirectMethodHandle$Holder.invokeVirtual(java.lang.Object, java.lang.Object, java.lang.Object, java.lang.Object, java.lang.Object, java.lang.Object, java.lang.Object)'> (0x00000000e52dc288) 
thrown [s\open\src\hotspot\share\interpreter\linkResolver.cpp, line 773]
Event: 8.179 Thread 0x0000027ab405f880 Exception <a 'java/lang/NoSuchMethodError'{0x00000000ffe2ea90}: 'java.lang.Object java.lang.invoke.DirectMethodHandle$Holder.invokeVirtual(java.lang.Object, java.lang.Object, java.lang.Object, java.lang.Object, java.lang.Object)'> (0x00000000ffe2ea90) 
thrown [s\open\src\hotspot\share\interpreter\linkResolver.cpp, line 773]
Event: 8.466 Thread 0x0000027ab405f880 Implicit null exception at 0x0000027ac44e2ede to 0x0000027ac44e3629
Event: 10.133 Thread 0x0000027ab405f880 Exception <a 'sun/nio/fs/WindowsException'{0x00000000eaaf0020}> (0x00000000eaaf0020) 
thrown [s\open\src\hotspot\share\prims\jni.cpp, line 520]
Event: 10.134 Thread 0x0000027ab405f880 Exception <a 'sun/nio/fs/WindowsException'{0x00000000eaaf08c8}> (0x00000000eaaf08c8) 
thrown [s\open\src\hotspot\share\prims\jni.cpp, line 520]
Event: 10.134 Thread 0x0000027ab405f880 Exception <a 'sun/nio/fs/WindowsException'{0x00000000eaaf1280}> (0x00000000eaaf1280) 
thrown [s\open\src\hotspot\share\prims\jni.cpp, line 520]
Event: 10.618 Thread 0x0000027ab405f880 Exception <a 'sun/nio/fs/WindowsException'{0x00000000ece3bef0}> (0x00000000ece3bef0) 
thrown [s\open\src\hotspot\share\prims\jni.cpp, line 520]
Event: 10.618 Thread 0x0000027ab405f880 Exception <a 'sun/nio/fs/WindowsException'{0x00000000ece3c798}> (0x00000000ece3c798) 
thrown [s\open\src\hotspot\share\prims\jni.cpp, line 520]
Event: 10.619 Thread 0x0000027ab405f880 Exception <a 'sun/nio/fs/WindowsException'{0x00000000ece3d150}> (0x00000000ece3d150) 
thrown [s\open\src\hotspot\share\prims\jni.cpp, line 520]
Event: 11.185 Thread 0x0000027ab405f880 Implicit null exception at 0x0000027ac419f5a4 to 0x0000027ac41a0a4c
Event: 11.186 Thread 0x0000027ab405f880 Implicit null exception at 0x0000027ac4330f5a to 0x0000027ac4330fa8
Event: 11.205 Thread 0x0000027ab405f880 Exception <a 'sun/nio/fs/WindowsException'{0x00000000eb2fd518}> (0x00000000eb2fd518) 
thrown [s\open\src\hotspot\share\prims\jni.cpp, line 520]
Event: 11.205 Thread 0x0000027ab405f880 Exception <a 'sun/nio/fs/WindowsException'{0x00000000eb2fddc0}> (0x00000000eb2fddc0) 
thrown [s\open\src\hotspot\share\prims\jni.cpp, line 520]
Event: 11.205 Thread 0x0000027ab405f880 Exception <a 'sun/nio/fs/WindowsException'{0x00000000eb2fe778}> (0x00000000eb2fe778) 
thrown [s\open\src\hotspot\share\prims\jni.cpp, line 520]
Event: 11.452 Thread 0x0000027ab405f880 Exception <a 'sun/nio/fs/WindowsException'{0x00000000e8b1c6d8}> (0x00000000e8b1c6d8) 
thrown [s\open\src\hotspot\share\prims\jni.cpp, line 520]
Event: 11.453 Thread 0x0000027ab405f880 Exception <a 'sun/nio/fs/WindowsException'{0x00000000e8b1cf80}> (0x00000000e8b1cf80) 
thrown [s\open\src\hotspot\share\prims\jni.cpp, line 520]
Event: 11.453 Thread 0x0000027ab405f880 Exception <a 'sun/nio/fs/WindowsException'{0x00000000e8b1d938}> (0x00000000e8b1d938) 
thrown [s\open\src\hotspot\share\prims\jni.cpp, line 520]

ZGC Phase Switch (0 events):
No events

VM Operations (20 events):
Event: 10.315 Executing VM operation: G1CollectForAllocation (G1 Evacuation Pause) done
Event: 10.506 Executing VM operation: G1CollectForAllocation (G1 Evacuation Pause)
Event: 10.519 Executing VM operation: G1CollectForAllocation (G1 Evacuation Pause) done
Event: 10.578 Executing VM operation: G1PauseRemark
Event: 10.592 Executing VM operation: G1PauseRemark done
Event: 10.632 Executing VM operation: G1PauseCleanup
Event: 10.633 Executing VM operation: G1PauseCleanup done
Event: 10.735 Executing VM operation: G1CollectForAllocation (G1 Evacuation Pause)
Event: 10.748 Executing VM operation: G1CollectForAllocation (G1 Evacuation Pause) done
Event: 10.951 Executing VM operation: G1CollectForAllocation (G1 Evacuation Pause)
Event: 10.962 Executing VM operation: G1CollectForAllocation (G1 Evacuation Pause) done
Event: 11.093 Executing VM operation: G1CollectForAllocation (G1 Evacuation Pause)
Event: 11.098 Executing VM operation: G1CollectForAllocation (G1 Evacuation Pause) done
Event: 11.158 Executing VM operation: G1PauseRemark
Event: 11.171 Executing VM operation: G1PauseRemark done
Event: 11.213 Executing VM operation: G1PauseCleanup
Event: 11.213 Executing VM operation: G1PauseCleanup done
Event: 11.314 Executing VM operation: G1CollectForAllocation (G1 Evacuation Pause)
Event: 11.325 Executing VM operation: G1CollectForAllocation (G1 Evacuation Pause) done
Event: 11.479 Executing VM operation: G1CollectForAllocation (G1 Evacuation Pause)

Events (20 events):
Event: 11.171 Thread 0x0000027acf6ab0f0 flushing nmethod 0x0000027abc4f1810
Event: 11.171 Thread 0x0000027acf6ab0f0 flushing nmethod 0x0000027abc500d90
Event: 11.171 Thread 0x0000027acf6ab0f0 flushing nmethod 0x0000027abc500610
Event: 11.171 Thread 0x0000027acf6ab0f0 flushing nmethod 0x0000027abc4eb410
Event: 11.171 Thread 0x0000027acf6ab0f0 flushing nmethod 0x0000027abc4bc790
Event: 11.171 Thread 0x0000027acf6ab0f0 flushing nmethod 0x0000027abc4b7790
Event: 11.171 Thread 0x0000027acf6ab0f0 flushing nmethod 0x0000027ac4525410
Event: 11.171 Thread 0x0000027acf6ab0f0 flushing nmethod 0x0000027ac4516910
Event: 11.171 Thread 0x0000027acf6ab0f0 flushing nmethod 0x0000027ac446d690
Event: 11.171 Thread 0x0000027acf6ab0f0 flushing nmethod 0x0000027ac4459610
Event: 11.171 Thread 0x0000027acf6ab0f0 flushing nmethod 0x0000027ac44b6d10
Event: 11.171 Thread 0x0000027acf6ab0f0 flushing nmethod 0x0000027ac43e2590
Event: 11.171 Thread 0x0000027acf6ab0f0 flushing nmethod 0x0000027ac433f390
Event: 11.171 Thread 0x0000027acf6ab0f0 flushing nmethod 0x0000027ac432ce10
Event: 11.171 Thread 0x0000027acf6ab0f0 flushing nmethod 0x0000027ac42d6090
Event: 11.171 Thread 0x0000027acf6ab0f0 flushing nmethod 0x0000027ac4118390
Event: 11.171 Thread 0x0000027acf6ab0f0 flushing nmethod 0x0000027ac4267710
Event: 11.171 Thread 0x0000027acf6ab0f0 flushing nmethod 0x0000027ac41a5c90
Event: 11.171 Thread 0x0000027acf6ab0f0 flushing nmethod 0x0000027ac4117590
Event: 11.171 Thread 0x0000027acf6ab0f0 flushing nmethod 0x0000027ac4105990


Dynamic libraries:
0x00007ff7666f0000 - 0x00007ff7666fe000 	C:\Program Files\Java\jdk-21.0.2\bin\java.exe
0x00007ffec01c0000 - 0x00007ffec0427000 	C:\WINDOWS\SYSTEM32\ntdll.dll
0x00007ffebf070000 - 0x00007ffebf139000 	C:\WINDOWS\System32\KERNEL32.DLL
0x00007ffebd550000 - 0x00007ffebd941000 	C:\WINDOWS\System32\KERNELBASE.dll
0x00007ffebdd60000 - 0x00007ffebdeab000 	C:\WINDOWS\System32\ucrtbase.dll
0x00007ffe91300000 - 0x00007ffe91318000 	C:\Program Files\Java\jdk-21.0.2\bin\jli.dll
0x00007ffe8e2b0000 - 0x00007ffe8e2cb000 	C:\Program Files\Java\jdk-21.0.2\bin\VCRUNTIME140.dll
0x00007ffebf1a0000 - 0x00007ffebf365000 	C:\WINDOWS\System32\USER32.dll
0x00007ffebccb0000 - 0x00007ffebccd7000 	C:\WINDOWS\System32\win32u.dll
0x00007ffea1fa0000 - 0x00007ffea2233000 	C:\WINDOWS\WinSxS\amd64_microsoft.windows.common-controls_6595b64144ccf1df_6.0.26100.8037_none_3e092faae333b53b\COMCTL32.dll
0x00007ffebff70000 - 0x00007ffebff9b000 	C:\WINDOWS\System32\GDI32.dll
0x00007ffec00d0000 - 0x00007ffec0179000 	C:\WINDOWS\System32\msvcrt.dll
0x00007ffebdc30000 - 0x00007ffebdd5b000 	C:\WINDOWS\System32\gdi32full.dll
0x00007ffebd950000 - 0x00007ffebd9f3000 	C:\WINDOWS\System32\msvcp_win.dll
0x00007ffebf030000 - 0x00007ffebf061000 	C:\WINDOWS\System32\IMM32.DLL
0x00007ffe9b0e0000 - 0x00007ffe9b0ec000 	C:\Program Files\Java\jdk-21.0.2\bin\vcruntime140_1.dll
0x00007ffe59840000 - 0x00007ffe598ce000 	C:\Program Files\Java\jdk-21.0.2\bin\msvcp140.dll
0x00007ffdf4a60000 - 0x00007ffdf5777000 	C:\Program Files\Java\jdk-21.0.2\bin\server\jvm.dll
0x00007ffebfeb0000 - 0x00007ffebff6b000 	C:\WINDOWS\System32\ADVAPI32.dll
0x00007ffebe1e0000 - 0x00007ffebe287000 	C:\WINDOWS\System32\sechost.dll
0x00007ffebffb0000 - 0x00007ffec00c8000 	C:\WINDOWS\System32\RPCRT4.dll
0x00007ffebfdc0000 - 0x00007ffebfe34000 	C:\WINDOWS\System32\WS2_32.dll
0x00007ffeb2750000 - 0x00007ffeb275b000 	C:\WINDOWS\SYSTEM32\VERSION.dll
0x00007ffebc300000 - 0x00007ffebc35e000 	C:\WINDOWS\SYSTEM32\POWRPROF.dll
0x00007ffeae9d0000 - 0x00007ffeaea05000 	C:\WINDOWS\SYSTEM32\WINMM.dll
0x00007ffebc2e0000 - 0x00007ffebc2f4000 	C:\WINDOWS\SYSTEM32\UMPDC.dll
0x00007ffebb7f0000 - 0x00007ffebb80b000 	C:\WINDOWS\SYSTEM32\kernel.appcore.dll
0x00007ffe959a0000 - 0x00007ffe959aa000 	C:\Program Files\Java\jdk-21.0.2\bin\jimage.dll
0x00007ffeba9a0000 - 0x00007ffebabe2000 	C:\WINDOWS\SYSTEM32\DBGHELP.DLL
0x00007ffebf390000 - 0x00007ffebf712000 	C:\WINDOWS\System32\combase.dll
0x00007ffebef50000 - 0x00007ffebf027000 	C:\WINDOWS\System32\OLEAUT32.dll
0x00007ffea3210000 - 0x00007ffea324b000 	C:\WINDOWS\SYSTEM32\dbgcore.DLL
0x00007ffebdeb0000 - 0x00007ffebdf55000 	C:\WINDOWS\System32\bcryptPrimitives.dll
0x00007ffe81670000 - 0x00007ffe8168f000 	C:\Program Files\Java\jdk-21.0.2\bin\java.dll
0x00007ffebe440000 - 0x00007ffebeb9f000 	C:\WINDOWS\System32\SHELL32.dll
0x00007ffebda00000 - 0x00007ffebdb6a000 	C:\WINDOWS\System32\wintypes.dll
0x00007ffebcce0000 - 0x00007ffebd544000 	C:\WINDOWS\System32\windows.storage.dll
0x00007ffebedd0000 - 0x00007ffebeec7000 	C:\WINDOWS\System32\SHCORE.dll
0x00007ffebfe40000 - 0x00007ffebfea7000 	C:\WINDOWS\System32\shlwapi.dll
0x00007ffebc9c0000 - 0x00007ffebc9e9000 	C:\WINDOWS\SYSTEM32\profapi.dll
0x00007ffe58f00000 - 0x00007ffe58fd7000 	C:\Program Files\Java\jdk-21.0.2\bin\jsvml.dll
0x00007ffe94e30000 - 0x00007ffe94e40000 	C:\Program Files\Java\jdk-21.0.2\bin\net.dll
0x00007ffeb39f0000 - 0x00007ffeb3b17000 	C:\WINDOWS\SYSTEM32\WINHTTP.dll
0x00007ffebbd40000 - 0x00007ffebbdab000 	C:\WINDOWS\system32\mswsock.dll
0x00007ffe7cec0000 - 0x00007ffe7ced6000 	C:\Program Files\Java\jdk-21.0.2\bin\nio.dll
0x00007ffe7ba90000 - 0x00007ffe7baa8000 	C:\Program Files\Java\jdk-21.0.2\bin\zip.dll
0x00007ffe71830000 - 0x00007ffe71854000 	C:\Users\anh71\.m2\wrapper\dists\apache-maven-3.9.12\59fe215c0ad6947fea90184bf7add084544567b927287592651fda3782e0e798\lib\jansi-native\Windows\x86_64\jansi.dll
0x00007ffe94dc0000 - 0x00007ffe94dd0000 	C:\Program Files\Java\jdk-21.0.2\bin\verify.dll

dbghelp: loaded successfully - version: 4.0.5 - missing functions: none
symbol engine: initialized successfully - sym options: 0x614 - pdb path: .;C:\Program Files\Java\jdk-21.0.2\bin;C:\WINDOWS\SYSTEM32;C:\WINDOWS\WinSxS\amd64_microsoft.windows.common-controls_6595b64144ccf1df_6.0.26100.8037_none_3e092faae333b53b;C:\Program Files\Java\jdk-21.0.2\bin\server;C:\Users\anh71\.m2\wrapper\dists\apache-maven-3.9.12\59fe215c0ad6947fea90184bf7add084544567b927287592651fda3782e0e798\lib\jansi-native\Windows\x86_64

VM Arguments:
jvm_args: --enable-native-access=ALL-UNNAMED -Xmx512m -Xms128m -Dclassworlds.conf=C:\Users\anh71\.m2\wrapper\dists\apache-maven-3.9.12\59fe215c0ad6947fea90184bf7add084544567b927287592651fda3782e0e798\bin\m2.conf -Dmaven.home=C:\Users\anh71\.m2\wrapper\dists\apache-maven-3.9.12\59fe215c0ad6947fea90184bf7add084544567b927287592651fda3782e0e798 -Dlibrary.jansi.path=C:\Users\anh71\.m2\wrapper\dists\apache-maven-3.9.12\59fe215c0ad6947fea90184bf7add084544567b927287592651fda3782e0e798\lib\jansi-native -Dmaven.multiModuleProjectDirectory=D:\be_sme 
java_command: org.codehaus.plexus.classworlds.launcher.Launcher -q -DskipTests compile
java_class_path (initial): C:\Users\anh71\.m2\wrapper\dists\apache-maven-3.9.12\59fe215c0ad6947fea90184bf7add084544567b927287592651fda3782e0e798\boot\plexus-classworlds-2.9.0.jar
Launcher Type: SUN_STANDARD

[Global flags]
     intx CICompilerCount                          = 12                                        {product} {ergonomic}
     uint ConcGCThreads                            = 3                                         {product} {ergonomic}
     uint G1ConcRefinementThreads                  = 13                                        {product} {ergonomic}
   size_t G1HeapRegionSize                         = 1048576                                   {product} {ergonomic}
    uintx GCDrainStackTargetSize                   = 64                                        {product} {ergonomic}
   size_t InitialHeapSize                          = 134217728                                 {product} {command line}
   size_t MarkStackSize                            = 4194304                                   {product} {ergonomic}
   size_t MaxHeapSize                              = 536870912                                 {product} {command line}
   size_t MaxNewSize                               = 321912832                                 {product} {ergonomic}
   size_t MinHeapDeltaBytes                        = 1048576                                   {product} {ergonomic}
   size_t MinHeapSize                              = 134217728                                 {product} {command line}
    uintx NonNMethodCodeHeapSize                   = 7602480                                {pd product} {ergonomic}
    uintx NonProfiledCodeHeapSize                  = 122027880                              {pd product} {ergonomic}
    uintx ProfiledCodeHeapSize                     = 122027880                              {pd product} {ergonomic}
    uintx ReservedCodeCacheSize                    = 251658240                              {pd product} {ergonomic}
     bool SegmentedCodeCache                       = true                                      {product} {ergonomic}
   size_t SoftMaxHeapSize                          = 536870912                              {manageable} {ergonomic}
     bool UseCompressedOops                        = true                           {product lp64_product} {ergonomic}
     bool UseG1GC                                  = true                                      {product} {ergonomic}
     bool UseLargePagesIndividualAllocation        = false                                  {pd product} {ergonomic}

Logging:
Log output configuration:
 #0: stdout all=warning uptime,level,tags foldmultilines=false
 #1: stderr all=off uptime,level,tags foldmultilines=false

Environment Variables:
JAVA_HOME=C:\Program Files\Java\jdk-21.0.2
CLASSPATH=.;C:\Program Files\Java\jdk1.8.0_202\lib;C:\Program Files\Java\jdk1.8.0_202\jre\lib;
PATH=c:\Users\Admin\AppData\Local\Programs\cursor\resources\app\bin;D:\Java\jdk-17\bin;C:\Python312\Scripts\;C:\Python312\;C:\Program Files\Common Files\Oracle\Java\javapath;C:\Program Files (x86)\Common Files\Oracle\Java\java8path;C:\Program Files (x86)\Common Files\Oracle\Java\javapath;C:\WINDOWS\system32;C:\WINDOWS;C:\WINDOWS\System32\Wbem;C:\WINDOWS\System32\WindowsPowerShell\v1.0\;C:\WINDOWS\System32\OpenSSH\;C:\Program Files (x86)\Microsoft SQL Server\160\Tools\Binn\;C:\Program Files\Microsoft SQL Server\160\Tools\Binn\;C:\Program Files\Microsoft SQL Server\Client SDK\ODBC\170\Tools\Binn\;C:\Program Files\Microsoft SQL Server\160\DTS\Binn\;C:\Program Files\Java\jdk1.8.0_202\bin;C:\ProgramData\chocolatey\bin;C:\Program Files\Git\cmd;C:\Program Files\Git\bin\;D:\Java\apache-maven-3.9.6\bin;C:\Program Files\dotnet\;C:\Program Files\GitHub CLI\;C:\Program Files\Stripe;C:\Program Files\Redis\;C:\Program Files\Gradle;C:\Program Files\PostgreSQL\17\bin;C:\Program Files\Docker\Docker\resources\bin;C:\Program Files\;C:\Users\Admin\AppData\Local\Android\Sdk\platform-tools;C:\Users\Admin\AppData\Local\Android\Sdk\tools;C:\Users\Admin\AppData\Local\Android\Sdk\platform-tools;C:\Program Files\Java\jdk-21.0.2\bin;C:\WINDOWS\system32;C:\WINDOWS;C:\WINDOWS\System32\Wbem;C:\WINDOWS\System32\WindowsPowerShell\v1.0\;C:\WINDOWS\System32\OpenSSH\;C:\Program Files\Go\bin;C:\Program Files\apache-maven-3.9.12\bin;C:\Program Files\nodejs\;c:\Users\anh71\AppData\Local\Programs\cursor\resources\app\codeBin;C:\Users\anh71\AppData\Local\Microsoft\WindowsApps;C:\Users\anh71\.dotnet\tools;C:\Users\anh71\AppData\Local\Programs\cursor\resources\app\bin;C:\Users\anh71\AppData\Roaming\npm
USERNAME=anh71
TERM=dumb
OS=Windows_NT
PROCESSOR_IDENTIFIER=Intel64 Family 6 Model 141 Stepping 1, GenuineIntel
TMP=C:\Users\anh71\AppData\Local\Temp
TEMP=C:\Users\anh71\AppData\Local\Temp




Periodic native trim disabled

---------------  S Y S T E M  ---------------

OS:
 Windows 11 , 64 bit Build 26100 (10.0.26100.7920)
OS uptime: 28 days 21:43 hours
Hyper-V role detected

CPU: total 16 (initial active 16) (8 cores per cpu, 2 threads per core) family 6 model 141 stepping 1 microcode 0x46, cx8, cmov, fxsr, ht, mmx, 3dnowpref, sse, sse2, sse3, ssse3, sse4.1, sse4.2, popcnt, lzcnt, tsc, tscinvbit, avx, avx2, aes, erms, clmul, bmi1, bmi2, adx, avx512f, avx512dq, avx512cd, avx512bw, avx512vl, sha, fma, vzeroupper, avx512_vpopcntdq, avx512_vpclmulqdq, avx512_vaes, avx512_vnni, clflush, clflushopt, clwb, avx512_vbmi2, avx512_vbmi, hv, rdtscp, rdpid, fsrm, gfni, avx512_bitalg, f16c, cet_ibt, cet_ss, avx512_ifma
Processor Information for all 16 processors :
  Max Mhz: 2304, Current Mhz: 2304, Mhz Limit: 2304

Memory: 4k page, system-wide physical 16107M (1130M free)
TotalPageFile size 24299M (AvailPageFile size 13M)
current process WorkingSet (physical memory assigned to process): 423M, peak: 439M
current process commit charge ("private bytes"): 464M, peak: 485M

vm_info: OpenJDK 64-Bit Server VM (21.0.2+13-58) for windows-amd64 JRE (21.0.2+13-58), built on 2024-01-05T18:32:24Z by "mach5one" with MS VC++ 17.1 (VS2022)

END.
