#
# There is insufficient memory for the Java Runtime Environment to continue.
# Native memory allocation (mmap) failed to map 264241152 bytes for G1 virtual space
# Possible reasons:
#   The system is out of physical RAM or swap space
#   The process is running with CompressedOops enabled, and the Java Heap may be blocking the growth of the native heap
# Possible solutions:
#   Reduce memory load on the system
#   Increase physical memory or swap space
#   Check if swap backing store is full
#   Decrease Java heap size (-Xmx/-Xms)
#   Decrease number of Java threads
#   Decrease Java thread stack sizes (-Xss)
#   Set larger code cache with -XX:ReservedCodeCacheSize=
#   JVM is running with Zero Based Compressed Oops mode in which the Java heap is
#     placed in the first 32GB address space. The Java Heap base address is the
#     maximum limit for the native heap growth. Please use -XX:HeapBaseMinAddress
#     to set the Java Heap base and to place the Java Heap above 32GB virtual address.
# This output file may be truncated or incomplete.
#
#  Out of Memory Error (os_windows.cpp:3600), pid=27860, tid=16736
#
# JRE version:  (21.0.2+13) (build )
# Java VM: OpenJDK 64-Bit Server VM (21.0.2+13-58, mixed mode, sharing, tiered, compressed oops, compressed class ptrs, g1 gc, windows-amd64)
# No core dump will be written. Minidumps are not enabled by default on client versions of Windows
#

---------------  S U M M A R Y ------------

Command Line: -Dnet.bytebuddy.agent.attacher.dump= net.bytebuddy.agent.Attacher com.sun.tools.attach.VirtualMachine 2220 C:\Users\anh71\.m2\repository\net\bytebuddy\byte-buddy-agent\1.15.11\byte-buddy-agent-1.15.11.jar false 

Host: 11th Gen Intel(R) Core(TM) i7-11800H @ 2.30GHz, 16 cores, 15G,  Windows 11 , 64 bit Build 26100 (10.0.26100.8246)
Time: Sun Apr 26 08:34:53 2026 SE Asia Standard Time elapsed time: 2.037655 seconds (0d 0h 0m 2s)

---------------  T H R E A D  ---------------

Current thread (0x00000205f182f7e0):  JavaThread "Unknown thread" [_thread_in_vm, id=16736, stack(0x000000e1ca500000,0x000000e1ca600000) (1024K)]

Stack: [0x000000e1ca500000,0x000000e1ca600000]
Native frames: (J=compiled Java code, j=interpreted, Vv=VM code, C=native code)
V  [jvm.dll+0x6cade9]
V  [jvm.dll+0x8569c1]
V  [jvm.dll+0x858d2e]
V  [jvm.dll+0x859413]
V  [jvm.dll+0x280e56]
V  [jvm.dll+0x6c74d5]
V  [jvm.dll+0x6bbeca]
V  [jvm.dll+0x355bca]
V  [jvm.dll+0x35d816]
V  [jvm.dll+0x3ae67e]
V  [jvm.dll+0x3ae928]
V  [jvm.dll+0x3295dc]
V  [jvm.dll+0x32a16b]
V  [jvm.dll+0x81efa9]
V  [jvm.dll+0x3bba01]
V  [jvm.dll+0x807928]
V  [jvm.dll+0x44f50e]
V  [jvm.dll+0x450e11]
C  [jli.dll+0x52a3]
C  [ucrtbase.dll+0x37b0]
C  [KERNEL32.DLL+0x2e8d7]
C  [ntdll.dll+0x8c3fc]


---------------  P R O C E S S  ---------------

Threads class SMR info:
_java_thread_list=0x00007ff9aa16bb88, length=0, elements={
}

Java Threads: ( => current thread )
Total: 0

Other Threads:
  0x00000205ef4809f0 WorkerThread "GC Thread#0"                     [id=27544, stack(0x000000e1ca600000,0x000000e1ca700000) (1024K)]
  0x00000205f18a3ce0 ConcurrentGCThread "G1 Main Marker"            [id=20672, stack(0x000000e1ca700000,0x000000e1ca800000) (1024K)]
  0x00000205ef480d90 WorkerThread "G1 Conc#0"                       [id=20128, stack(0x000000e1ca800000,0x000000e1ca900000) (1024K)]

[error occurred during error reporting (printing all threads), id 0xc0000005, EXCEPTION_ACCESS_VIOLATION (0xc0000005) at pc=0x00007ff9a98dc6a7]
VM state: not at safepoint (not fully initialized)

VM Mutex/Monitor currently owned by a thread:  ([mutex/lock_event])
[0x00007ff9aa1dce68] Heap_lock - owner thread: 0x00000205f182f7e0

Heap address: 0x0000000704400000, size: 4028 MB, Compressed Oops mode: Zero based, Oop shift amount: 3

CDS archive(s) mapped at: [0x0000000000000000-0x0000000000000000-0x0000000000000000), size 0, SharedBaseAddress: 0x0000000800000000, ArchiveRelocationMode: 1.
Narrow klass base: 0x0000000000000000, Narrow klass shift: 0, Narrow klass range: 0x0

GC Precious Log:
 CardTable entry size: 512
 Card Set container configuration: InlinePtr #cards 4 size 8 Array Of Cards #cards 16 size 48 Howl #buckets 8 coarsen threshold 3686 Howl Bitmap #cards 512 size 80 coarsen threshold 460 Card regions per heap region 1 cards per card region 4096

Heap:
 garbage-first heap   total 0K, used 0K [0x0000000704400000, 0x0000000800000000)
  region size 2048K, 0 young (0K), 0 survivors (0K)

[error occurred during error reporting (printing heap information), id 0xc0000005, EXCEPTION_ACCESS_VIOLATION (0xc0000005) at pc=0x00007ff9a9cc39f9]
GC Heap History (0 events):
No events

Dll operation events (1 events):
Event: 0.006 Loaded shared library C:\Program Files\Java\jdk-21.0.2\bin\java.dll

Deoptimization events (0 events):
No events

Classes loaded (0 events):
No events

Classes unloaded (0 events):
No events

Classes redefined (0 events):
No events

Internal exceptions (0 events):
No events

ZGC Phase Switch (0 events):
No events

VM Operations (0 events):
No events

Events (0 events):
No events


Dynamic libraries:
0x00007ff78f560000 - 0x00007ff78f56e000 	C:\Program Files\Java\jdk-21.0.2\bin\java.exe
0x00007ffa81cc0000 - 0x00007ffa81f27000 	C:\WINDOWS\SYSTEM32\ntdll.dll
0x00007ffa80b10000 - 0x00007ffa80bd9000 	C:\WINDOWS\System32\KERNEL32.DLL
0x00007ffa7f440000 - 0x00007ffa7f834000 	C:\WINDOWS\System32\KERNELBASE.dll
0x00007ffa7f900000 - 0x00007ffa7fa4b000 	C:\WINDOWS\System32\ucrtbase.dll
0x00007ffa63a20000 - 0x00007ffa63a3b000 	C:\Program Files\Java\jdk-21.0.2\bin\VCRUNTIME140.dll
0x00007ffa63b20000 - 0x00007ffa63b38000 	C:\Program Files\Java\jdk-21.0.2\bin\jli.dll
0x00007ffa81900000 - 0x00007ffa81ac5000 	C:\WINDOWS\System32\USER32.dll
0x00007ffa7e9a0000 - 0x00007ffa7e9c7000 	C:\WINDOWS\System32\win32u.dll
0x00007ffa636a0000 - 0x00007ffa63933000 	C:\WINDOWS\WinSxS\amd64_microsoft.windows.common-controls_6595b64144ccf1df_6.0.26100.8115_none_3e075c82e3354f9c\COMCTL32.dll
0x00007ffa80480000 - 0x00007ffa804ab000 	C:\WINDOWS\System32\GDI32.dll
0x00007ffa81ad0000 - 0x00007ffa81b79000 	C:\WINDOWS\System32\msvcrt.dll
0x00007ffa7e590000 - 0x00007ffa7e6bb000 	C:\WINDOWS\System32\gdi32full.dll
0x00007ffa7e840000 - 0x00007ffa7e8e3000 	C:\WINDOWS\System32\msvcp_win.dll
0x00007ffa81c40000 - 0x00007ffa81c72000 	C:\WINDOWS\System32\IMM32.DLL
0x00007ffa64f00000 - 0x00007ffa64f0c000 	C:\Program Files\Java\jdk-21.0.2\bin\vcruntime140_1.dll
0x00007ffa50c30000 - 0x00007ffa50cbe000 	C:\Program Files\Java\jdk-21.0.2\bin\msvcp140.dll
0x00007ff9a95a0000 - 0x00007ff9aa2b7000 	C:\Program Files\Java\jdk-21.0.2\bin\server\jvm.dll
0x00007ffa7fa50000 - 0x00007ffa7fb06000 	C:\WINDOWS\System32\ADVAPI32.dll
0x00007ffa80990000 - 0x00007ffa80a37000 	C:\WINDOWS\System32\sechost.dll
0x00007ffa7fb10000 - 0x00007ffa7fc28000 	C:\WINDOWS\System32\RPCRT4.dll
0x00007ffa80bf0000 - 0x00007ffa80c70000 	C:\WINDOWS\System32\WS2_32.dll
0x00007ffa6fa30000 - 0x00007ffa6fa66000 	C:\WINDOWS\SYSTEM32\WINMM.dll
0x00007ffa7ddf0000 - 0x00007ffa7de4e000 	C:\WINDOWS\SYSTEM32\POWRPROF.dll
0x00007ffa74200000 - 0x00007ffa7420b000 	C:\WINDOWS\SYSTEM32\VERSION.dll
0x00007ffa7ddd0000 - 0x00007ffa7dde4000 	C:\WINDOWS\SYSTEM32\UMPDC.dll
0x00007ffa7d2e0000 - 0x00007ffa7d2fb000 	C:\WINDOWS\SYSTEM32\kernel.appcore.dll
0x00007ffa55b90000 - 0x00007ffa55b9a000 	C:\Program Files\Java\jdk-21.0.2\bin\jimage.dll
0x00007ffa7c2d0000 - 0x00007ffa7c512000 	C:\WINDOWS\SYSTEM32\DBGHELP.DLL
0x00007ffa80e80000 - 0x00007ffa81202000 	C:\WINDOWS\System32\combase.dll
0x00007ffa80ca0000 - 0x00007ffa80d78000 	C:\WINDOWS\System32\OLEAUT32.dll
0x00007ffa68000000 - 0x00007ffa6803b000 	C:\WINDOWS\SYSTEM32\dbgcore.DLL
0x00007ffa7e8f0000 - 0x00007ffa7e995000 	C:\WINDOWS\System32\bcryptPrimitives.dll
0x00007ffa55b70000 - 0x00007ffa55b8f000 	C:\Program Files\Java\jdk-21.0.2\bin\java.dll

dbghelp: loaded successfully - version: 4.0.5 - missing functions: none
symbol engine: initialized successfully - sym options: 0x614 - pdb path: .;C:\Program Files\Java\jdk-21.0.2\bin;C:\WINDOWS\SYSTEM32;C:\WINDOWS\WinSxS\amd64_microsoft.windows.common-controls_6595b64144ccf1df_6.0.26100.8115_none_3e075c82e3354f9c;C:\Program Files\Java\jdk-21.0.2\bin\server

VM Arguments:
jvm_args: -Dnet.bytebuddy.agent.attacher.dump= 
java_command: net.bytebuddy.agent.Attacher com.sun.tools.attach.VirtualMachine 2220 C:\Users\anh71\.m2\repository\net\bytebuddy\byte-buddy-agent\1.15.11\byte-buddy-agent-1.15.11.jar false 
java_class_path (initial): C:\Users\anh71\.m2\repository\net\bytebuddy\byte-buddy-agent\1.15.11\byte-buddy-agent-1.15.11.jar
Launcher Type: SUN_STANDARD

[Global flags]
     intx CICompilerCount                          = 12                                        {product} {ergonomic}
     uint ConcGCThreads                            = 3                                         {product} {ergonomic}
     uint G1ConcRefinementThreads                  = 13                                        {product} {ergonomic}
   size_t G1HeapRegionSize                         = 2097152                                   {product} {ergonomic}
    uintx GCDrainStackTargetSize                   = 64                                        {product} {ergonomic}
   size_t InitialHeapSize                          = 264241152                                 {product} {ergonomic}
   size_t MarkStackSize                            = 4194304                                   {product} {ergonomic}
   size_t MaxHeapSize                              = 4223664128                                {product} {ergonomic}
   size_t MinHeapDeltaBytes                        = 2097152                                   {product} {ergonomic}
   size_t MinHeapSize                              = 8388608                                   {product} {ergonomic}
    uintx NonNMethodCodeHeapSize                   = 7602480                                {pd product} {ergonomic}
    uintx NonProfiledCodeHeapSize                  = 122027880                              {pd product} {ergonomic}
    uintx ProfiledCodeHeapSize                     = 122027880                              {pd product} {ergonomic}
    uintx ReservedCodeCacheSize                    = 251658240                              {pd product} {ergonomic}
     bool SegmentedCodeCache                       = true                                      {product} {ergonomic}
   size_t SoftMaxHeapSize                          = 4223664128                             {manageable} {ergonomic}
     bool UseCompressedOops                        = true                           {product lp64_product} {ergonomic}
     bool UseG1GC                                  = true                                      {product} {ergonomic}
     bool UseLargePagesIndividualAllocation        = false                                  {pd product} {ergonomic}

Logging:
Log output configuration:
 #0: stdout all=warning uptime,level,tags foldmultilines=false
 #1: stderr all=off uptime,level,tags foldmultilines=false

Environment Variables:
JAVA_HOME=C:\Program Files\Java\jdk-21.0.2
CLASSPATH=.;C:\Program Files\Java\jdk1.8.0_202\lib;C:\Program Files\Java\jdk1.8.0_202\jre\lib;
PATH=c:\Users\anh71\AppData\Local\Programs\cursor\resources\app\resources\helpers;c:\Users\Admin\AppData\Local\Programs\cursor\resources\app\bin;D:\Java\jdk-17\bin;C:\Python312\Scripts\;C:\Python312\;C:\Program Files\Common Files\Oracle\Java\javapath;C:\WINDOWS\system32;C:\WINDOWS;C:\WINDOWS\System32\Wbem;C:\WINDOWS\System32\WindowsPowerShell\v1.0\;C:\WINDOWS\System32\OpenSSH\;C:\Program Files (x86)\Microsoft SQL Server\160\Tools\Binn\;C:\Program Files\Microsoft SQL Server\160\Tools\Binn\;C:\Program Files\Microsoft SQL Server\Client SDK\ODBC\170\Tools\Binn\;C:\Program Files\Microsoft SQL Server\160\DTS\Binn\;C:\Program Files\Java\jdk1.8.0_202\bin;C:\ProgramData\chocolatey\bin;C:\Program Files\Git\cmd;C:\Program Files\Git\bin\;D:\Java\apache-maven-3.9.6\bin;C:\Program Files\dotnet\;C:\Program Files\GitHub CLI\;C:\Program Files\Stripe;C:\Program Files\Redis\;C:\Program Files\Gradle;C:\Program Files\PostgreSQL\17\bin;C:\Program Files\Docker\Docker\resources\bin;C:\Program Files\;C:\Users\Admin\AppData\Local\Android\Sdk\platform-tools;C:\Users\Admin\AppData\Local\Android\Sdk\tools;C:\Users\Admin\AppData\Local\Android\Sdk\platform-tools;C:\Program Files\Java\jdk-21.0.2\bin;C:\WINDOWS\system32;C:\WINDOWS;C:\WINDOWS\System32\Wbem;C:\WINDOWS\System32\WindowsPowerShell\v1.0\;C:\WINDOWS\System32\OpenSSH\;C:\Program Files\Go\bin;C:\Program Files\apache-maven-3.9.12\bin;C:\Program Files\nodejs\;c:\Users\anh71\AppData\Local\Programs\cursor\resources\app\codeBin;C:\Users\anh71\AppData\Local\Microsoft\WindowsApps;C:\Users\anh71\.dotnet\tools;C:\Users\anh71\AppData\Local\Programs\cursor\resources\app\bin;C:\Users\anh71\AppData\Roaming\npm
USERNAME=anh71
TERM=dumb
OS=Windows_NT
PROCESSOR_IDENTIFIER=Intel64 Family 6 Model 141 Stepping 1, GenuineIntel
TMP=C:\Users\anh71\AppData\Local\Temp
TEMP=C:\Users\anh71\AppData\Local\Temp




Periodic native trim disabled

---------------  S Y S T E M  ---------------

OS:
 Windows 11 , 64 bit Build 26100 (10.0.26100.8246)
OS uptime: 1 days 0:53 hours
Hyper-V role detected

CPU: total 16 (initial active 16) (8 cores per cpu, 2 threads per core) family 6 model 141 stepping 1 microcode 0x46, cx8, cmov, fxsr, ht, mmx, 3dnowpref, sse, sse2, sse3, ssse3, sse4.1, sse4.2, popcnt, lzcnt, tsc, tscinvbit, avx, avx2, aes, erms, clmul, bmi1, bmi2, adx, avx512f, avx512dq, avx512cd, avx512bw, avx512vl, sha, fma, vzeroupper, avx512_vpopcntdq, avx512_vpclmulqdq, avx512_vaes, avx512_vnni, clflush, clflushopt, clwb, avx512_vbmi2, avx512_vbmi, hv, rdtscp, rdpid, fsrm, gfni, avx512_bitalg, f16c, cet_ibt, cet_ss, avx512_ifma
Processor Information for all 16 processors :
  Max Mhz: 2304, Current Mhz: 2304, Mhz Limit: 2304

Memory: 4k page, system-wide physical 16107M (1174M free)
TotalPageFile size 24299M (AvailPageFile size 97M)
current process WorkingSet (physical memory assigned to process): 12M, peak: 12M
current process commit charge ("private bytes"): 71M, peak: 323M

vm_info: OpenJDK 64-Bit Server VM (21.0.2+13-58) for windows-amd64 JRE (21.0.2+13-58), built on 2024-01-05T18:32:24Z by "mach5one" with MS VC++ 17.1 (VS2022)

END.
