#
# There is insufficient memory for the Java Runtime Environment to continue.
# Native memory allocation (malloc) failed to allocate 1890736 bytes for Chunk::new
# Possible reasons:
#   The system is out of physical RAM or swap space
#   The process is running with CompressedOops enabled, and the Java Heap may be blocking the growth of the native heap
# Possible solutions:
#   Reduce memory load on the system
#   Increase physical memory or swap space
#   Check if swap backing store is full
#   Decrease Java heap size (-Xmx/-Xms)
#   Decrease number of Java threads
#   Decrease Java thread stack sizes (-Xss)
#   Set larger code cache with -XX:ReservedCodeCacheSize=
#   JVM is running with Unscaled Compressed Oops mode in which the Java heap is
#     placed in the first 4GB address space. The Java Heap base address is the
#     maximum limit for the native heap growth. Please use -XX:HeapBaseMinAddress
#     to set the Java Heap base and to place the Java Heap above 4GB virtual address.
# This output file may be truncated or incomplete.
#
#  Out of Memory Error (arena.cpp:168), pid=31384, tid=7244
#
# JRE version: OpenJDK Runtime Environment (21.0.2+13) (build 21.0.2+13-58)
# Java VM: OpenJDK 64-Bit Server VM (21.0.2+13-58, mixed mode, sharing, tiered, compressed oops, compressed class ptrs, serial gc, windows-amd64)
# No core dump will be written. Minidumps are not enabled by default on client versions of Windows
#

---------------  S U M M A R Y ------------

Command Line: --enable-native-access=ALL-UNNAMED -Xms64m -Xmx256m -XX:+UseSerialGC -XX:MaxMetaspaceSize=128m -Dclassworlds.conf=C:\Users\anh71\.m2\wrapper\dists\apache-maven-3.9.12\59fe215c0ad6947fea90184bf7add084544567b927287592651fda3782e0e798\bin\m2.conf -Dmaven.home=C:\Users\anh71\.m2\wrapper\dists\apache-maven-3.9.12\59fe215c0ad6947fea90184bf7add084544567b927287592651fda3782e0e798 -Dlibrary.jansi.path=C:\Users\anh71\.m2\wrapper\dists\apache-maven-3.9.12\59fe215c0ad6947fea90184bf7add084544567b927287592651fda3782e0e798\lib\jansi-native -Dmaven.multiModuleProjectDirectory=D:\be_sme org.codehaus.plexus.classworlds.launcher.Launcher -DskipTests spring-boot:run

Host: 11th Gen Intel(R) Core(TM) i7-11800H @ 2.30GHz, 16 cores, 15G,  Windows 11 , 64 bit Build 26100 (10.0.26100.7920)
Time: Fri Apr 10 09:44:42 2026 SE Asia Standard Time elapsed time: 10.467880 seconds (0d 0h 0m 10s)

---------------  T H R E A D  ---------------

Current thread (0x00000277dd818ff0):  JavaThread "C2 CompilerThread0" daemon [_thread_in_native, id=7244, stack(0x000000a477600000,0x000000a477700000) (1024K)]


Current CompileTask:
C2:  10467 9391   !   4       lombok.javac.JavacAST::drill (146 bytes)

Stack: [0x000000a477600000,0x000000a477700000]
Native frames: (J=compiled Java code, j=interpreted, Vv=VM code, C=native code)
V  [jvm.dll+0x6cade9]
V  [jvm.dll+0x8569c1]
V  [jvm.dll+0x858d2e]
V  [jvm.dll+0x859413]
V  [jvm.dll+0x280e56]
V  [jvm.dll+0xc3f3d]
V  [jvm.dll+0xc4473]
V  [jvm.dll+0x3b5bf2]
V  [jvm.dll+0x382855]
V  [jvm.dll+0x381cca]
V  [jvm.dll+0x249bd0]
V  [jvm.dll+0x2491b1]
V  [jvm.dll+0x1c9634]
V  [jvm.dll+0x258859]
V  [jvm.dll+0x256e3a]
V  [jvm.dll+0x3ef6c6]
V  [jvm.dll+0x7ff568]
V  [jvm.dll+0x6c953d]
C  [ucrtbase.dll+0x37b0]
C  [KERNEL32.DLL+0x2e8d7]
C  [ntdll.dll+0x8c48c]


---------------  P R O C E S S  ---------------

Threads class SMR info:
_java_thread_list=0x00000277ff599490, length=20, elements={
0x00000277ddd1f240, 0x00000277dd7d24f0, 0x00000277dd7d3150, 0x00000277dd7d7080,
0x00000277dd7dceb0, 0x00000277dd7e0b20, 0x00000277dd8048b0, 0x00000277dd818ff0,
0x00000277dd81a4b0, 0x00000277f520a580, 0x00000277f524ca80, 0x00000277f52544c0,
0x00000277f56d4b50, 0x00000277f5736cb0, 0x00000277f5737360, 0x00000277ff76d860,
0x00000277fe5c9a40, 0x00000277fe5c9370, 0x00000277f57fce40, 0x00000277f57ff050
}

Java Threads: ( => current thread )
  0x00000277ddd1f240 JavaThread "main"                              [_thread_in_Java, id=11992, stack(0x000000a476d00000,0x000000a476e00000) (1024K)]
  0x00000277dd7d24f0 JavaThread "Reference Handler"          daemon [_thread_blocked, id=29564, stack(0x000000a477000000,0x000000a477100000) (1024K)]
  0x00000277dd7d3150 JavaThread "Finalizer"                  daemon [_thread_blocked, id=16640, stack(0x000000a477100000,0x000000a477200000) (1024K)]
  0x00000277dd7d7080 JavaThread "Signal Dispatcher"          daemon [_thread_blocked, id=32472, stack(0x000000a477200000,0x000000a477300000) (1024K)]
  0x00000277dd7dceb0 JavaThread "Attach Listener"            daemon [_thread_blocked, id=20920, stack(0x000000a477300000,0x000000a477400000) (1024K)]
  0x00000277dd7e0b20 JavaThread "Service Thread"             daemon [_thread_blocked, id=30480, stack(0x000000a477400000,0x000000a477500000) (1024K)]
  0x00000277dd8048b0 JavaThread "Monitor Deflation Thread"   daemon [_thread_blocked, id=31820, stack(0x000000a477500000,0x000000a477600000) (1024K)]
=>0x00000277dd818ff0 JavaThread "C2 CompilerThread0"         daemon [_thread_in_native, id=7244, stack(0x000000a477600000,0x000000a477700000) (1024K)]
  0x00000277dd81a4b0 JavaThread "C1 CompilerThread0"         daemon [_thread_blocked, id=9780, stack(0x000000a477700000,0x000000a477800000) (1024K)]
  0x00000277f520a580 JavaThread "C1 CompilerThread1"         daemon [_thread_in_native, id=24112, stack(0x000000a477800000,0x000000a477900000) (1024K)]
  0x00000277f524ca80 JavaThread "Notification Thread"        daemon [_thread_blocked, id=11892, stack(0x000000a477900000,0x000000a477a00000) (1024K)]
  0x00000277f52544c0 JavaThread "Common-Cleaner"             daemon [_thread_blocked, id=23432, stack(0x000000a477a00000,0x000000a477b00000) (1024K)]
  0x00000277f56d4b50 JavaThread "C2 CompilerThread1"         daemon [_thread_in_native, id=16408, stack(0x000000a477b00000,0x000000a477c00000) (1024K)]
  0x00000277f5736cb0 JavaThread "C1 CompilerThread2"         daemon [_thread_in_native, id=16636, stack(0x000000a477c00000,0x000000a477d00000) (1024K)]
  0x00000277f5737360 JavaThread "C1 CompilerThread3"         daemon [_thread_in_native, id=33056, stack(0x000000a477d00000,0x000000a477e00000) (1024K)]
  0x00000277ff76d860 JavaThread "Thread-1"                   daemon [_thread_blocked, id=8608, stack(0x000000a478200000,0x000000a478300000) (1024K)]
  0x00000277fe5c9a40 JavaThread "C2 CompilerThread2"         daemon [_thread_in_native, id=24588, stack(0x000000a477e00000,0x000000a477f00000) (1024K)]
  0x00000277fe5c9370 JavaThread "C2 CompilerThread3"         daemon [_thread_in_native, id=16068, stack(0x000000a477f00000,0x000000a478000000) (1024K)]
  0x00000277f57fce40 JavaThread "C2 CompilerThread4"         daemon [_thread_in_native, id=9856, stack(0x000000a478000000,0x000000a478100000) (1024K)]
  0x00000277f57ff050 JavaThread "C2 CompilerThread5"         daemon [_thread_in_native, id=19940, stack(0x000000a478100000,0x000000a478200000) (1024K)]
Total: 20

Other Threads:
  0x00000277dd7b0960 VMThread "VM Thread"                           [id=32708, stack(0x000000a476f00000,0x000000a477000000) (1024K)]
  0x00000277dddd8760 WatcherThread "VM Periodic Task Thread"        [id=5220, stack(0x000000a476e00000,0x000000a476f00000) (1024K)]
Total: 2

Threads with active compile tasks:
C2 CompilerThread0    10483 9391   !   4       lombok.javac.JavacAST::drill (146 bytes)
C2 CompilerThread1    10483 9373   !   4       lombok.core.AST::buildWithField0 (121 bytes)
C1 CompilerThread3    10483 9980       2       lombok.javac.handlers.JavacHandlerUtil::injectMethod (212 bytes)
C2 CompilerThread2    10483 9375       4       lombok.javac.JavacAST::buildStatementOrExpression (120 bytes)
C2 CompilerThread3    10483 9423       4       lombok.core.AST::buildWithCollection (128 bytes)
C2 CompilerThread4    10484 9389       4       lombok.javac.JavacAST::buildTree (176 bytes)
C2 CompilerThread5    10484 9372       4       lombok.core.AST::buildWithField (21 bytes)
Total: 7

VM state: not at safepoint (normal execution)

VM Mutex/Monitor currently owned by a thread:  ([mutex/lock_event])
[0x00007ffdf569b8e8] MethodCompileQueue_lock - owner thread: 0x00000277f5737360

Heap address: 0x00000000f0000000, size: 256 MB, Compressed Oops mode: 32-bit

CDS archive(s) mapped at: [0x00000277f6000000-0x00000277f6c90000-0x00000277f6c90000), size 13172736, SharedBaseAddress: 0x00000277f6000000, ArchiveRelocationMode: 1.
Compressed class space mapped at: 0x00000277f7000000-0x00000277fe000000, reserved size: 117440512
Narrow klass base: 0x00000277f6000000, Narrow klass shift: 0, Narrow klass range: 0x100000000

GC Precious Log:
 CardTable entry size: 512
 CPUs: 16 total, 16 available
 Memory: 16107M
 Large Page Support: Disabled
 NUMA Support: Disabled
 Compressed Oops: Enabled (32-bit)
 Heap Min Capacity: 64M
 Heap Initial Capacity: 64M
 Heap Max Capacity: 256M
 Pre-touch: Disabled

Heap:
 def new generation   total 52864K, used 8561K [0x00000000f0000000, 0x00000000f3950000, 0x00000000f5550000)
  eden space 47040K,  11% used [0x00000000f0000000, 0x00000000f057f6d0, 0x00000000f2df0000)
  from space 5824K,  50% used [0x00000000f2df0000, 0x00000000f30cce10, 0x00000000f33a0000)
  to   space 5824K,   0% used [0x00000000f33a0000, 0x00000000f33a0000, 0x00000000f3950000)
 tenured generation   total 117248K, used 70347K [0x00000000f5550000, 0x00000000fc7d0000, 0x0000000100000000)
   the space 117248K,  59% used [0x00000000f5550000, 0x00000000f9a02c30, 0x00000000f9a02e00, 0x00000000fc7d0000)
 Metaspace       used 39156K, committed 39680K, reserved 180224K
  class space    used 4353K, committed 4608K, reserved 114688K

Card table byte_map: [0x00000277dbc70000,0x00000277dbd00000] _byte_map_base: 0x00000277db4f0000

Polling page: 0x00000277dbbe0000

Metaspace:

Usage:
  Non-class:     33.99 MB used.
      Class:      4.25 MB used.
       Both:     38.24 MB used.

Virtual space:
  Non-class space:       64.00 MB reserved,      34.25 MB ( 54%) committed,  1 nodes.
      Class space:      112.00 MB reserved,       4.50 MB (  4%) committed,  1 nodes.
             Both:      176.00 MB reserved,      38.75 MB ( 22%) committed. 

Chunk freelists:
   Non-Class:  13.56 MB
       Class:  11.52 MB
        Both:  25.08 MB

MaxMetaspaceSize: 128.00 MB
CompressedClassSpaceSize: 112.00 MB
Initial GC threshold: 21.00 MB
Current GC threshold: 62.81 MB
CDS: on
 - commit_granule_bytes: 65536.
 - commit_granule_words: 8192.
 - virtual_space_node_default_size: 8388608.
 - enlarge_chunks_in_place: 1.
 - use_allocation_guard: 0.


Internal statistics:

num_allocs_failed_limit: 3.
num_arena_births: 492.
num_arena_deaths: 0.
num_vsnodes_births: 2.
num_vsnodes_deaths: 0.
num_space_committed: 620.
num_space_uncommitted: 0.
num_chunks_returned_to_freelist: 3.
num_chunks_taken_from_freelist: 1780.
num_chunk_merges: 0.
num_chunk_splits: 1244.
num_chunks_enlarged: 919.
num_inconsistent_stats: 0.

CodeHeap 'non-profiled nmethods': size=119168Kb used=5417Kb max_used=5417Kb free=113750Kb
 bounds [0x00000277edd10000, 0x00000277ee260000, 0x00000277f5170000]
CodeHeap 'profiled nmethods': size=119104Kb used=20331Kb max_used=20331Kb free=98772Kb
 bounds [0x00000277e6170000, 0x00000277e7550000, 0x00000277ed5c0000]
CodeHeap 'non-nmethods': size=7488Kb used=3023Kb max_used=3107Kb free=4464Kb
 bounds [0x00000277ed5c0000, 0x00000277ed8d0000, 0x00000277edd10000]
 total_blobs=9310 nmethods=8707 adapters=505
 compilation: enabled
              stopped_count=0, restarted_count=0
 full_count=0

Compilation events (20 events):
Event: 9.458 Thread 0x00000277f5736cb0 nmethod 9954 0x00000277e753a290 code [0x00000277e753a460, 0x00000277e753a6a0]
Event: 9.461 Thread 0x00000277dd81a4b0 9956       2       lombok.javac.Javac::getDocComment (41 bytes)
Event: 9.461 Thread 0x00000277f520a580 9960       2       lombok.core.handlers.HandlerUtil::stripLinesWithTagFromJavadoc (64 bytes)
Event: 9.461 Thread 0x00000277f5737360 9957       2       lombok.javac.Javac$JavadocOps_8::getJavadoc (26 bytes)
Event: 9.461 Thread 0x00000277f5736cb0 9958       2       com.sun.tools.javac.parser.LazyDocCommentTable::getComment (27 bytes)
Event: 9.461 Thread 0x00000277f5736cb0 nmethod 9958 0x00000277e753a810 code [0x00000277e753a9c0, 0x00000277e753ab78]
Event: 9.461 Thread 0x00000277f5737360 nmethod 9957 0x00000277e753ac90 code [0x00000277e753ae60, 0x00000277e753b0d0]
Event: 9.461 Thread 0x00000277f5737360 9959       2       lombok.core.handlers.HandlerUtil::stripSectionsFromJavadoc (40 bytes)
Event: 9.461 Thread 0x00000277f520a580 nmethod 9960 0x00000277e753b290 code [0x00000277e753b480, 0x00000277e753b758]
Event: 9.462 Thread 0x00000277dd81a4b0 nmethod 9956 0x00000277e753ba10 code [0x00000277e753bc80, 0x00000277e753c2f0]
Event: 9.462 Thread 0x00000277f5737360 nmethod 9959 0x00000277e753c690 code [0x00000277e753c880, 0x00000277e753cb90]
Event: 9.462 Thread 0x00000277dd81a4b0 9961       2       lombok.javac.handlers.JavacHandlerUtil::hasAnnotation (118 bytes)
Event: 9.462 Thread 0x00000277dd81a4b0 nmethod 9961 0x00000277e753cd90 code [0x00000277e753cfc0, 0x00000277e753d550]
Event: 9.463 Thread 0x00000277dd81a4b0 9962       2       lombok.core.handlers.HandlerUtil::toAllAccessorNames (338 bytes)
Event: 9.465 Thread 0x00000277dd81a4b0 nmethod 9962 0x00000277e753d990 code [0x00000277e753dd00, 0x00000277e753ec80]
Event: 9.465 Thread 0x00000277dd81a4b0 9963       2       com.sun.tools.javac.tree.JCTree$JCMethodInvocation::accept (6 bytes)
Event: 9.465 Thread 0x00000277f5736cb0 9964       2       com.sun.tools.javac.tree.JCTree$JCReturn::accept (6 bytes)
Event: 9.465 Thread 0x00000277dd81a4b0 nmethod 9963 0x00000277e753f610 code [0x00000277e753f7c0, 0x00000277e753f900]
Event: 9.465 Thread 0x00000277f5737360 9965       2       com.sun.tools.javac.tree.TreeScanner::visitReturn (9 bytes)
Event: 9.465 Thread 0x00000277f5736cb0 nmethod 9964 0x00000277e753f990 code [0x00000277e753fb40, 0x00000277e753fc80]

GC Heap History (20 events):
Event: 7.151 GC heap before
{Heap before GC invocations=29 (full 4):
 def new generation   total 31168K, used 31168K [0x00000000f0000000, 0x00000000f21d0000, 0x00000000f5550000)
  eden space 27712K, 100% used [0x00000000f0000000, 0x00000000f1b10000, 0x00000000f1b10000)
  from space 3456K, 100% used [0x00000000f1b10000, 0x00000000f1e70000, 0x00000000f1e70000)
  to   space 3456K,   0% used [0x00000000f1e70000, 0x00000000f1e70000, 0x00000000f21d0000)
 tenured generation   total 69168K, used 57539K [0x00000000f5550000, 0x00000000f98dc000, 0x0000000100000000)
   the space 69168K,  83% used [0x00000000f5550000, 0x00000000f8d80ff0, 0x00000000f8d81000, 0x00000000f98dc000)
 Metaspace       used 35747K, committed 36160K, reserved 180224K
  class space    used 4007K, committed 4224K, reserved 114688K
}
Event: 7.169 GC heap after
{Heap after GC invocations=30 (full 4):
 def new generation   total 31168K, used 3382K [0x00000000f0000000, 0x00000000f21d0000, 0x00000000f5550000)
  eden space 27712K,   0% used [0x00000000f0000000, 0x00000000f0000000, 0x00000000f1b10000)
  from space 3456K,  97% used [0x00000000f1e70000, 0x00000000f21bd868, 0x00000000f21d0000)
  to   space 3456K,   0% used [0x00000000f1b10000, 0x00000000f1b10000, 0x00000000f1e70000)
 tenured generation   total 69168K, used 60965K [0x00000000f5550000, 0x00000000f98dc000, 0x0000000100000000)
   the space 69168K,  88% used [0x00000000f5550000, 0x00000000f90d9638, 0x00000000f90d9800, 0x00000000f98dc000)
 Metaspace       used 35747K, committed 36160K, reserved 180224K
  class space    used 4007K, committed 4224K, reserved 114688K
}
Event: 7.303 GC heap before
{Heap before GC invocations=30 (full 4):
 def new generation   total 31168K, used 31094K [0x00000000f0000000, 0x00000000f21d0000, 0x00000000f5550000)
  eden space 27712K, 100% used [0x00000000f0000000, 0x00000000f1b10000, 0x00000000f1b10000)
  from space 3456K,  97% used [0x00000000f1e70000, 0x00000000f21bd868, 0x00000000f21d0000)
  to   space 3456K,   0% used [0x00000000f1b10000, 0x00000000f1b10000, 0x00000000f1e70000)
 tenured generation   total 69168K, used 60965K [0x00000000f5550000, 0x00000000f98dc000, 0x0000000100000000)
   the space 69168K,  88% used [0x00000000f5550000, 0x00000000f90d9638, 0x00000000f90d9800, 0x00000000f98dc000)
 Metaspace       used 35851K, committed 36288K, reserved 180224K
  class space    used 4007K, committed 4224K, reserved 114688K
}
Event: 7.317 GC heap after
{Heap after GC invocations=31 (full 4):
 def new generation   total 31168K, used 2383K [0x00000000f0000000, 0x00000000f21d0000, 0x00000000f5550000)
  eden space 27712K,   0% used [0x00000000f0000000, 0x00000000f0000000, 0x00000000f1b10000)
  from space 3456K,  68% used [0x00000000f1b10000, 0x00000000f1d63ea0, 0x00000000f1e70000)
  to   space 3456K,   0% used [0x00000000f1e70000, 0x00000000f1e70000, 0x00000000f21d0000)
 tenured generation   total 69168K, used 64336K [0x00000000f5550000, 0x00000000f98dc000, 0x0000000100000000)
   the space 69168K,  93% used [0x00000000f5550000, 0x00000000f94243f0, 0x00000000f9424400, 0x00000000f98dc000)
 Metaspace       used 35851K, committed 36288K, reserved 180224K
  class space    used 4007K, committed 4224K, reserved 114688K
}
Event: 7.423 GC heap before
{Heap before GC invocations=31 (full 4):
 def new generation   total 31168K, used 30095K [0x00000000f0000000, 0x00000000f21d0000, 0x00000000f5550000)
  eden space 27712K, 100% used [0x00000000f0000000, 0x00000000f1b10000, 0x00000000f1b10000)
  from space 3456K,  68% used [0x00000000f1b10000, 0x00000000f1d63ea0, 0x00000000f1e70000)
  to   space 3456K,   0% used [0x00000000f1e70000, 0x00000000f1e70000, 0x00000000f21d0000)
 tenured generation   total 69168K, used 64336K [0x00000000f5550000, 0x00000000f98dc000, 0x0000000100000000)
   the space 69168K,  93% used [0x00000000f5550000, 0x00000000f94243f0, 0x00000000f9424400, 0x00000000f98dc000)
 Metaspace       used 35890K, committed 36288K, reserved 180224K
  class space    used 4014K, committed 4224K, reserved 114688K
}
Event: 7.435 GC heap after
{Heap after GC invocations=32 (full 4):
 def new generation   total 31168K, used 1766K [0x00000000f0000000, 0x00000000f21d0000, 0x00000000f5550000)
  eden space 27712K,   0% used [0x00000000f0000000, 0x00000000f0000000, 0x00000000f1b10000)
  from space 3456K,  51% used [0x00000000f1e70000, 0x00000000f2029840, 0x00000000f21d0000)
  to   space 3456K,   0% used [0x00000000f1b10000, 0x00000000f1b10000, 0x00000000f1e70000)
 tenured generation   total 69168K, used 66717K [0x00000000f5550000, 0x00000000f98dc000, 0x0000000100000000)
   the space 69168K,  96% used [0x00000000f5550000, 0x00000000f96775a8, 0x00000000f9677600, 0x00000000f98dc000)
 Metaspace       used 35890K, committed 36288K, reserved 180224K
  class space    used 4014K, committed 4224K, reserved 114688K
}
Event: 7.909 GC heap before
{Heap before GC invocations=32 (full 4):
 def new generation   total 31168K, used 29478K [0x00000000f0000000, 0x00000000f21d0000, 0x00000000f5550000)
  eden space 27712K, 100% used [0x00000000f0000000, 0x00000000f1b10000, 0x00000000f1b10000)
  from space 3456K,  51% used [0x00000000f1e70000, 0x00000000f2029840, 0x00000000f21d0000)
  to   space 3456K,   0% used [0x00000000f1b10000, 0x00000000f1b10000, 0x00000000f1e70000)
 tenured generation   total 69168K, used 66717K [0x00000000f5550000, 0x00000000f98dc000, 0x0000000100000000)
   the space 69168K,  96% used [0x00000000f5550000, 0x00000000f96775a8, 0x00000000f9677600, 0x00000000f98dc000)
 Metaspace       used 37028K, committed 37376K, reserved 180224K
  class space    used 4094K, committed 4288K, reserved 114688K
}
Event: 7.925 GC heap after
{Heap after GC invocations=33 (full 4):
 def new generation   total 31168K, used 1982K [0x00000000f0000000, 0x00000000f21d0000, 0x00000000f5550000)
  eden space 27712K,   0% used [0x00000000f0000000, 0x00000000f0000000, 0x00000000f1b10000)
  from space 3456K,  57% used [0x00000000f1b10000, 0x00000000f1cffbf8, 0x00000000f1e70000)
  to   space 3456K,   0% used [0x00000000f1e70000, 0x00000000f1e70000, 0x00000000f21d0000)
 tenured generation   total 69168K, used 68479K [0x00000000f5550000, 0x00000000f98dc000, 0x0000000100000000)
   the space 69168K,  99% used [0x00000000f5550000, 0x00000000f982fed8, 0x00000000f9830000, 0x00000000f98dc000)
 Metaspace       used 37028K, committed 37376K, reserved 180224K
  class space    used 4094K, committed 4288K, reserved 114688K
}
Event: 8.366 GC heap before
{Heap before GC invocations=33 (full 4):
 def new generation   total 31168K, used 29694K [0x00000000f0000000, 0x00000000f21d0000, 0x00000000f5550000)
  eden space 27712K, 100% used [0x00000000f0000000, 0x00000000f1b10000, 0x00000000f1b10000)
  from space 3456K,  57% used [0x00000000f1b10000, 0x00000000f1cffbf8, 0x00000000f1e70000)
  to   space 3456K,   0% used [0x00000000f1e70000, 0x00000000f1e70000, 0x00000000f21d0000)
 tenured generation   total 69168K, used 68479K [0x00000000f5550000, 0x00000000f98dc000, 0x0000000100000000)
   the space 69168K,  99% used [0x00000000f5550000, 0x00000000f982fed8, 0x00000000f9830000, 0x00000000f98dc000)
 Metaspace       used 38233K, committed 38592K, reserved 180224K
  class space    used 4244K, committed 4416K, reserved 114688K
}
Event: 8.374 GC heap after
{Heap after GC invocations=34 (full 4):
 def new generation   total 31168K, used 616K [0x00000000f0000000, 0x00000000f21d0000, 0x00000000f5550000)
  eden space 27712K,   0% used [0x00000000f0000000, 0x00000000f0000000, 0x00000000f1b10000)
  from space 3456K,  17% used [0x00000000f1e70000, 0x00000000f1f0a390, 0x00000000f21d0000)
  to   space 3456K,   0% used [0x00000000f1b10000, 0x00000000f1b10000, 0x00000000f1e70000)
 tenured generation   total 70512K, used 70458K [0x00000000f5550000, 0x00000000f9a2c000, 0x0000000100000000)
   the space 70512K,  99% used [0x00000000f5550000, 0x00000000f9a1ea40, 0x00000000f9a1ec00, 0x00000000f9a2c000)
 Metaspace       used 38233K, committed 38592K, reserved 180224K
  class space    used 4244K, committed 4416K, reserved 114688K
}
Event: 8.374 GC heap before
{Heap before GC invocations=34 (full 4):
 def new generation   total 31168K, used 616K [0x00000000f0000000, 0x00000000f21d0000, 0x00000000f5550000)
  eden space 27712K,   0% used [0x00000000f0000000, 0x00000000f0000000, 0x00000000f1b10000)
  from space 3456K,  17% used [0x00000000f1e70000, 0x00000000f1f0a390, 0x00000000f21d0000)
  to   space 3456K,   0% used [0x00000000f1b10000, 0x00000000f1b10000, 0x00000000f1e70000)
 tenured generation   total 70512K, used 70458K [0x00000000f5550000, 0x00000000f9a2c000, 0x0000000100000000)
   the space 70512K,  99% used [0x00000000f5550000, 0x00000000f9a1ea40, 0x00000000f9a1ec00, 0x00000000f9a2c000)
 Metaspace       used 38233K, committed 38592K, reserved 180224K
  class space    used 4244K, committed 4416K, reserved 114688K
}
Event: 8.484 GC heap after
{Heap after GC invocations=34 (full 5):
 def new generation   total 52864K, used 0K [0x00000000f0000000, 0x00000000f3950000, 0x00000000f5550000)
  eden space 47040K,   0% used [0x00000000f0000000, 0x00000000f0000000, 0x00000000f2df0000)
  from space 5824K,   0% used [0x00000000f2df0000, 0x00000000f2df0000, 0x00000000f33a0000)
  to   space 5824K,   0% used [0x00000000f33a0000, 0x00000000f33a0000, 0x00000000f3950000)
 tenured generation   total 117248K, used 70347K [0x00000000f5550000, 0x00000000fc7d0000, 0x0000000100000000)
   the space 117248K,  59% used [0x00000000f5550000, 0x00000000f9a02c30, 0x00000000f9a02e00, 0x00000000fc7d0000)
 Metaspace       used 38233K, committed 38592K, reserved 180224K
  class space    used 4244K, committed 4416K, reserved 114688K
}
Event: 8.636 GC heap before
{Heap before GC invocations=34 (full 5):
 def new generation   total 52864K, used 47040K [0x00000000f0000000, 0x00000000f3950000, 0x00000000f5550000)
  eden space 47040K, 100% used [0x00000000f0000000, 0x00000000f2df0000, 0x00000000f2df0000)
  from space 5824K,   0% used [0x00000000f2df0000, 0x00000000f2df0000, 0x00000000f33a0000)
  to   space 5824K,   0% used [0x00000000f33a0000, 0x00000000f33a0000, 0x00000000f3950000)
 tenured generation   total 117248K, used 70347K [0x00000000f5550000, 0x00000000fc7d0000, 0x0000000100000000)
   the space 117248K,  59% used [0x00000000f5550000, 0x00000000f9a02c30, 0x00000000f9a02e00, 0x00000000fc7d0000)
 Metaspace       used 38365K, committed 38784K, reserved 180224K
  class space    used 4253K, committed 4480K, reserved 114688K
}
Event: 8.640 GC heap after
{Heap after GC invocations=35 (full 5):
 def new generation   total 52864K, used 1461K [0x00000000f0000000, 0x00000000f3950000, 0x00000000f5550000)
  eden space 47040K,   0% used [0x00000000f0000000, 0x00000000f0000000, 0x00000000f2df0000)
  from space 5824K,  25% used [0x00000000f33a0000, 0x00000000f350d7c0, 0x00000000f3950000)
  to   space 5824K,   0% used [0x00000000f2df0000, 0x00000000f2df0000, 0x00000000f33a0000)
 tenured generation   total 117248K, used 70347K [0x00000000f5550000, 0x00000000fc7d0000, 0x0000000100000000)
   the space 117248K,  59% used [0x00000000f5550000, 0x00000000f9a02c30, 0x00000000f9a02e00, 0x00000000fc7d0000)
 Metaspace       used 38365K, committed 38784K, reserved 180224K
  class space    used 4253K, committed 4480K, reserved 114688K
}
Event: 8.766 GC heap before
{Heap before GC invocations=35 (full 5):
 def new generation   total 52864K, used 48501K [0x00000000f0000000, 0x00000000f3950000, 0x00000000f5550000)
  eden space 47040K, 100% used [0x00000000f0000000, 0x00000000f2df0000, 0x00000000f2df0000)
  from space 5824K,  25% used [0x00000000f33a0000, 0x00000000f350d7c0, 0x00000000f3950000)
  to   space 5824K,   0% used [0x00000000f2df0000, 0x00000000f2df0000, 0x00000000f33a0000)
 tenured generation   total 117248K, used 70347K [0x00000000f5550000, 0x00000000fc7d0000, 0x0000000100000000)
   the space 117248K,  59% used [0x00000000f5550000, 0x00000000f9a02c30, 0x00000000f9a02e00, 0x00000000fc7d0000)
 Metaspace       used 38450K, committed 38912K, reserved 180224K
  class space    used 4266K, committed 4480K, reserved 114688K
}
Event: 8.767 GC heap after
{Heap after GC invocations=36 (full 5):
 def new generation   total 52864K, used 1465K [0x00000000f0000000, 0x00000000f3950000, 0x00000000f5550000)
  eden space 47040K,   0% used [0x00000000f0000000, 0x00000000f0000000, 0x00000000f2df0000)
  from space 5824K,  25% used [0x00000000f2df0000, 0x00000000f2f5e548, 0x00000000f33a0000)
  to   space 5824K,   0% used [0x00000000f33a0000, 0x00000000f33a0000, 0x00000000f3950000)
 tenured generation   total 117248K, used 70347K [0x00000000f5550000, 0x00000000fc7d0000, 0x0000000100000000)
   the space 117248K,  59% used [0x00000000f5550000, 0x00000000f9a02c30, 0x00000000f9a02e00, 0x00000000fc7d0000)
 Metaspace       used 38450K, committed 38912K, reserved 180224K
  class space    used 4266K, committed 4480K, reserved 114688K
}
Event: 9.089 GC heap before
{Heap before GC invocations=36 (full 5):
 def new generation   total 52864K, used 48505K [0x00000000f0000000, 0x00000000f3950000, 0x00000000f5550000)
  eden space 47040K, 100% used [0x00000000f0000000, 0x00000000f2df0000, 0x00000000f2df0000)
  from space 5824K,  25% used [0x00000000f2df0000, 0x00000000f2f5e548, 0x00000000f33a0000)
  to   space 5824K,   0% used [0x00000000f33a0000, 0x00000000f33a0000, 0x00000000f3950000)
 tenured generation   total 117248K, used 70347K [0x00000000f5550000, 0x00000000fc7d0000, 0x0000000100000000)
   the space 117248K,  59% used [0x00000000f5550000, 0x00000000f9a02c30, 0x00000000f9a02e00, 0x00000000fc7d0000)
 Metaspace       used 38974K, committed 39488K, reserved 180224K
  class space    used 4335K, committed 4608K, reserved 114688K
}
Event: 9.093 GC heap after
{Heap after GC invocations=37 (full 5):
 def new generation   total 52864K, used 2386K [0x00000000f0000000, 0x00000000f3950000, 0x00000000f5550000)
  eden space 47040K,   0% used [0x00000000f0000000, 0x00000000f0000000, 0x00000000f2df0000)
  from space 5824K,  40% used [0x00000000f33a0000, 0x00000000f35f4ba8, 0x00000000f3950000)
  to   space 5824K,   0% used [0x00000000f2df0000, 0x00000000f2df0000, 0x00000000f33a0000)
 tenured generation   total 117248K, used 70347K [0x00000000f5550000, 0x00000000fc7d0000, 0x0000000100000000)
   the space 117248K,  59% used [0x00000000f5550000, 0x00000000f9a02c30, 0x00000000f9a02e00, 0x00000000fc7d0000)
 Metaspace       used 38974K, committed 39488K, reserved 180224K
  class space    used 4335K, committed 4608K, reserved 114688K
}
Event: 9.452 GC heap before
{Heap before GC invocations=37 (full 5):
 def new generation   total 52864K, used 49426K [0x00000000f0000000, 0x00000000f3950000, 0x00000000f5550000)
  eden space 47040K, 100% used [0x00000000f0000000, 0x00000000f2df0000, 0x00000000f2df0000)
  from space 5824K,  40% used [0x00000000f33a0000, 0x00000000f35f4ba8, 0x00000000f3950000)
  to   space 5824K,   0% used [0x00000000f2df0000, 0x00000000f2df0000, 0x00000000f33a0000)
 tenured generation   total 117248K, used 70347K [0x00000000f5550000, 0x00000000fc7d0000, 0x0000000100000000)
   the space 117248K,  59% used [0x00000000f5550000, 0x00000000f9a02c30, 0x00000000f9a02e00, 0x00000000fc7d0000)
 Metaspace       used 39132K, committed 39616K, reserved 180224K
  class space    used 4352K, committed 4608K, reserved 114688K
}
Event: 9.457 GC heap after
{Heap after GC invocations=38 (full 5):
 def new generation   total 52864K, used 2931K [0x00000000f0000000, 0x00000000f3950000, 0x00000000f5550000)
  eden space 47040K,   0% used [0x00000000f0000000, 0x00000000f0000000, 0x00000000f2df0000)
  from space 5824K,  50% used [0x00000000f2df0000, 0x00000000f30cce10, 0x00000000f33a0000)
  to   space 5824K,   0% used [0x00000000f33a0000, 0x00000000f33a0000, 0x00000000f3950000)
 tenured generation   total 117248K, used 70347K [0x00000000f5550000, 0x00000000fc7d0000, 0x0000000100000000)
   the space 117248K,  59% used [0x00000000f5550000, 0x00000000f9a02c30, 0x00000000f9a02e00, 0x00000000fc7d0000)
 Metaspace       used 39132K, committed 39616K, reserved 180224K
  class space    used 4352K, committed 4608K, reserved 114688K
}

Dll operation events (10 events):
Event: 0.005 Loaded shared library C:\Program Files\Java\jdk-21.0.2\bin\java.dll
Event: 0.026 Loaded shared library C:\Program Files\Java\jdk-21.0.2\bin\jsvml.dll
Event: 0.038 Loaded shared library C:\Program Files\Java\jdk-21.0.2\bin\net.dll
Event: 0.040 Loaded shared library C:\Program Files\Java\jdk-21.0.2\bin\nio.dll
Event: 0.043 Loaded shared library C:\Program Files\Java\jdk-21.0.2\bin\zip.dll
Event: 0.168 Loaded shared library C:\Program Files\Java\jdk-21.0.2\bin\jimage.dll
Event: 0.169 Loaded shared library C:\Users\anh71\.m2\wrapper\dists\apache-maven-3.9.12\59fe215c0ad6947fea90184bf7add084544567b927287592651fda3782e0e798\lib\jansi-native\Windows\x86_64\jansi.dll
Event: 0.176 Loaded shared library C:\Program Files\Java\jdk-21.0.2\bin\verify.dll
Event: 2.223 Loaded shared library C:\Program Files\Java\jdk-21.0.2\bin\extnet.dll
Event: 2.307 Loaded shared library C:\Program Files\Java\jdk-21.0.2\bin\sunmscapi.dll

Deoptimization events (20 events):
Event: 9.000 Thread 0x00000277ddd1f240 Uncommon trap: trap_request=0xffffff45 fr.pc=0x00000277ede41544 relative=0x0000000000000264
Event: 9.000 Thread 0x00000277ddd1f240 Uncommon trap: reason=unstable_if action=reinterpret pc=0x00000277ede41544 method=java.lang.AbstractStringBuilder.inflateIfNeededFor(Ljava/lang/String;)V @ 14 c2
Event: 9.000 Thread 0x00000277ddd1f240 DEOPT PACKING pc=0x00000277ede41544 sp=0x000000a476dfca40
Event: 9.000 Thread 0x00000277ddd1f240 DEOPT UNPACKING pc=0x00000277ed616da2 sp=0x000000a476dfc938 mode 2
Event: 9.196 Thread 0x00000277ddd1f240 Uncommon trap: trap_request=0xffffff45 fr.pc=0x00000277ee175200 relative=0x0000000000000660
Event: 9.196 Thread 0x00000277ddd1f240 Uncommon trap: reason=unstable_if action=reinterpret pc=0x00000277ee175200 method=java.util.HashMap.removeNode(ILjava/lang/Object;Ljava/lang/Object;ZZ)Ljava/util/HashMap$Node; @ 62 c2
Event: 9.196 Thread 0x00000277ddd1f240 DEOPT PACKING pc=0x00000277ee175200 sp=0x000000a476dfd320
Event: 9.196 Thread 0x00000277ddd1f240 DEOPT UNPACKING pc=0x00000277ed616da2 sp=0x000000a476dfd220 mode 2
Event: 9.229 Thread 0x00000277ddd1f240 Uncommon trap: trap_request=0xffffffc6 fr.pc=0x00000277edd65cec relative=0x000000000000100c
Event: 9.229 Thread 0x00000277ddd1f240 Uncommon trap: reason=bimorphic_or_optimized_type_check action=maybe_recompile pc=0x00000277edd65cec method=java.util.TimSort.binarySort([Ljava/lang/Object;IIILjava/util/Comparator;)V @ 93 c2
Event: 9.229 Thread 0x00000277ddd1f240 DEOPT PACKING pc=0x00000277edd65cec sp=0x000000a476dfc9b0
Event: 9.229 Thread 0x00000277ddd1f240 DEOPT UNPACKING pc=0x00000277ed616da2 sp=0x000000a476dfc978 mode 2
Event: 9.254 Thread 0x00000277ddd1f240 Uncommon trap: trap_request=0xffffffc6 fr.pc=0x00000277edd65cec relative=0x000000000000100c
Event: 9.254 Thread 0x00000277ddd1f240 Uncommon trap: reason=bimorphic_or_optimized_type_check action=maybe_recompile pc=0x00000277edd65cec method=java.util.TimSort.binarySort([Ljava/lang/Object;IIILjava/util/Comparator;)V @ 93 c2
Event: 9.255 Thread 0x00000277ddd1f240 DEOPT PACKING pc=0x00000277edd65cec sp=0x000000a476dfc9b0
Event: 9.255 Thread 0x00000277ddd1f240 DEOPT UNPACKING pc=0x00000277ed616da2 sp=0x000000a476dfc978 mode 2
Event: 9.462 Thread 0x00000277ddd1f240 Uncommon trap: trap_request=0xffffffc6 fr.pc=0x00000277edd65cec relative=0x000000000000100c
Event: 9.462 Thread 0x00000277ddd1f240 Uncommon trap: reason=bimorphic_or_optimized_type_check action=maybe_recompile pc=0x00000277edd65cec method=java.util.TimSort.binarySort([Ljava/lang/Object;IIILjava/util/Comparator;)V @ 93 c2
Event: 9.462 Thread 0x00000277ddd1f240 DEOPT PACKING pc=0x00000277edd65cec sp=0x000000a476dfc9b0
Event: 9.462 Thread 0x00000277ddd1f240 DEOPT UNPACKING pc=0x00000277ed616da2 sp=0x000000a476dfc978 mode 2

Classes loaded (20 events):
Event: 7.887 Loading class java/text/BreakIterator
Event: 7.887 Loading class java/text/BreakIterator done
Event: 8.060 Loading class java/io/PushbackInputStream
Event: 8.060 Loading class java/io/PushbackInputStream done
Event: 8.275 Loading class java/util/Collections$UnmodifiableSortedSet
Event: 8.275 Loading class java/util/Collections$UnmodifiableSortedSet done
Event: 8.289 Loading class java/util/IdentityHashMap$EntrySet
Event: 8.289 Loading class java/util/IdentityHashMap$EntrySet done
Event: 8.289 Loading class java/util/IdentityHashMap$EntryIterator
Event: 8.289 Loading class java/util/IdentityHashMap$EntryIterator done
Event: 8.290 Loading class java/util/IdentityHashMap$EntryIterator$Entry
Event: 8.290 Loading class java/util/IdentityHashMap$EntryIterator$Entry done
Event: 8.302 Loading class java/util/function/UnaryOperator
Event: 8.302 Loading class java/util/function/UnaryOperator done
Event: 8.310 Loading class java/util/regex/Pattern$Caret
Event: 8.310 Loading class java/util/regex/Pattern$Caret done
Event: 8.905 Loading class java/util/regex/Pattern$LazyLoop
Event: 8.905 Loading class java/util/regex/Pattern$LazyLoop done
Event: 8.906 Loading class java/util/regex/Pattern$End
Event: 8.906 Loading class java/util/regex/Pattern$End done

Classes unloaded (0 events):
No events

Classes redefined (0 events):
No events

Internal exceptions (20 events):
Event: 7.728 Thread 0x00000277ddd1f240 Implicit null exception at 0x00000277ede6a9f8 to 0x00000277ede6ae8c
Event: 8.362 Thread 0x00000277ddd1f240 Implicit null exception at 0x00000277ee00cda7 to 0x00000277ee00d13c
Event: 8.725 Thread 0x00000277ddd1f240 Exception <a 'java/lang/NoSuchMethodError'{0x00000000f1de4e48}: 'java.lang.Object java.lang.invoke.DirectMethodHandle$Holder.invokeVirtual(java.lang.Object, java.lang.Object, java.lang.Object, java.lang.Object)'> (0x00000000f1de4e48) 
thrown [s\open\src\hotspot\share\interpreter\linkResolver.cpp, line 773]
Event: 8.729 Thread 0x00000277ddd1f240 Exception <a 'java/lang/NoSuchMethodError'{0x00000000f1dff380}: 'void java.lang.invoke.DirectMethodHandle$Holder.invokeInterface(java.lang.Object, java.lang.Object, java.lang.Object, int)'> (0x00000000f1dff380) 
thrown [s\open\src\hotspot\share\interpreter\linkResolver.cpp, line 773]
Event: 8.730 Thread 0x00000277ddd1f240 Exception <a 'java/lang/NoSuchMethodError'{0x00000000f1e069f8}: 'void java.lang.invoke.DelegatingMethodHandle$Holder.reinvoke_L(java.lang.Object, java.lang.Object, java.lang.Object, int)'> (0x00000000f1e069f8) 
thrown [s\open\src\hotspot\share\interpreter\linkResolver.cpp, line 773]
Event: 8.831 Thread 0x00000277ddd1f240 Exception <a 'java/lang/NoSuchMethodError'{0x00000000f0fb9170}: 'long java.lang.invoke.DirectMethodHandle$Holder.invokeStatic(java.lang.Object, java.lang.Object, int)'> (0x00000000f0fb9170) 
thrown [s\open\src\hotspot\share\interpreter\linkResolver.cpp, line 773]
Event: 8.832 Thread 0x00000277ddd1f240 Exception <a 'java/lang/NoSuchMethodError'{0x00000000f0fc0c98}: 'java.lang.Object java.lang.invoke.DirectMethodHandle$Holder.invokeSpecial(java.lang.Object, java.lang.Object, java.lang.Object, long, java.lang.Object)'> (0x00000000f0fc0c98) 
thrown [s\open\src\hotspot\share\interpreter\linkResolver.cpp, line 773]
Event: 8.833 Thread 0x00000277ddd1f240 Exception <a 'java/lang/NoSuchMethodError'{0x00000000f0fc4c08}: 'java.lang.Object java.lang.invoke.DelegatingMethodHandle$Holder.reinvoke_L(java.lang.Object, java.lang.Object, long, java.lang.Object)'> (0x00000000f0fc4c08) 
thrown [s\open\src\hotspot\share\interpreter\linkResolver.cpp, line 773]
Event: 8.834 Thread 0x00000277ddd1f240 Exception <a 'java/lang/NoSuchMethodError'{0x00000000f0fd66c8}: 'java.lang.Object java.lang.invoke.DirectMethodHandle$Holder.invokeVirtual(java.lang.Object, java.lang.Object, long)'> (0x00000000f0fd66c8) 
thrown [s\open\src\hotspot\share\interpreter\linkResolver.cpp, line 773]
Event: 8.836 Thread 0x00000277ddd1f240 Exception <a 'java/lang/NoSuchMethodError'{0x00000000f0fe7db0}: 'java.lang.Object java.lang.invoke.DirectMethodHandle$Holder.invokeVirtual(java.lang.Object, java.lang.Object, java.lang.Object, java.lang.Object, java.lang.Object, java.lang.Object, java.lang.Object, java.lang.Object, java.lang.Object, java.lang.Object)'> (0x00000000f0fe7db0) 
thrown [s\open\src\hotspot\share\interpreter\linkResolver.cpp, line 773]
Event: 8.841 Thread 0x00000277ddd1f240 Exception <a 'java/lang/NoSuchMethodError'{0x00000000f1009e68}: 'java.lang.Object java.lang.invoke.DirectMethodHandle$Holder.invokeStatic(java.lang.Object, java.lang.Object, int)'> (0x00000000f1009e68) 
thrown [s\open\src\hotspot\share\interpreter\linkResolver.cpp, line 773]
Event: 8.841 Thread 0x00000277ddd1f240 Exception <a 'java/lang/NoSuchMethodError'{0x00000000f100e3d0}: 'void java.lang.invoke.DirectMethodHandle$Holder.invokeStatic(java.lang.Object, java.lang.Object, int, java.lang.Object)'> (0x00000000f100e3d0) 
thrown [s\open\src\hotspot\share\interpreter\linkResolver.cpp, line 773]
Event: 8.842 Thread 0x00000277ddd1f240 Exception <a 'java/lang/NoSuchMethodError'{0x00000000f1015668}: 'void java.lang.invoke.DelegatingMethodHandle$Holder.delegate(java.lang.Object, java.lang.Object, int, java.lang.Object)'> (0x00000000f1015668) 
thrown [s\open\src\hotspot\share\interpreter\linkResolver.cpp, line 773]
Event: 8.877 Thread 0x00000277ddd1f240 Exception <a 'java/lang/NoSuchMethodError'{0x00000000f1129288}: 'void java.lang.invoke.DirectMethodHandle$Holder.invokeVirtual(java.lang.Object, java.lang.Object, java.lang.Object, java.lang.Object)'> (0x00000000f1129288) 
thrown [s\open\src\hotspot\share\interpreter\linkResolver.cpp, line 773]
Event: 8.892 Thread 0x00000277ddd1f240 Exception <a 'java/lang/NoSuchMethodError'{0x00000000f1177598}: 'java.lang.Object java.lang.invoke.DirectMethodHandle$Holder.invokeVirtual(java.lang.Object, java.lang.Object, java.lang.Object, java.lang.Object, java.lang.Object, java.lang.Object)'> (0x00000000f1177598) 
thrown [s\open\src\hotspot\share\interpreter\linkResolver.cpp, line 773]
Event: 8.916 Thread 0x00000277ddd1f240 Exception <a 'java/lang/NoSuchMethodError'{0x00000000f12357b8}: 'java.lang.Object java.lang.invoke.DirectMethodHandle$Holder.invokeVirtual(java.lang.Object, java.lang.Object, java.lang.Object, java.lang.Object, java.lang.Object, java.lang.Object, java.lang.Object, java.lang.Object)'> (0x00000000f12357b8) 
thrown [s\open\src\hotspot\share\interpreter\linkResolver.cpp, line 773]
Event: 8.923 Thread 0x00000277ddd1f240 Implicit null exception at 0x00000277ee008f7d to 0x00000277ee0090e4
Event: 8.964 Thread 0x00000277ddd1f240 Exception <a 'java/lang/NoSuchMethodError'{0x00000000f14a44f0}: 'java.lang.Object java.lang.invoke.DirectMethodHandle$Holder.invokeVirtual(java.lang.Object, java.lang.Object, java.lang.Object, java.lang.Object, java.lang.Object)'> (0x00000000f14a44f0) 
thrown [s\open\src\hotspot\share\interpreter\linkResolver.cpp, line 773]
Event: 8.967 Thread 0x00000277ddd1f240 Exception <a 'java/lang/NoSuchMethodError'{0x00000000f14c1a70}: 'java.lang.Object java.lang.invoke.DirectMethodHandle$Holder.invokeVirtual(java.lang.Object, java.lang.Object, java.lang.Object, java.lang.Object, java.lang.Object, java.lang.Object, java.lang.Object)'> (0x00000000f14c1a70) 
thrown [s\open\src\hotspot\share\interpreter\linkResolver.cpp, line 773]
Event: 9.196 Thread 0x00000277ddd1f240 Implicit null exception at 0x00000277ee174e43 to 0x00000277ee1751de

ZGC Phase Switch (0 events):
No events

VM Operations (20 events):
Event: 7.575 Executing VM operation: HandshakeAllThreads (Deoptimize) done
Event: 7.654 Executing VM operation: ICBufferFull
Event: 7.654 Executing VM operation: ICBufferFull done
Event: 7.909 Executing VM operation: GenCollectForAllocation (Allocation Failure)
Event: 7.925 Executing VM operation: GenCollectForAllocation (Allocation Failure) done
Event: 8.366 Executing VM operation: GenCollectForAllocation (Allocation Failure)
Event: 8.485 Executing VM operation: GenCollectForAllocation (Allocation Failure) done
Event: 8.636 Executing VM operation: GenCollectForAllocation (Allocation Failure)
Event: 8.640 Executing VM operation: GenCollectForAllocation (Allocation Failure) done
Event: 8.766 Executing VM operation: GenCollectForAllocation (Allocation Failure)
Event: 8.767 Executing VM operation: GenCollectForAllocation (Allocation Failure) done
Event: 8.850 Executing VM operation: HandshakeAllThreads (Deoptimize)
Event: 8.850 Executing VM operation: HandshakeAllThreads (Deoptimize) done
Event: 8.909 Executing VM operation: HandshakeAllThreads (Deoptimize)
Event: 8.909 Executing VM operation: HandshakeAllThreads (Deoptimize) done
Event: 9.088 Executing VM operation: GenCollectForAllocation (Allocation Failure)
Event: 9.094 Executing VM operation: GenCollectForAllocation (Allocation Failure) done
Event: 9.452 Executing VM operation: GenCollectForAllocation (Allocation Failure)
Event: 9.457 Executing VM operation: GenCollectForAllocation (Allocation Failure) done
Event: 10.462 Executing VM operation: Cleanup

Events (20 events):
Event: 8.433 Thread 0x00000277dd7b0960 flushing nmethod 0x00000277edfa1590
Event: 8.433 Thread 0x00000277dd7b0960 flushing nmethod 0x00000277edec7b10
Event: 8.433 Thread 0x00000277dd7b0960 flushing nmethod 0x00000277ede9bd90
Event: 8.433 Thread 0x00000277dd7b0960 flushing nmethod 0x00000277ede88410
Event: 8.433 Thread 0x00000277dd7b0960 flushing nmethod 0x00000277ede27a10
Event: 8.433 Thread 0x00000277dd7b0960 flushing nmethod 0x00000277ede22790
Event: 8.433 Thread 0x00000277dd7b0960 flushing nmethod 0x00000277ede22390
Event: 8.433 Thread 0x00000277dd7b0960 flushing nmethod 0x00000277ede1cc10
Event: 8.433 Thread 0x00000277dd7b0960 flushing nmethod 0x00000277ede1be90
Event: 8.433 Thread 0x00000277dd7b0960 flushing nmethod 0x00000277ede1ba10
Event: 8.433 Thread 0x00000277dd7b0960 flushing nmethod 0x00000277ede1b410
Event: 8.433 Thread 0x00000277dd7b0960 flushing nmethod 0x00000277ede1a490
Event: 8.433 Thread 0x00000277dd7b0960 flushing nmethod 0x00000277ede15e10
Event: 8.433 Thread 0x00000277dd7b0960 flushing nmethod 0x00000277ede0b990
Event: 8.433 Thread 0x00000277dd7b0960 flushing nmethod 0x00000277eddf6110
Event: 8.433 Thread 0x00000277dd7b0960 flushing nmethod 0x00000277eddc6a90
Event: 8.433 Thread 0x00000277dd7b0960 flushing nmethod 0x00000277eddaf990
Event: 8.433 Thread 0x00000277dd7b0960 flushing nmethod 0x00000277edd56610
Event: 8.433 Thread 0x00000277dd7b0960 flushing nmethod 0x00000277edd49710
Event: 8.433 Thread 0x00000277dd7b0960 flushing nmethod 0x00000277edd48a10


Dynamic libraries:
0x00007ff7666f0000 - 0x00007ff7666fe000 	C:\Program Files\Java\jdk-21.0.2\bin\java.exe
0x00007ffec01c0000 - 0x00007ffec0427000 	C:\WINDOWS\SYSTEM32\ntdll.dll
0x00007ffebf070000 - 0x00007ffebf139000 	C:\WINDOWS\System32\KERNEL32.DLL
0x00007ffebd550000 - 0x00007ffebd941000 	C:\WINDOWS\System32\KERNELBASE.dll
0x00007ffebdd60000 - 0x00007ffebdeab000 	C:\WINDOWS\System32\ucrtbase.dll
0x00007ffe91300000 - 0x00007ffe91318000 	C:\Program Files\Java\jdk-21.0.2\bin\jli.dll
0x00007ffe8e2b0000 - 0x00007ffe8e2cb000 	C:\Program Files\Java\jdk-21.0.2\bin\VCRUNTIME140.dll
0x00007ffebf1a0000 - 0x00007ffebf365000 	C:\WINDOWS\System32\USER32.dll
0x00007ffebccb0000 - 0x00007ffebccd7000 	C:\WINDOWS\System32\win32u.dll
0x00007ffea1fa0000 - 0x00007ffea2233000 	C:\WINDOWS\WinSxS\amd64_microsoft.windows.common-controls_6595b64144ccf1df_6.0.26100.8037_none_3e092faae333b53b\COMCTL32.dll
0x00007ffebff70000 - 0x00007ffebff9b000 	C:\WINDOWS\System32\GDI32.dll
0x00007ffec00d0000 - 0x00007ffec0179000 	C:\WINDOWS\System32\msvcrt.dll
0x00007ffebdc30000 - 0x00007ffebdd5b000 	C:\WINDOWS\System32\gdi32full.dll
0x00007ffebd950000 - 0x00007ffebd9f3000 	C:\WINDOWS\System32\msvcp_win.dll
0x00007ffebf030000 - 0x00007ffebf061000 	C:\WINDOWS\System32\IMM32.DLL
0x00007ffe9b0e0000 - 0x00007ffe9b0ec000 	C:\Program Files\Java\jdk-21.0.2\bin\vcruntime140_1.dll
0x00007ffe59840000 - 0x00007ffe598ce000 	C:\Program Files\Java\jdk-21.0.2\bin\msvcp140.dll
0x00007ffdf4a60000 - 0x00007ffdf5777000 	C:\Program Files\Java\jdk-21.0.2\bin\server\jvm.dll
0x00007ffebfeb0000 - 0x00007ffebff6b000 	C:\WINDOWS\System32\ADVAPI32.dll
0x00007ffebe1e0000 - 0x00007ffebe287000 	C:\WINDOWS\System32\sechost.dll
0x00007ffebffb0000 - 0x00007ffec00c8000 	C:\WINDOWS\System32\RPCRT4.dll
0x00007ffebfdc0000 - 0x00007ffebfe34000 	C:\WINDOWS\System32\WS2_32.dll
0x00007ffebc300000 - 0x00007ffebc35e000 	C:\WINDOWS\SYSTEM32\POWRPROF.dll
0x00007ffeae9d0000 - 0x00007ffeaea05000 	C:\WINDOWS\SYSTEM32\WINMM.dll
0x00007ffeb2750000 - 0x00007ffeb275b000 	C:\WINDOWS\SYSTEM32\VERSION.dll
0x00007ffebc2e0000 - 0x00007ffebc2f4000 	C:\WINDOWS\SYSTEM32\UMPDC.dll
0x00007ffebb7f0000 - 0x00007ffebb80b000 	C:\WINDOWS\SYSTEM32\kernel.appcore.dll
0x00007ffe959a0000 - 0x00007ffe959aa000 	C:\Program Files\Java\jdk-21.0.2\bin\jimage.dll
0x00007ffeba9a0000 - 0x00007ffebabe2000 	C:\WINDOWS\SYSTEM32\DBGHELP.DLL
0x00007ffebf390000 - 0x00007ffebf712000 	C:\WINDOWS\System32\combase.dll
0x00007ffebef50000 - 0x00007ffebf027000 	C:\WINDOWS\System32\OLEAUT32.dll
0x00007ffea3210000 - 0x00007ffea324b000 	C:\WINDOWS\SYSTEM32\dbgcore.DLL
0x00007ffebdeb0000 - 0x00007ffebdf55000 	C:\WINDOWS\System32\bcryptPrimitives.dll
0x00007ffe81670000 - 0x00007ffe8168f000 	C:\Program Files\Java\jdk-21.0.2\bin\java.dll
0x00007ffebe440000 - 0x00007ffebeb9f000 	C:\WINDOWS\System32\SHELL32.dll
0x00007ffebda00000 - 0x00007ffebdb6a000 	C:\WINDOWS\System32\wintypes.dll
0x00007ffebcce0000 - 0x00007ffebd544000 	C:\WINDOWS\System32\windows.storage.dll
0x00007ffebedd0000 - 0x00007ffebeec7000 	C:\WINDOWS\System32\SHCORE.dll
0x00007ffebfe40000 - 0x00007ffebfea7000 	C:\WINDOWS\System32\shlwapi.dll
0x00007ffebc9c0000 - 0x00007ffebc9e9000 	C:\WINDOWS\SYSTEM32\profapi.dll
0x00007ffe58f00000 - 0x00007ffe58fd7000 	C:\Program Files\Java\jdk-21.0.2\bin\jsvml.dll
0x00007ffe94e30000 - 0x00007ffe94e40000 	C:\Program Files\Java\jdk-21.0.2\bin\net.dll
0x00007ffeb39f0000 - 0x00007ffeb3b17000 	C:\WINDOWS\SYSTEM32\WINHTTP.dll
0x00007ffebbd40000 - 0x00007ffebbdab000 	C:\WINDOWS\system32\mswsock.dll
0x00007ffe7cec0000 - 0x00007ffe7ced6000 	C:\Program Files\Java\jdk-21.0.2\bin\nio.dll
0x00007ffe7ba90000 - 0x00007ffe7baa8000 	C:\Program Files\Java\jdk-21.0.2\bin\zip.dll
0x00007ffe71830000 - 0x00007ffe71854000 	C:\Users\anh71\.m2\wrapper\dists\apache-maven-3.9.12\59fe215c0ad6947fea90184bf7add084544567b927287592651fda3782e0e798\lib\jansi-native\Windows\x86_64\jansi.dll
0x00007ffe94dc0000 - 0x00007ffe94dd0000 	C:\Program Files\Java\jdk-21.0.2\bin\verify.dll
0x00007ffebc140000 - 0x00007ffebc15b000 	C:\WINDOWS\SYSTEM32\CRYPTSP.dll
0x00007ffebb750000 - 0x00007ffebb789000 	C:\WINDOWS\system32\rsaenh.dll
0x00007ffebbdf0000 - 0x00007ffebbe22000 	C:\WINDOWS\SYSTEM32\USERENV.dll
0x00007ffebc990000 - 0x00007ffebc9ba000 	C:\WINDOWS\SYSTEM32\bcrypt.dll
0x00007ffebbfa0000 - 0x00007ffebbfac000 	C:\WINDOWS\SYSTEM32\CRYPTBASE.dll
0x00007ffebb230000 - 0x00007ffebb263000 	C:\WINDOWS\SYSTEM32\IPHLPAPI.DLL
0x00007ffebdf60000 - 0x00007ffebdf6a000 	C:\WINDOWS\System32\NSI.dll
0x00007ffebb2d0000 - 0x00007ffebb3fa000 	C:\WINDOWS\SYSTEM32\DNSAPI.dll
0x00007ffeb30e0000 - 0x00007ffeb30eb000 	C:\Windows\System32\rasadhlp.dll
0x00007ffeb3d70000 - 0x00007ffeb3df6000 	C:\WINDOWS\System32\fwpuclnt.dll
0x00007ffe80820000 - 0x00007ffe80829000 	C:\Program Files\Java\jdk-21.0.2\bin\extnet.dll
0x00007ffe79170000 - 0x00007ffe7917e000 	C:\Program Files\Java\jdk-21.0.2\bin\sunmscapi.dll
0x00007ffebcaa0000 - 0x00007ffebcc17000 	C:\WINDOWS\System32\CRYPT32.dll
0x00007ffebc3c0000 - 0x00007ffebc3f0000 	C:\WINDOWS\SYSTEM32\ncrypt.dll
0x00007ffebc370000 - 0x00007ffebc3af000 	C:\WINDOWS\SYSTEM32\NTASN1.dll

dbghelp: loaded successfully - version: 4.0.5 - missing functions: none
symbol engine: initialized successfully - sym options: 0x614 - pdb path: .;C:\Program Files\Java\jdk-21.0.2\bin;C:\WINDOWS\SYSTEM32;C:\WINDOWS\WinSxS\amd64_microsoft.windows.common-controls_6595b64144ccf1df_6.0.26100.8037_none_3e092faae333b53b;C:\Program Files\Java\jdk-21.0.2\bin\server;C:\Users\anh71\.m2\wrapper\dists\apache-maven-3.9.12\59fe215c0ad6947fea90184bf7add084544567b927287592651fda3782e0e798\lib\jansi-native\Windows\x86_64

VM Arguments:
jvm_args: --enable-native-access=ALL-UNNAMED -Xms64m -Xmx256m -XX:+UseSerialGC -XX:MaxMetaspaceSize=128m -Dclassworlds.conf=C:\Users\anh71\.m2\wrapper\dists\apache-maven-3.9.12\59fe215c0ad6947fea90184bf7add084544567b927287592651fda3782e0e798\bin\m2.conf -Dmaven.home=C:\Users\anh71\.m2\wrapper\dists\apache-maven-3.9.12\59fe215c0ad6947fea90184bf7add084544567b927287592651fda3782e0e798 -Dlibrary.jansi.path=C:\Users\anh71\.m2\wrapper\dists\apache-maven-3.9.12\59fe215c0ad6947fea90184bf7add084544567b927287592651fda3782e0e798\lib\jansi-native -Dmaven.multiModuleProjectDirectory=D:\be_sme 
java_command: org.codehaus.plexus.classworlds.launcher.Launcher -DskipTests spring-boot:run
java_class_path (initial): C:\Users\anh71\.m2\wrapper\dists\apache-maven-3.9.12\59fe215c0ad6947fea90184bf7add084544567b927287592651fda3782e0e798\boot\plexus-classworlds-2.9.0.jar
Launcher Type: SUN_STANDARD

[Global flags]
     intx CICompilerCount                          = 12                                        {product} {ergonomic}
   size_t CompressedClassSpaceSize                 = 117440512                                 {product} {ergonomic}
   size_t InitialHeapSize                          = 67108864                                  {product} {command line}
   size_t MaxHeapSize                              = 268435456                                 {product} {command line}
   size_t MaxMetaspaceSize                         = 134217728                                 {product} {command line}
   size_t MaxNewSize                               = 89456640                                  {product} {ergonomic}
   size_t MinHeapDeltaBytes                        = 196608                                    {product} {ergonomic}
   size_t MinHeapSize                              = 67108864                                  {product} {command line}
   size_t NewSize                                  = 22347776                                  {product} {ergonomic}
    uintx NonNMethodCodeHeapSize                   = 7602480                                {pd product} {ergonomic}
    uintx NonProfiledCodeHeapSize                  = 122027880                              {pd product} {ergonomic}
   size_t OldSize                                  = 44761088                                  {product} {ergonomic}
    uintx ProfiledCodeHeapSize                     = 122027880                              {pd product} {ergonomic}
    uintx ReservedCodeCacheSize                    = 251658240                              {pd product} {ergonomic}
     bool SegmentedCodeCache                       = true                                      {product} {ergonomic}
   size_t SoftMaxHeapSize                          = 268435456                              {manageable} {ergonomic}
     bool UseCompressedOops                        = true                           {product lp64_product} {ergonomic}
     bool UseLargePagesIndividualAllocation        = false                                  {pd product} {ergonomic}
     bool UseSerialGC                              = true                                      {product} {command line}

Logging:
Log output configuration:
 #0: stdout all=warning uptime,level,tags foldmultilines=false
 #1: stderr all=off uptime,level,tags foldmultilines=false

Environment Variables:
JAVA_HOME=C:\Program Files\Java\jdk-21.0.2
CLASSPATH=.;C:\Program Files\Java\jdk1.8.0_202\lib;C:\Program Files\Java\jdk1.8.0_202\jre\lib;
PATH=c:\Users\Admin\AppData\Local\Programs\cursor\resources\app\bin;D:\Java\jdk-17\bin;C:\Python312\Scripts\;C:\Python312\;C:\Program Files\Common Files\Oracle\Java\javapath;C:\Program Files (x86)\Common Files\Oracle\Java\java8path;C:\Program Files (x86)\Common Files\Oracle\Java\javapath;C:\WINDOWS\system32;C:\WINDOWS;C:\WINDOWS\System32\Wbem;C:\WINDOWS\System32\WindowsPowerShell\v1.0\;C:\WINDOWS\System32\OpenSSH\;C:\Program Files (x86)\Microsoft SQL Server\160\Tools\Binn\;C:\Program Files\Microsoft SQL Server\160\Tools\Binn\;C:\Program Files\Microsoft SQL Server\Client SDK\ODBC\170\Tools\Binn\;C:\Program Files\Microsoft SQL Server\160\DTS\Binn\;C:\Program Files\Java\jdk1.8.0_202\bin;C:\ProgramData\chocolatey\bin;C:\Program Files\Git\cmd;C:\Program Files\Git\bin\;D:\Java\apache-maven-3.9.6\bin;C:\Program Files\dotnet\;C:\Program Files\GitHub CLI\;C:\Program Files\Stripe;C:\Program Files\Redis\;C:\Program Files\Gradle;C:\Program Files\PostgreSQL\17\bin;C:\Program Files\Docker\Docker\resources\bin;C:\Program Files\;C:\Users\Admin\AppData\Local\Android\Sdk\platform-tools;C:\Users\Admin\AppData\Local\Android\Sdk\tools;C:\Users\Admin\AppData\Local\Android\Sdk\platform-tools;C:\Program Files\Java\jdk-21.0.2\bin;C:\WINDOWS\system32;C:\WINDOWS;C:\WINDOWS\System32\Wbem;C:\WINDOWS\System32\WindowsPowerShell\v1.0\;C:\WINDOWS\System32\OpenSSH\;C:\Program Files\Go\bin;C:\Program Files\apache-maven-3.9.12\bin;C:\Program Files\nodejs\;c:\Users\anh71\AppData\Local\Programs\cursor\resources\app\codeBin;C:\Users\anh71\AppData\Local\Microsoft\WindowsApps;C:\Users\anh71\.dotnet\tools;C:\Users\anh71\AppData\Local\Programs\cursor\resources\app\bin;C:\Users\anh71\AppData\Roaming\npm
USERNAME=anh71
TERM=dumb
OS=Windows_NT
PROCESSOR_IDENTIFIER=Intel64 Family 6 Model 141 Stepping 1, GenuineIntel
TMP=C:\Users\anh71\AppData\Local\Temp
TEMP=C:\Users\anh71\AppData\Local\Temp




Periodic native trim disabled

---------------  S Y S T E M  ---------------

OS:
 Windows 11 , 64 bit Build 26100 (10.0.26100.7920)
OS uptime: 28 days 21:44 hours
Hyper-V role detected

CPU: total 16 (initial active 16) (8 cores per cpu, 2 threads per core) family 6 model 141 stepping 1 microcode 0x46, cx8, cmov, fxsr, ht, mmx, 3dnowpref, sse, sse2, sse3, ssse3, sse4.1, sse4.2, popcnt, lzcnt, tsc, tscinvbit, avx, avx2, aes, erms, clmul, bmi1, bmi2, adx, avx512f, avx512dq, avx512cd, avx512bw, avx512vl, sha, fma, vzeroupper, avx512_vpopcntdq, avx512_vpclmulqdq, avx512_vaes, avx512_vnni, clflush, clflushopt, clwb, avx512_vbmi2, avx512_vbmi, hv, rdtscp, rdpid, fsrm, gfni, avx512_bitalg, f16c, cet_ibt, cet_ss, avx512_ifma
Processor Information for all 16 processors :
  Max Mhz: 2304, Current Mhz: 2304, Mhz Limit: 2304

Memory: 4k page, system-wide physical 16107M (1145M free)
TotalPageFile size 24299M (AvailPageFile size 27M)
current process WorkingSet (physical memory assigned to process): 376M, peak: 396M
current process commit charge ("private bytes"): 411M, peak: 433M

vm_info: OpenJDK 64-Bit Server VM (21.0.2+13-58) for windows-amd64 JRE (21.0.2+13-58), built on 2024-01-05T18:32:24Z by "mach5one" with MS VC++ 17.1 (VS2022)

END.
